{
    "meta": {
        "format": 3,
        "version": "7.6.10",
        "timestamp": "2025-01-25T07:34:18.574401",
        "branch_coverage": false,
        "show_contexts": false
    },
    "files": {
        "pelage/__init__.py": {
            "executed_lines": [
                3
            ],
            "summary": {
                "covered_lines": 1,
                "num_statements": 1,
                "percent_covered": 100.0,
                "percent_covered_display": "100",
                "missing_lines": 0,
                "excluded_lines": 0
            },
            "missing_lines": [],
            "excluded_lines": [],
            "functions": {
                "": {
                    "executed_lines": [
                        3
                    ],
                    "summary": {
                        "covered_lines": 1,
                        "num_statements": 1,
                        "percent_covered": 100.0,
                        "percent_covered_display": "100",
                        "missing_lines": 0,
                        "excluded_lines": 0
                    },
                    "missing_lines": [],
                    "excluded_lines": []
                }
            },
            "classes": {
                "": {
                    "executed_lines": [
                        3
                    ],
                    "summary": {
                        "covered_lines": 1,
                        "num_statements": 1,
                        "percent_covered": 100.0,
                        "percent_covered_display": "100",
                        "missing_lines": 0,
                        "excluded_lines": 0
                    },
                    "missing_lines": [],
                    "excluded_lines": []
                }
            }
        },
        "pelage/checks.py": {
            "executed_lines": [
                1,
                6,
                8,
                9,
                11,
                13,
                14,
                16,
                17,
                20,
                22,
                26,
                30,
                32,
                35,
                36,
                39,
                40,
                64,
                67,
                68,
                70,
                71,
                73,
                74,
                76,
                79,
                163,
                164,
                168,
                169,
                172,
                173,
                175,
                176,
                180,
                182,
                184,
                185,
                187,
                188,
                190,
                191,
                194,
                197,
                199,
                200,
                202,
                204,
                205,
                210,
                216,
                268,
                270,
                271,
                276,
                277,
                278,
                281,
                284,
                285,
                286,
                288,
                291,
                354,
                356,
                357,
                358,
                359,
                361,
                362,
                363,
                364,
                365,
                366,
                369,
                370,
                371,
                372,
                373,
                375,
                378,
                430,
                431,
                444,
                445,
                447,
                448,
                451,
                454,
                458,
                459,
                460,
                461,
                463,
                466,
                520,
                521,
                523,
                524,
                526,
                527,
                530,
                533,
                587,
                588,
                590,
                591,
                593,
                594,
                598,
                601,
                605,
                606,
                608,
                611,
                664,
                665,
                668,
                669,
                671,
                672,
                676,
                679,
                770,
                772,
                773,
                774,
                780,
                786,
                787,
                796,
                803,
                804,
                806,
                807,
                808,
                813,
                816,
                869,
                872,
                874,
                875,
                877,
                878,
                883,
                888,
                891,
                945,
                948,
                950,
                951,
                953,
                954,
                959,
                963,
                966,
                1045,
                1046,
                1052,
                1053,
                1055,
                1056,
                1060,
                1062,
                1063,
                1064,
                1066,
                1068,
                1069,
                1072,
                1075,
                1076,
                1077,
                1078,
                1079,
                1080,
                1081,
                1082,
                1083,
                1086,
                1089,
                1090,
                1092,
                1094,
                1105,
                1214,
                1218,
                1219,
                1220,
                1222,
                1224,
                1225,
                1226,
                1237,
                1248,
                1249,
                1251,
                1252,
                1254,
                1263,
                1264,
                1268,
                1271,
                1274,
                1275,
                1280,
                1283,
                1365,
                1367,
                1369,
                1370,
                1371,
                1382,
                1393,
                1394,
                1396,
                1397,
                1401,
                1404,
                1412,
                1413,
                1415,
                1417,
                1418,
                1421,
                1424,
                1504,
                1507,
                1511,
                1513,
                1514,
                1516,
                1517,
                1520,
                1523,
                1571,
                1572,
                1574,
                1576,
                1577,
                1579,
                1581,
                1582,
                1583,
                1584,
                1585,
                1587,
                1588,
                1589,
                1591,
                1594,
                1720,
                1722,
                1724,
                1727,
                1728,
                1730,
                1732,
                1734,
                1735,
                1736,
                1737,
                1738,
                1739,
                1741,
                1743,
                1744,
                1748,
                1750,
                1751,
                1753,
                1754,
                1758,
                1770,
                1771,
                1773,
                1774,
                1778,
                1781,
                1783,
                1784,
                1788,
                1791,
                1850,
                1851,
                1853,
                1854,
                1856,
                1857,
                1861,
                1864,
                1943,
                1944,
                1946,
                1947,
                1948,
                1950,
                1952,
                1961,
                1962,
                1964,
                1965,
                1970,
                1974,
                1977,
                1978,
                1979,
                1981,
                1984,
                2052,
                2054,
                2058,
                2071,
                2074,
                2075,
                2077,
                2081,
                2082,
                2084,
                2086,
                2087,
                2088,
                2097
            ],
            "summary": {
                "covered_lines": 322,
                "num_statements": 322,
                "percent_covered": 100.0,
                "percent_covered_display": "100",
                "missing_lines": 0,
                "excluded_lines": 0
            },
            "missing_lines": [],
            "excluded_lines": [],
            "functions": {
                "_has_sufficient_polars_version": {
                    "executed_lines": [
                        36
                    ],
                    "summary": {
                        "covered_lines": 1,
                        "num_statements": 1,
                        "percent_covered": 100.0,
                        "percent_covered_display": "100",
                        "missing_lines": 0,
                        "excluded_lines": 0
                    },
                    "missing_lines": [],
                    "excluded_lines": []
                },
                "PolarsAssertError.__init__": {
                    "executed_lines": [
                        67,
                        68
                    ],
                    "summary": {
                        "covered_lines": 2,
                        "num_statements": 2,
                        "percent_covered": 100.0,
                        "percent_covered_display": "100",
                        "missing_lines": 0,
                        "excluded_lines": 0
                    },
                    "missing_lines": [],
                    "excluded_lines": []
                },
                "PolarsAssertError.__str__": {
                    "executed_lines": [
                        71,
                        73,
                        74,
                        76
                    ],
                    "summary": {
                        "covered_lines": 4,
                        "num_statements": 4,
                        "percent_covered": 100.0,
                        "percent_covered_display": "100",
                        "missing_lines": 0,
                        "excluded_lines": 0
                    },
                    "missing_lines": [],
                    "excluded_lines": []
                },
                "has_shape": {
                    "executed_lines": [
                        163,
                        164,
                        168,
                        169,
                        172,
                        173,
                        175,
                        176,
                        180,
                        182,
                        184,
                        185,
                        187,
                        188,
                        190,
                        191,
                        194
                    ],
                    "summary": {
                        "covered_lines": 17,
                        "num_statements": 17,
                        "percent_covered": 100.0,
                        "percent_covered_display": "100",
                        "missing_lines": 0,
                        "excluded_lines": 0
                    },
                    "missing_lines": [],
                    "excluded_lines": []
                },
                "_get_frame_shape": {
                    "executed_lines": [
                        199,
                        200,
                        202,
                        204,
                        205,
                        210
                    ],
                    "summary": {
                        "covered_lines": 6,
                        "num_statements": 6,
                        "percent_covered": 100.0,
                        "percent_covered_display": "100",
                        "missing_lines": 0,
                        "excluded_lines": 0
                    },
                    "missing_lines": [],
                    "excluded_lines": []
                },
                "has_columns": {
                    "executed_lines": [
                        268,
                        270,
                        271,
                        276,
                        277,
                        278,
                        281
                    ],
                    "summary": {
                        "covered_lines": 7,
                        "num_statements": 7,
                        "percent_covered": 100.0,
                        "percent_covered_display": "100",
                        "missing_lines": 0,
                        "excluded_lines": 0
                    },
                    "missing_lines": [],
                    "excluded_lines": []
                },
                "_get_lazyframe_columns": {
                    "executed_lines": [
                        285,
                        286,
                        288
                    ],
                    "summary": {
                        "covered_lines": 3,
                        "num_statements": 3,
                        "percent_covered": 100.0,
                        "percent_covered_display": "100",
                        "missing_lines": 0,
                        "excluded_lines": 0
                    },
                    "missing_lines": [],
                    "excluded_lines": []
                },
                "has_dtypes": {
                    "executed_lines": [
                        354,
                        356,
                        357,
                        358,
                        359,
                        361,
                        362,
                        363,
                        364,
                        365,
                        366
                    ],
                    "summary": {
                        "covered_lines": 11,
                        "num_statements": 11,
                        "percent_covered": 100.0,
                        "percent_covered_display": "100",
                        "missing_lines": 0,
                        "excluded_lines": 0
                    },
                    "missing_lines": [],
                    "excluded_lines": []
                },
                "_get_frame_schema": {
                    "executed_lines": [
                        370,
                        371,
                        372,
                        373,
                        375
                    ],
                    "summary": {
                        "covered_lines": 5,
                        "num_statements": 5,
                        "percent_covered": 100.0,
                        "percent_covered_display": "100",
                        "missing_lines": 0,
                        "excluded_lines": 0
                    },
                    "missing_lines": [],
                    "excluded_lines": []
                },
                "has_no_nulls": {
                    "executed_lines": [
                        430,
                        431,
                        444,
                        445,
                        447,
                        448,
                        451
                    ],
                    "summary": {
                        "covered_lines": 7,
                        "num_statements": 7,
                        "percent_covered": 100.0,
                        "percent_covered_display": "100",
                        "missing_lines": 0,
                        "excluded_lines": 0
                    },
                    "missing_lines": [],
                    "excluded_lines": []
                },
                "_sanitize_column_inputs": {
                    "executed_lines": [
                        458,
                        459,
                        460,
                        461,
                        463
                    ],
                    "summary": {
                        "covered_lines": 5,
                        "num_statements": 5,
                        "percent_covered": 100.0,
                        "percent_covered_display": "100",
                        "missing_lines": 0,
                        "excluded_lines": 0
                    },
                    "missing_lines": [],
                    "excluded_lines": []
                },
                "has_no_infs": {
                    "executed_lines": [
                        520,
                        521,
                        523,
                        524,
                        526,
                        527,
                        530
                    ],
                    "summary": {
                        "covered_lines": 7,
                        "num_statements": 7,
                        "percent_covered": 100.0,
                        "percent_covered_display": "100",
                        "missing_lines": 0,
                        "excluded_lines": 0
                    },
                    "missing_lines": [],
                    "excluded_lines": []
                },
                "unique": {
                    "executed_lines": [
                        587,
                        588,
                        590,
                        591,
                        593,
                        594,
                        598
                    ],
                    "summary": {
                        "covered_lines": 7,
                        "num_statements": 7,
                        "percent_covered": 100.0,
                        "percent_covered_display": "100",
                        "missing_lines": 0,
                        "excluded_lines": 0
                    },
                    "missing_lines": [],
                    "excluded_lines": []
                },
                "_safe_group_by_length": {
                    "executed_lines": [
                        605,
                        606,
                        608
                    ],
                    "summary": {
                        "covered_lines": 3,
                        "num_statements": 3,
                        "percent_covered": 100.0,
                        "percent_covered_display": "100",
                        "missing_lines": 0,
                        "excluded_lines": 0
                    },
                    "missing_lines": [],
                    "excluded_lines": []
                },
                "unique_combination_of_columns": {
                    "executed_lines": [
                        664,
                        665,
                        668,
                        669,
                        671,
                        672,
                        676
                    ],
                    "summary": {
                        "covered_lines": 7,
                        "num_statements": 7,
                        "percent_covered": 100.0,
                        "percent_covered_display": "100",
                        "missing_lines": 0,
                        "excluded_lines": 0
                    },
                    "missing_lines": [],
                    "excluded_lines": []
                },
                "not_constant": {
                    "executed_lines": [
                        770,
                        772,
                        773,
                        774,
                        780,
                        786,
                        787,
                        796,
                        803,
                        804,
                        806,
                        807,
                        808,
                        813
                    ],
                    "summary": {
                        "covered_lines": 14,
                        "num_statements": 14,
                        "percent_covered": 100.0,
                        "percent_covered_display": "100",
                        "missing_lines": 0,
                        "excluded_lines": 0
                    },
                    "missing_lines": [],
                    "excluded_lines": []
                },
                "accepted_values": {
                    "executed_lines": [
                        869,
                        872,
                        874,
                        875,
                        877,
                        878,
                        883,
                        888
                    ],
                    "summary": {
                        "covered_lines": 8,
                        "num_statements": 8,
                        "percent_covered": 100.0,
                        "percent_covered_display": "100",
                        "missing_lines": 0,
                        "excluded_lines": 0
                    },
                    "missing_lines": [],
                    "excluded_lines": []
                },
                "not_accepted_values": {
                    "executed_lines": [
                        945,
                        948,
                        950,
                        951,
                        953,
                        954,
                        959,
                        963
                    ],
                    "summary": {
                        "covered_lines": 8,
                        "num_statements": 8,
                        "percent_covered": 100.0,
                        "percent_covered_display": "100",
                        "missing_lines": 0,
                        "excluded_lines": 0
                    },
                    "missing_lines": [],
                    "excluded_lines": []
                },
                "has_mandatory_values": {
                    "executed_lines": [
                        1045,
                        1046,
                        1052,
                        1053,
                        1055,
                        1056,
                        1060,
                        1062,
                        1063,
                        1064,
                        1066,
                        1068,
                        1069,
                        1072
                    ],
                    "summary": {
                        "covered_lines": 14,
                        "num_statements": 14,
                        "percent_covered": 100.0,
                        "percent_covered_display": "100",
                        "missing_lines": 0,
                        "excluded_lines": 0
                    },
                    "missing_lines": [],
                    "excluded_lines": []
                },
                "_format_missing_elements": {
                    "executed_lines": [
                        1076,
                        1077,
                        1078,
                        1079,
                        1080,
                        1081,
                        1082,
                        1083
                    ],
                    "summary": {
                        "covered_lines": 8,
                        "num_statements": 8,
                        "percent_covered": 100.0,
                        "percent_covered_display": "100",
                        "missing_lines": 0,
                        "excluded_lines": 0
                    },
                    "missing_lines": [],
                    "excluded_lines": []
                },
                "compare_sets_per_column": {
                    "executed_lines": [
                        1089,
                        1090,
                        1092,
                        1094
                    ],
                    "summary": {
                        "covered_lines": 4,
                        "num_statements": 4,
                        "percent_covered": 100.0,
                        "percent_covered_display": "100",
                        "missing_lines": 0,
                        "excluded_lines": 0
                    },
                    "missing_lines": [],
                    "excluded_lines": []
                },
                "not_null_proportion": {
                    "executed_lines": [
                        1214,
                        1218,
                        1219,
                        1220,
                        1222,
                        1224,
                        1225,
                        1226,
                        1237,
                        1248,
                        1249,
                        1251,
                        1252,
                        1254,
                        1263,
                        1264,
                        1268
                    ],
                    "summary": {
                        "covered_lines": 17,
                        "num_statements": 17,
                        "percent_covered": 100.0,
                        "percent_covered_display": "100",
                        "missing_lines": 0,
                        "excluded_lines": 0
                    },
                    "missing_lines": [],
                    "excluded_lines": []
                },
                "_format_ranges_by_columns": {
                    "executed_lines": [
                        1274,
                        1275,
                        1280
                    ],
                    "summary": {
                        "covered_lines": 3,
                        "num_statements": 3,
                        "percent_covered": 100.0,
                        "percent_covered_display": "100",
                        "missing_lines": 0,
                        "excluded_lines": 0
                    },
                    "missing_lines": [],
                    "excluded_lines": []
                },
                "at_least_one": {
                    "executed_lines": [
                        1365,
                        1367,
                        1369,
                        1370,
                        1371,
                        1382,
                        1393,
                        1394,
                        1396,
                        1397,
                        1401,
                        1404,
                        1412,
                        1413,
                        1415,
                        1417,
                        1418,
                        1421
                    ],
                    "summary": {
                        "covered_lines": 18,
                        "num_statements": 18,
                        "percent_covered": 100.0,
                        "percent_covered_display": "100",
                        "missing_lines": 0,
                        "excluded_lines": 0
                    },
                    "missing_lines": [],
                    "excluded_lines": []
                },
                "accepted_range": {
                    "executed_lines": [
                        1504,
                        1507,
                        1511,
                        1513,
                        1514,
                        1516,
                        1517,
                        1520
                    ],
                    "summary": {
                        "covered_lines": 8,
                        "num_statements": 8,
                        "percent_covered": 100.0,
                        "percent_covered_display": "100",
                        "missing_lines": 0,
                        "excluded_lines": 0
                    },
                    "missing_lines": [],
                    "excluded_lines": []
                },
                "maintains_relationships": {
                    "executed_lines": [
                        1571,
                        1572,
                        1574,
                        1576,
                        1577,
                        1579,
                        1581,
                        1582,
                        1583,
                        1584,
                        1585,
                        1587,
                        1588,
                        1589,
                        1591
                    ],
                    "summary": {
                        "covered_lines": 15,
                        "num_statements": 15,
                        "percent_covered": 100.0,
                        "percent_covered_display": "100",
                        "missing_lines": 0,
                        "excluded_lines": 0
                    },
                    "missing_lines": [],
                    "excluded_lines": []
                },
                "is_monotonic": {
                    "executed_lines": [
                        1720,
                        1722,
                        1724,
                        1727,
                        1728,
                        1730,
                        1732,
                        1734,
                        1735,
                        1736,
                        1737,
                        1738,
                        1739,
                        1741,
                        1743,
                        1744,
                        1748,
                        1750,
                        1751,
                        1753,
                        1754,
                        1758,
                        1770,
                        1771,
                        1773,
                        1774,
                        1778,
                        1781,
                        1783,
                        1784,
                        1788
                    ],
                    "summary": {
                        "covered_lines": 31,
                        "num_statements": 31,
                        "percent_covered": 100.0,
                        "percent_covered_display": "100",
                        "missing_lines": 0,
                        "excluded_lines": 0
                    },
                    "missing_lines": [],
                    "excluded_lines": []
                },
                "custom_check": {
                    "executed_lines": [
                        1850,
                        1851,
                        1853,
                        1854,
                        1856,
                        1857,
                        1861
                    ],
                    "summary": {
                        "covered_lines": 7,
                        "num_statements": 7,
                        "percent_covered": 100.0,
                        "percent_covered_display": "100",
                        "missing_lines": 0,
                        "excluded_lines": 0
                    },
                    "missing_lines": [],
                    "excluded_lines": []
                },
                "mutually_exclusive_ranges": {
                    "executed_lines": [
                        1943,
                        1944,
                        1946,
                        1947,
                        1948,
                        1950,
                        1952,
                        1961,
                        1962,
                        1964,
                        1965,
                        1970,
                        1974
                    ],
                    "summary": {
                        "covered_lines": 13,
                        "num_statements": 13,
                        "percent_covered": 100.0,
                        "percent_covered_display": "100",
                        "missing_lines": 0,
                        "excluded_lines": 0
                    },
                    "missing_lines": [],
                    "excluded_lines": []
                },
                "_add_row_index": {
                    "executed_lines": [
                        1978,
                        1979,
                        1981
                    ],
                    "summary": {
                        "covered_lines": 3,
                        "num_statements": 3,
                        "percent_covered": 100.0,
                        "percent_covered_display": "100",
                        "missing_lines": 0,
                        "excluded_lines": 0
                    },
                    "missing_lines": [],
                    "excluded_lines": []
                },
                "column_is_within_n_std": {
                    "executed_lines": [
                        2052,
                        2054,
                        2058,
                        2071,
                        2074,
                        2075,
                        2077,
                        2081,
                        2082,
                        2084,
                        2086,
                        2087,
                        2088,
                        2097
                    ],
                    "summary": {
                        "covered_lines": 14,
                        "num_statements": 14,
                        "percent_covered": 100.0,
                        "percent_covered_display": "100",
                        "missing_lines": 0,
                        "excluded_lines": 0
                    },
                    "missing_lines": [],
                    "excluded_lines": []
                },
                "": {
                    "executed_lines": [
                        1,
                        6,
                        8,
                        9,
                        11,
                        13,
                        14,
                        16,
                        17,
                        20,
                        22,
                        26,
                        30,
                        32,
                        35,
                        39,
                        40,
                        64,
                        70,
                        79,
                        197,
                        216,
                        284,
                        291,
                        369,
                        378,
                        454,
                        466,
                        533,
                        601,
                        611,
                        679,
                        816,
                        891,
                        966,
                        1075,
                        1086,
                        1105,
                        1271,
                        1283,
                        1424,
                        1523,
                        1594,
                        1791,
                        1864,
                        1977,
                        1984
                    ],
                    "summary": {
                        "covered_lines": 45,
                        "num_statements": 45,
                        "percent_covered": 100.0,
                        "percent_covered_display": "100",
                        "missing_lines": 0,
                        "excluded_lines": 0
                    },
                    "missing_lines": [],
                    "excluded_lines": []
                }
            },
            "classes": {
                "PolarsAssertError": {
                    "executed_lines": [
                        67,
                        68,
                        71,
                        73,
                        74,
                        76
                    ],
                    "summary": {
                        "covered_lines": 6,
                        "num_statements": 6,
                        "percent_covered": 100.0,
                        "percent_covered_display": "100",
                        "missing_lines": 0,
                        "excluded_lines": 0
                    },
                    "missing_lines": [],
                    "excluded_lines": []
                },
                "": {
                    "executed_lines": [
                        1,
                        6,
                        8,
                        9,
                        11,
                        13,
                        14,
                        16,
                        17,
                        20,
                        22,
                        26,
                        30,
                        32,
                        35,
                        36,
                        39,
                        40,
                        64,
                        70,
                        79,
                        163,
                        164,
                        168,
                        169,
                        172,
                        173,
                        175,
                        176,
                        180,
                        182,
                        184,
                        185,
                        187,
                        188,
                        190,
                        191,
                        194,
                        197,
                        199,
                        200,
                        202,
                        204,
                        205,
                        210,
                        216,
                        268,
                        270,
                        271,
                        276,
                        277,
                        278,
                        281,
                        284,
                        285,
                        286,
                        288,
                        291,
                        354,
                        356,
                        357,
                        358,
                        359,
                        361,
                        362,
                        363,
                        364,
                        365,
                        366,
                        369,
                        370,
                        371,
                        372,
                        373,
                        375,
                        378,
                        430,
                        431,
                        444,
                        445,
                        447,
                        448,
                        451,
                        454,
                        458,
                        459,
                        460,
                        461,
                        463,
                        466,
                        520,
                        521,
                        523,
                        524,
                        526,
                        527,
                        530,
                        533,
                        587,
                        588,
                        590,
                        591,
                        593,
                        594,
                        598,
                        601,
                        605,
                        606,
                        608,
                        611,
                        664,
                        665,
                        668,
                        669,
                        671,
                        672,
                        676,
                        679,
                        770,
                        772,
                        773,
                        774,
                        780,
                        786,
                        787,
                        796,
                        803,
                        804,
                        806,
                        807,
                        808,
                        813,
                        816,
                        869,
                        872,
                        874,
                        875,
                        877,
                        878,
                        883,
                        888,
                        891,
                        945,
                        948,
                        950,
                        951,
                        953,
                        954,
                        959,
                        963,
                        966,
                        1045,
                        1046,
                        1052,
                        1053,
                        1055,
                        1056,
                        1060,
                        1062,
                        1063,
                        1064,
                        1066,
                        1068,
                        1069,
                        1072,
                        1075,
                        1076,
                        1077,
                        1078,
                        1079,
                        1080,
                        1081,
                        1082,
                        1083,
                        1086,
                        1089,
                        1090,
                        1092,
                        1094,
                        1105,
                        1214,
                        1218,
                        1219,
                        1220,
                        1222,
                        1224,
                        1225,
                        1226,
                        1237,
                        1248,
                        1249,
                        1251,
                        1252,
                        1254,
                        1263,
                        1264,
                        1268,
                        1271,
                        1274,
                        1275,
                        1280,
                        1283,
                        1365,
                        1367,
                        1369,
                        1370,
                        1371,
                        1382,
                        1393,
                        1394,
                        1396,
                        1397,
                        1401,
                        1404,
                        1412,
                        1413,
                        1415,
                        1417,
                        1418,
                        1421,
                        1424,
                        1504,
                        1507,
                        1511,
                        1513,
                        1514,
                        1516,
                        1517,
                        1520,
                        1523,
                        1571,
                        1572,
                        1574,
                        1576,
                        1577,
                        1579,
                        1581,
                        1582,
                        1583,
                        1584,
                        1585,
                        1587,
                        1588,
                        1589,
                        1591,
                        1594,
                        1720,
                        1722,
                        1724,
                        1727,
                        1728,
                        1730,
                        1732,
                        1734,
                        1735,
                        1736,
                        1737,
                        1738,
                        1739,
                        1741,
                        1743,
                        1744,
                        1748,
                        1750,
                        1751,
                        1753,
                        1754,
                        1758,
                        1770,
                        1771,
                        1773,
                        1774,
                        1778,
                        1781,
                        1783,
                        1784,
                        1788,
                        1791,
                        1850,
                        1851,
                        1853,
                        1854,
                        1856,
                        1857,
                        1861,
                        1864,
                        1943,
                        1944,
                        1946,
                        1947,
                        1948,
                        1950,
                        1952,
                        1961,
                        1962,
                        1964,
                        1965,
                        1970,
                        1974,
                        1977,
                        1978,
                        1979,
                        1981,
                        1984,
                        2052,
                        2054,
                        2058,
                        2071,
                        2074,
                        2075,
                        2077,
                        2081,
                        2082,
                        2084,
                        2086,
                        2087,
                        2088,
                        2097
                    ],
                    "summary": {
                        "covered_lines": 316,
                        "num_statements": 316,
                        "percent_covered": 100.0,
                        "percent_covered_display": "100",
                        "missing_lines": 0,
                        "excluded_lines": 0
                    },
                    "missing_lines": [],
                    "excluded_lines": []
                }
            }
        },
        "pelage/utils.py": {
            "executed_lines": [
                1,
                3,
                6,
                7,
                8,
                11,
                13,
                18,
                23
            ],
            "summary": {
                "covered_lines": 9,
                "num_statements": 9,
                "percent_covered": 100.0,
                "percent_covered_display": "100",
                "missing_lines": 0,
                "excluded_lines": 0
            },
            "missing_lines": [],
            "excluded_lines": [],
            "functions": {
                "_list_defective_columns": {
                    "executed_lines": [
                        7,
                        8
                    ],
                    "summary": {
                        "covered_lines": 2,
                        "num_statements": 2,
                        "percent_covered": 100.0,
                        "percent_covered_display": "100",
                        "missing_lines": 0,
                        "excluded_lines": 0
                    },
                    "missing_lines": [],
                    "excluded_lines": []
                },
                "compare_schema": {
                    "executed_lines": [
                        13,
                        18,
                        23
                    ],
                    "summary": {
                        "covered_lines": 3,
                        "num_statements": 3,
                        "percent_covered": 100.0,
                        "percent_covered_display": "100",
                        "missing_lines": 0,
                        "excluded_lines": 0
                    },
                    "missing_lines": [],
                    "excluded_lines": []
                },
                "": {
                    "executed_lines": [
                        1,
                        3,
                        6,
                        11
                    ],
                    "summary": {
                        "covered_lines": 4,
                        "num_statements": 4,
                        "percent_covered": 100.0,
                        "percent_covered_display": "100",
                        "missing_lines": 0,
                        "excluded_lines": 0
                    },
                    "missing_lines": [],
                    "excluded_lines": []
                }
            },
            "classes": {
                "": {
                    "executed_lines": [
                        1,
                        3,
                        6,
                        7,
                        8,
                        11,
                        13,
                        18,
                        23
                    ],
                    "summary": {
                        "covered_lines": 9,
                        "num_statements": 9,
                        "percent_covered": 100.0,
                        "percent_covered_display": "100",
                        "missing_lines": 0,
                        "excluded_lines": 0
                    },
                    "missing_lines": [],
                    "excluded_lines": []
                }
            }
        },
        "tests/__init__.py": {
            "executed_lines": [
                1
            ],
            "summary": {
                "covered_lines": 0,
                "num_statements": 0,
                "percent_covered": 100.0,
                "percent_covered_display": "100",
                "missing_lines": 0,
                "excluded_lines": 0
            },
            "missing_lines": [],
            "excluded_lines": [],
            "functions": {
                "": {
                    "executed_lines": [],
                    "summary": {
                        "covered_lines": 0,
                        "num_statements": 0,
                        "percent_covered": 100.0,
                        "percent_covered_display": "100",
                        "missing_lines": 0,
                        "excluded_lines": 0
                    },
                    "missing_lines": [],
                    "excluded_lines": []
                }
            },
            "classes": {
                "": {
                    "executed_lines": [],
                    "summary": {
                        "covered_lines": 0,
                        "num_statements": 0,
                        "percent_covered": 100.0,
                        "percent_covered_display": "100",
                        "missing_lines": 0,
                        "excluded_lines": 0
                    },
                    "missing_lines": [],
                    "excluded_lines": []
                }
            }
        },
        "tests/test_checks.py": {
            "executed_lines": [
                1,
                2,
                4,
                5,
                6,
                8,
                9,
                12,
                13,
                14,
                16,
                30,
                31,
                34,
                35,
                37,
                43,
                44,
                47,
                48,
                54,
                55,
                58,
                67,
                68,
                69,
                72,
                73,
                74,
                77,
                78,
                79,
                80,
                81,
                84,
                85,
                88,
                94,
                95,
                98,
                99,
                100,
                103,
                109,
                110,
                113,
                114,
                115,
                118,
                124,
                125,
                128,
                129,
                132,
                139,
                140,
                143,
                144,
                147,
                153,
                154,
                157,
                158,
                159,
                160,
                161,
                164,
                165,
                166,
                167,
                168,
                171,
                172,
                175,
                176,
                177,
                179,
                180,
                181,
                184,
                185,
                186,
                187,
                188,
                191,
                192,
                195,
                196,
                197,
                199,
                202,
                203,
                206,
                207,
                208,
                211,
                212,
                215,
                216,
                217,
                219,
                220,
                221,
                224,
                225,
                226,
                227,
                230,
                233,
                236,
                237,
                240,
                241,
                242,
                243,
                244,
                247,
                254,
                257,
                261,
                262,
                263,
                266,
                269,
                272,
                273,
                276,
                283,
                286,
                287,
                288,
                289,
                292,
                295,
                298,
                299,
                302,
                303,
                304,
                305,
                307,
                308,
                309,
                312,
                313,
                314,
                315,
                316,
                319,
                320,
                321,
                322,
                325,
                328,
                331,
                332,
                335,
                336,
                337,
                338,
                340,
                341,
                342,
                345,
                346,
                352,
                353,
                356,
                357,
                363,
                364,
                366,
                369,
                376,
                377,
                378,
                379,
                382,
                383,
                384,
                385,
                386,
                389,
                396,
                399,
                401,
                402,
                404,
                405,
                408,
                409,
                410,
                411,
                414,
                415,
                416,
                417,
                420,
                427,
                430,
                432,
                433,
                436,
                443,
                446,
                447,
                449,
                450,
                453,
                454,
                455,
                456,
                459,
                460,
                461,
                462,
                465,
                472,
                475,
                476,
                479,
                486,
                489,
                490,
                492,
                493,
                496,
                497,
                498,
                500,
                508,
                511,
                512,
                513,
                514,
                515,
                518,
                519,
                522,
                523,
                524,
                525,
                526,
                527,
                528,
                529,
                530,
                533,
                534,
                537,
                538,
                539,
                540,
                543,
                544,
                547,
                548,
                549,
                551,
                552,
                555,
                564,
                568,
                569,
                570,
                571,
                574,
                583,
                587,
                588,
                589,
                590,
                593,
                602,
                606,
                607,
                608,
                609,
                610,
                612,
                613,
                614,
                615,
                616,
                619,
                620,
                621,
                622,
                623,
                626,
                627,
                630,
                631,
                632,
                635,
                636,
                639,
                640,
                641,
                644,
                645,
                648,
                649,
                650,
                653,
                654,
                657,
                658,
                659,
                661,
                662,
                665,
                674,
                675,
                676,
                677,
                679,
                681,
                682,
                685,
                696,
                699,
                708,
                709,
                712,
                713,
                716,
                717,
                718,
                720,
                721,
                722,
                725,
                726,
                729,
                730,
                731,
                734,
                735,
                738,
                739,
                740,
                742,
                743,
                744,
                747,
                748,
                749,
                750,
                752,
                753,
                754,
                757,
                758,
                768,
                769,
                772,
                773,
                785,
                786,
                788,
                789,
                792,
                793,
                796,
                804,
                805,
                808,
                809,
                812,
                820,
                823,
                826,
                827,
                828,
                829,
                830,
                831,
                834,
                835,
                838,
                839,
                840,
                843,
                844,
                847,
                848,
                849,
                852,
                853,
                856,
                857,
                858,
                861,
                862,
                865,
                872,
                873,
                875,
                878,
                885,
                886,
                887,
                890,
                897,
                900,
                901,
                904,
                905,
                906,
                907,
                909,
                910,
                913,
                920,
                923,
                924,
                927,
                934,
                937,
                938,
                941,
                942,
                945,
                953,
                954,
                957,
                958,
                961,
                969,
                970,
                973,
                974,
                977,
                989,
                990,
                992,
                993,
                994,
                995,
                998,
                999,
                1002,
                1010,
                1016,
                1019,
                1020,
                1023,
                1025,
                1027,
                1030,
                1031,
                1034,
                1036,
                1037,
                1040,
                1041,
                1044,
                1052,
                1053,
                1055,
                1056,
                1059,
                1060,
                1063,
                1064,
                1065,
                1068,
                1069,
                1072,
                1073,
                1074,
                1077,
                1078,
                1081,
                1083,
                1084,
                1086,
                1087,
                1090,
                1091,
                1094,
                1095,
                1096,
                1099,
                1100,
                1103,
                1109,
                1110
            ],
            "summary": {
                "covered_lines": 489,
                "num_statements": 489,
                "percent_covered": 100.0,
                "percent_covered_display": "100",
                "missing_lines": 0,
                "excluded_lines": 0
            },
            "missing_lines": [],
            "excluded_lines": [],
            "functions": {
                "test_dataframe_error_message_format": {
                    "executed_lines": [
                        13,
                        14,
                        16,
                        30,
                        31
                    ],
                    "summary": {
                        "covered_lines": 5,
                        "num_statements": 5,
                        "percent_covered": 100.0,
                        "percent_covered_display": "100",
                        "missing_lines": 0,
                        "excluded_lines": 0
                    },
                    "missing_lines": [],
                    "excluded_lines": []
                },
                "test_dataframe_error_message_format_accept_only_message": {
                    "executed_lines": [
                        35,
                        37,
                        43,
                        44
                    ],
                    "summary": {
                        "covered_lines": 4,
                        "num_statements": 4,
                        "percent_covered": 100.0,
                        "percent_covered_display": "100",
                        "missing_lines": 0,
                        "excluded_lines": 0
                    },
                    "missing_lines": [],
                    "excluded_lines": []
                },
                "test_dataframe_error_message_format_accepts_no_arguments": {
                    "executed_lines": [
                        48,
                        54,
                        55
                    ],
                    "summary": {
                        "covered_lines": 3,
                        "num_statements": 3,
                        "percent_covered": 100.0,
                        "percent_covered_display": "100",
                        "missing_lines": 0,
                        "excluded_lines": 0
                    },
                    "missing_lines": [],
                    "excluded_lines": []
                },
                "test_sanitize_column_inputs_works_with_": {
                    "executed_lines": [
                        68,
                        69
                    ],
                    "summary": {
                        "covered_lines": 2,
                        "num_statements": 2,
                        "percent_covered": 100.0,
                        "percent_covered_display": "100",
                        "missing_lines": 0,
                        "excluded_lines": 0
                    },
                    "missing_lines": [],
                    "excluded_lines": []
                },
                "test_sanitize_column_inputs_for_type_checker_pl_dtypes": {
                    "executed_lines": [
                        73,
                        74
                    ],
                    "summary": {
                        "covered_lines": 2,
                        "num_statements": 2,
                        "percent_covered": 100.0,
                        "percent_covered_display": "100",
                        "missing_lines": 0,
                        "excluded_lines": 0
                    },
                    "missing_lines": [],
                    "excluded_lines": []
                },
                "test_is_shape": {
                    "executed_lines": [
                        79,
                        80,
                        81
                    ],
                    "summary": {
                        "covered_lines": 3,
                        "num_statements": 3,
                        "percent_covered": 100.0,
                        "percent_covered_display": "100",
                        "missing_lines": 0,
                        "excluded_lines": 0
                    },
                    "missing_lines": [],
                    "excluded_lines": []
                },
                "test_is_shape_should_error_when_expected_shape_has_only_nones": {
                    "executed_lines": [
                        88,
                        94,
                        95
                    ],
                    "summary": {
                        "covered_lines": 3,
                        "num_statements": 3,
                        "percent_covered": 100.0,
                        "percent_covered_display": "100",
                        "missing_lines": 0,
                        "excluded_lines": 0
                    },
                    "missing_lines": [],
                    "excluded_lines": []
                },
                "test_is_shape_should_accept_none_values_to_facilitate_comparison": {
                    "executed_lines": [
                        103,
                        109,
                        110
                    ],
                    "summary": {
                        "covered_lines": 3,
                        "num_statements": 3,
                        "percent_covered": 100.0,
                        "percent_covered_display": "100",
                        "missing_lines": 0,
                        "excluded_lines": 0
                    },
                    "missing_lines": [],
                    "excluded_lines": []
                },
                "test_is_shape_should__error_with_wrong_expected_dimensions": {
                    "executed_lines": [
                        118,
                        124,
                        125
                    ],
                    "summary": {
                        "covered_lines": 3,
                        "num_statements": 3,
                        "percent_covered": 100.0,
                        "percent_covered_display": "100",
                        "missing_lines": 0,
                        "excluded_lines": 0
                    },
                    "missing_lines": [],
                    "excluded_lines": []
                },
                "test_is_shape_should_accept_group_by_option": {
                    "executed_lines": [
                        132,
                        139,
                        140
                    ],
                    "summary": {
                        "covered_lines": 3,
                        "num_statements": 3,
                        "percent_covered": 100.0,
                        "percent_covered_display": "100",
                        "missing_lines": 0,
                        "excluded_lines": 0
                    },
                    "missing_lines": [],
                    "excluded_lines": []
                },
                "test_is_shape_should_should_error_when_row_count_per_group_does_not_match": {
                    "executed_lines": [
                        147,
                        153,
                        154
                    ],
                    "summary": {
                        "covered_lines": 3,
                        "num_statements": 3,
                        "percent_covered": 100.0,
                        "percent_covered_display": "100",
                        "missing_lines": 0,
                        "excluded_lines": 0
                    },
                    "missing_lines": [],
                    "excluded_lines": []
                },
                "test_has_columns": {
                    "executed_lines": [
                        159,
                        160,
                        161
                    ],
                    "summary": {
                        "covered_lines": 3,
                        "num_statements": 3,
                        "percent_covered": 100.0,
                        "percent_covered_display": "100",
                        "missing_lines": 0,
                        "excluded_lines": 0
                    },
                    "missing_lines": [],
                    "excluded_lines": []
                },
                "test_has_columns_accepts_lists": {
                    "executed_lines": [
                        166,
                        167,
                        168
                    ],
                    "summary": {
                        "covered_lines": 3,
                        "num_statements": 3,
                        "percent_covered": 100.0,
                        "percent_covered_display": "100",
                        "missing_lines": 0,
                        "excluded_lines": 0
                    },
                    "missing_lines": [],
                    "excluded_lines": []
                },
                "test_has_columns_should_error_on_missing_column": {
                    "executed_lines": [
                        175,
                        176,
                        177,
                        179,
                        180,
                        181
                    ],
                    "summary": {
                        "covered_lines": 6,
                        "num_statements": 6,
                        "percent_covered": 100.0,
                        "percent_covered_display": "100",
                        "missing_lines": 0,
                        "excluded_lines": 0
                    },
                    "missing_lines": [],
                    "excluded_lines": []
                },
                "test_has_dtypes_accepts_dict": {
                    "executed_lines": [
                        186,
                        187,
                        188
                    ],
                    "summary": {
                        "covered_lines": 3,
                        "num_statements": 3,
                        "percent_covered": 100.0,
                        "percent_covered_display": "100",
                        "missing_lines": 0,
                        "excluded_lines": 0
                    },
                    "missing_lines": [],
                    "excluded_lines": []
                },
                "test_has_dtypes_accepts_dict_should_error_if_types_are_not_matched": {
                    "executed_lines": [
                        195,
                        196,
                        197,
                        199
                    ],
                    "summary": {
                        "covered_lines": 4,
                        "num_statements": 4,
                        "percent_covered": 100.0,
                        "percent_covered_display": "100",
                        "missing_lines": 0,
                        "excluded_lines": 0
                    },
                    "missing_lines": [],
                    "excluded_lines": []
                },
                "test_has_dtypes_accepts_dict_should_error_if_columns_are_missing": {
                    "executed_lines": [
                        206,
                        207,
                        208
                    ],
                    "summary": {
                        "covered_lines": 3,
                        "num_statements": 3,
                        "percent_covered": 100.0,
                        "percent_covered_display": "100",
                        "missing_lines": 0,
                        "excluded_lines": 0
                    },
                    "missing_lines": [],
                    "excluded_lines": []
                },
                "test_has_dtypes_accepts_dict_should_indicate_mismatched_dtypes": {
                    "executed_lines": [
                        215,
                        216,
                        217,
                        219,
                        220,
                        221
                    ],
                    "summary": {
                        "covered_lines": 6,
                        "num_statements": 6,
                        "percent_covered": 100.0,
                        "percent_covered_display": "100",
                        "missing_lines": 0,
                        "excluded_lines": 0
                    },
                    "missing_lines": [],
                    "excluded_lines": []
                },
                "test_is_shape_should_error_on_wrong_shape": {
                    "executed_lines": [
                        225,
                        226,
                        227
                    ],
                    "summary": {
                        "covered_lines": 3,
                        "num_statements": 3,
                        "percent_covered": 100.0,
                        "percent_covered_display": "100",
                        "missing_lines": 0,
                        "excluded_lines": 0
                    },
                    "missing_lines": [],
                    "excluded_lines": []
                },
                "test_has_no_nulls_returns_df_when_all_values_defined": {
                    "executed_lines": [
                        236,
                        237
                    ],
                    "summary": {
                        "covered_lines": 2,
                        "num_statements": 2,
                        "percent_covered": 100.0,
                        "percent_covered_display": "100",
                        "missing_lines": 0,
                        "excluded_lines": 0
                    },
                    "missing_lines": [],
                    "excluded_lines": []
                },
                "test_has_no_nulls_throws_error_on_null_values": {
                    "executed_lines": [
                        242,
                        243,
                        244
                    ],
                    "summary": {
                        "covered_lines": 3,
                        "num_statements": 3,
                        "percent_covered": 100.0,
                        "percent_covered_display": "100",
                        "missing_lines": 0,
                        "excluded_lines": 0
                    },
                    "missing_lines": [],
                    "excluded_lines": []
                },
                "test_has_no_nulls_indicates_columns_with_nulls_in_error_message": {
                    "executed_lines": [
                        257,
                        261,
                        262,
                        263
                    ],
                    "summary": {
                        "covered_lines": 4,
                        "num_statements": 4,
                        "percent_covered": 100.0,
                        "percent_covered_display": "100",
                        "missing_lines": 0,
                        "excluded_lines": 0
                    },
                    "missing_lines": [],
                    "excluded_lines": []
                },
                "test_has_no_infs_returns_df_when_all_values_defined": {
                    "executed_lines": [
                        272,
                        273
                    ],
                    "summary": {
                        "covered_lines": 2,
                        "num_statements": 2,
                        "percent_covered": 100.0,
                        "percent_covered_display": "100",
                        "missing_lines": 0,
                        "excluded_lines": 0
                    },
                    "missing_lines": [],
                    "excluded_lines": []
                },
                "test_has_no_infs_throws_error_on_inf_values": {
                    "executed_lines": [
                        286,
                        287,
                        288,
                        289
                    ],
                    "summary": {
                        "covered_lines": 4,
                        "num_statements": 4,
                        "percent_covered": 100.0,
                        "percent_covered_display": "100",
                        "missing_lines": 0,
                        "excluded_lines": 0
                    },
                    "missing_lines": [],
                    "excluded_lines": []
                },
                "test_unique_should_return_df_if_column_has_unique_values": {
                    "executed_lines": [
                        298,
                        299
                    ],
                    "summary": {
                        "covered_lines": 2,
                        "num_statements": 2,
                        "percent_covered": 100.0,
                        "percent_covered_display": "100",
                        "missing_lines": 0,
                        "excluded_lines": 0
                    },
                    "missing_lines": [],
                    "excluded_lines": []
                },
                "test_unique_should_should_accept_list_and_polars_select": {
                    "executed_lines": [
                        303,
                        304,
                        305,
                        307,
                        308,
                        309
                    ],
                    "summary": {
                        "covered_lines": 6,
                        "num_statements": 6,
                        "percent_covered": 100.0,
                        "percent_covered_display": "100",
                        "missing_lines": 0,
                        "excluded_lines": 0
                    },
                    "missing_lines": [],
                    "excluded_lines": []
                },
                "test_unique_should_throw_error_on_duplicates": {
[...]
                        203,
                        206,
                        207,
                        208,
                        211,
                        212,
                        215,
                        216,
                        217,
                        219,
                        220,
                        221,
                        224,
                        225,
                        226,
                        227,
                        230,
                        233,
                        236,
                        237,
                        240,
                        241,
                        242,
                        243,
                        244,
                        247,
                        254,
                        257,
                        261,
                        262,
                        263,
                        266,
                        269,
                        272,
                        273,
                        276,
                        283,
                        286,
                        287,
                        288,
                        289,
                        292,
                        295,
                        298,
                        299,
                        302,
                        303,
                        304,
                        305,
                        307,
                        308,
                        309,
                        312,
                        313,
                        314,
                        315,
                        316,
                        319,
                        320,
                        321,
                        322,
                        325,
                        328,
                        331,
                        332,
                        335,
                        336,
                        337,
                        338,
                        340,
                        341,
                        342,
                        345,
                        346,
                        352,
                        353,
                        356,
                        357,
                        363,
                        364,
                        366,
                        369,
                        376,
                        377,
                        378,
                        379,
                        382,
                        383,
                        384,
                        385,
                        386,
                        389,
                        396,
                        399,
                        401,
                        402,
                        404,
                        405,
                        408,
                        409,
                        410,
                        411,
                        414,
                        415,
                        416,
                        417,
                        420,
                        427,
                        430,
                        432,
                        433,
                        436,
                        443,
                        446,
                        447,
                        449,
                        450,
                        453,
                        454,
                        455,
                        456,
                        459,
                        460,
                        461,
                        462,
                        465,
                        472,
                        475,
                        476,
                        479,
                        486,
                        489,
                        490,
                        492,
                        493,
                        496,
                        497,
                        498,
                        500,
                        508,
                        511,
                        512,
                        513,
                        514,
                        515,
                        518,
                        519,
                        522,
                        523,
                        524,
                        525,
                        526,
                        527,
                        528,
                        529,
                        530,
                        533,
                        534,
                        537,
                        538,
                        539,
                        540,
                        543,
                        544,
                        547,
                        548,
                        549,
                        551,
                        552,
                        555,
                        564,
                        568,
                        569,
                        570,
                        571,
                        574,
                        583,
                        587,
                        588,
                        589,
                        590,
                        593,
                        602,
                        606,
                        607,
                        608,
                        609,
                        610,
                        612,
                        613,
                        614,
                        615,
                        616,
                        619,
                        620,
                        621,
                        622,
                        623,
                        626,
                        627,
                        630,
                        631,
                        632,
                        635,
                        636,
                        639,
                        640,
                        641,
                        644,
                        645,
                        648,
                        649,
                        650,
                        653,
                        654,
                        657,
                        658,
                        659,
                        661,
                        662,
                        665,
                        674,
                        675,
                        676,
                        677,
                        679,
                        681,
                        682,
                        685,
                        696,
                        699,
                        708,
                        709,
                        712,
                        713,
                        716,
                        717,
                        718,
                        720,
                        721,
                        722,
                        725,
                        726,
                        729,
                        730,
                        731,
                        734,
                        735,
                        738,
                        739,
                        740,
                        742,
                        743,
                        744,
                        747,
                        748,
                        749,
                        750,
                        752,
                        753,
                        754,
                        757,
                        758,
                        768,
                        769,
                        772,
                        773,
                        785,
                        786,
                        788,
                        789,
                        792,
                        793,
                        796,
                        804,
                        805,
                        808,
                        809,
                        812,
                        820,
                        823,
                        826,
                        827,
                        828,
                        829,
                        830,
                        831,
                        834,
                        835,
                        838,
                        839,
                        840,
                        843,
                        844,
                        847,
                        848,
                        849,
                        852,
                        853,
                        856,
                        857,
                        858,
                        861,
                        862,
                        865,
                        872,
                        873,
                        875,
                        878,
                        885,
                        886,
                        887,
                        890,
                        897,
                        900,
                        901,
                        904,
                        905,
                        906,
                        907,
                        909,
                        910,
                        913,
                        920,
                        923,
                        924,
                        927,
                        934,
                        937,
                        938,
                        941,
                        942,
                        945,
                        953,
                        954,
                        957,
                        958,
                        961,
                        969,
                        970,
                        973,
                        974,
                        977,
                        989,
                        990,
                        992,
                        993,
                        994,
                        995,
                        998,
                        999,
                        1002,
                        1010,
                        1016,
                        1019,
                        1020,
                        1023,
                        1025,
                        1027,
                        1030,
                        1031,
                        1034,
                        1036,
                        1037,
                        1040,
                        1041,
                        1044,
                        1052,
                        1053,
                        1055,
                        1056,
                        1059,
                        1060,
                        1063,
                        1064,
                        1065,
                        1068,
                        1069,
                        1072,
                        1073,
                        1074,
                        1077,
                        1078,
                        1081,
                        1083,
                        1084,
                        1086,
                        1087,
                        1090,
                        1091,
                        1094,
                        1095,
                        1096,
                        1099,
                        1100,
                        1103,
                        1109,
                        1110
                    ],
                    "summary": {
                        "covered_lines": 489,
                        "num_statements": 489,
                        "percent_covered": 100.0,
                        "percent_covered_display": "100",
                        "missing_lines": 0,
                        "excluded_lines": 0
                    },
                    "missing_lines": [],
                    "excluded_lines": []
                }
            }
        },
        "tests/test_utils.py": {
            "executed_lines": [
                1,
                3,
                5,
                8,
                9,
                10,
                11,
                12,
                15,
                16,
                17,
                18,
                19,
                20,
                23,
                24,
                25,
                26,
                27,
                28,
                31,
                32,
                33,
                34,
                37,
                38,
                39,
                40,
                41,
                44,
                45,
                46,
                47,
                52
            ],
            "summary": {
                "covered_lines": 34,
                "num_statements": 34,
                "percent_covered": 100.0,
                "percent_covered_display": "100",
                "missing_lines": 0,
                "excluded_lines": 0
            },
            "missing_lines": [],
            "excluded_lines": [],
            "functions": {
                "test_list_defective_columns_should_be_empty_when_bad_df_is_empty": {
                    "executed_lines": [
                        9,
                        10,
                        11,
                        12
                    ],
                    "summary": {
                        "covered_lines": 4,
                        "num_statements": 4,
                        "percent_covered": 100.0,
                        "percent_covered_display": "100",
                        "missing_lines": 0,
                        "excluded_lines": 0
                    },
                    "missing_lines": [],
                    "excluded_lines": []
                },
                "test_list_defective_columns_should_return_name_of_single_defective_column": {
                    "executed_lines": [
                        16,
                        17,
                        18,
                        19,
                        20
                    ],
                    "summary": {
                        "covered_lines": 5,
                        "num_statements": 5,
                        "percent_covered": 100.0,
                        "percent_covered_display": "100",
                        "missing_lines": 0,
                        "excluded_lines": 0
                    },
                    "missing_lines": [],
                    "excluded_lines": []
                },
                "test_list_defective_columns_should_return_all_name_of_defective_columns": {
                    "executed_lines": [
                        24,
                        25,
                        26,
                        27,
                        28
                    ],
                    "summary": {
                        "covered_lines": 5,
                        "num_statements": 5,
                        "percent_covered": 100.0,
                        "percent_covered_display": "100",
                        "missing_lines": 0,
                        "excluded_lines": 0
                    },
                    "missing_lines": [],
                    "excluded_lines": []
                },
                "test_compare_schema_should_be_empty_when_types_matche": {
                    "executed_lines": [
                        32,
                        33,
                        34
                    ],
                    "summary": {
                        "covered_lines": 3,
                        "num_statements": 3,
                        "percent_covered": 100.0,
                        "percent_covered_display": "100",
                        "missing_lines": 0,
                        "excluded_lines": 0
                    },
                    "missing_lines": [],
                    "excluded_lines": []
                },
                "test_compare_schema_returns_column_expected_and_real_dtypes": {
                    "executed_lines": [
                        38,
                        39,
                        40,
                        41
                    ],
                    "summary": {
                        "covered_lines": 4,
                        "num_statements": 4,
                        "percent_covered": 100.0,
                        "percent_covered_display": "100",
                        "missing_lines": 0,
                        "excluded_lines": 0
                    },
                    "missing_lines": [],
                    "excluded_lines": []
                },
                "test_compare_schema_returns_one_line_per_mismatch_column": {
                    "executed_lines": [
                        45,
                        46,
                        47,
                        52
                    ],
                    "summary": {
                        "covered_lines": 4,
                        "num_statements": 4,
                        "percent_covered": 100.0,
                        "percent_covered_display": "100",
                        "missing_lines": 0,
                        "excluded_lines": 0
                    },
                    "missing_lines": [],
                    "excluded_lines": []
                },
                "": {
                    "executed_lines": [
                        1,
                        3,
                        5,
                        8,
                        15,
                        23,
                        31,
                        37,
                        44
                    ],
                    "summary": {
                        "covered_lines": 9,
                        "num_statements": 9,
                        "percent_covered": 100.0,
                        "percent_covered_display": "100",
                        "missing_lines": 0,
                        "excluded_lines": 0
                    },
                    "missing_lines": [],
                    "excluded_lines": []
                }
            },
            "classes": {
                "": {
                    "executed_lines": [
                        1,
                        3,
                        5,
                        8,
                        9,
                        10,
                        11,
                        12,
                        15,
                        16,
                        17,
                        18,
                        19,
                        20,
                        23,
                        24,
                        25,
                        26,
                        27,
                        28,
                        31,
                        32,
                        33,
                        34,
                        37,
                        38,
                        39,
                        40,
                        41,
                        44,
                        45,
                        46,
                        47,
                        52
                    ],
                    "summary": {
                        "covered_lines": 34,
                        "num_statements": 34,
                        "percent_covered": 100.0,
                        "percent_covered_display": "100",
                        "missing_lines": 0,
                        "excluded_lines": 0
                    },
                    "missing_lines": [],
                    "excluded_lines": []
                }
            }
        }
    },
    "totals": {
        "covered_lines": 855,
        "num_statements": 855,
        "percent_covered": 100.0,
        "percent_covered_display": "100",
        "missing_lines": 0,
        "excluded_lines": 0
    }
}