{
    "meta": {
        "format": 2,
        "version": "7.5.0",
        "timestamp": "2024-05-02T08:01:31.874961",
        "branch_coverage": false,
        "show_contexts": false
    },
    "files": {
        "pelage/__init__.py": {
            "executed_lines": [
                3
            ],
            "summary": {
                "covered_lines": 1,
                "num_statements": 1,
                "percent_covered": 100.0,
                "percent_covered_display": "100",
                "missing_lines": 0,
                "excluded_lines": 0
            },
            "missing_lines": [],
            "excluded_lines": []
        },
        "pelage/checks.py": {
            "executed_lines": [
                1,
                6,
                8,
                9,
                10,
                12,
                14,
                18,
                22,
                24,
                27,
                28,
                31,
                32,
                55,
                58,
                59,
                61,
                62,
                64,
                65,
                67,
                70,
                149,
                150,
                153,
                154,
                158,
                160,
                161,
                164,
                165,
                166,
                167,
                169,
                171,
                172,
                175,
                178,
                228,
                230,
                231,
                232,
                233,
                234,
                237,
                295,
                296,
                297,
                298,
                300,
                301,
                302,
                303,
                304,
                305,
                308,
                360,
                361,
                366,
                367,
                370,
                373,
                377,
                378,
                379,
                380,
                382,
                385,
                439,
                440,
                441,
                442,
                443,
                446,
                498,
                499,
                500,
                501,
                505,
                508,
                512,
                513,
                515,
                518,
                570,
                571,
                574,
                575,
                579,
                582,
                670,
                672,
                673,
                679,
                686,
                687,
                688,
                693,
                696,
                747,
                750,
                752,
                753,
                758,
                763,
                766,
                818,
                821,
                822,
                823,
                828,
                832,
                835,
                910,
                911,
                917,
                918,
                922,
                924,
                925,
                926,
                927,
                928,
                929,
                930,
                931,
                933,
                934,
                937,
                940,
                941,
                942,
                944,
                946,
                957,
                1058,
                1060,
                1061,
                1067,
                1069,
                1080,
                1089,
                1090,
                1094,
                1097,
                1100,
                1101,
                1105,
                1108,
                1187,
                1189,
                1190,
                1192,
                1203,
                1204,
                1208,
                1210,
                1212,
                1214,
                1215,
                1218,
                1221,
                1298,
                1301,
                1304,
                1305,
                1306,
                1309,
                1312,
                1358,
                1359,
                1361,
                1362,
                1363,
                1364,
                1365,
                1367,
                1368,
                1369,
                1371,
                1374,
                1486,
                1493,
                1494,
                1496,
                1497,
                1498,
                1499,
                1500,
                1501,
                1502,
                1503,
                1505,
                1506,
                1510,
                1512,
                1513,
                1515,
                1516,
                1517,
                1518,
                1519,
                1520,
                1523,
                1525,
                1526,
                1530,
                1533,
                1589,
                1590,
                1591,
                1592,
                1596,
                1599,
                1677,
                1678,
                1680,
                1681,
                1682,
                1684,
                1686,
                1695,
                1696,
                1701,
                1705,
                1708,
                1709,
                1710,
                1712,
                1715,
                1783,
                1785,
                1789,
                1797,
                1798,
                1799,
                1803,
                1812
            ],
            "summary": {
                "covered_lines": 237,
                "num_statements": 237,
                "percent_covered": 100.0,
                "percent_covered_display": "100",
                "missing_lines": 0,
                "excluded_lines": 0
            },
            "missing_lines": [],
            "excluded_lines": []
        },
        "pelage/utils.py": {
            "executed_lines": [
                1,
                3,
                6,
                7,
                8,
                11,
                13,
                18,
                23
            ],
            "summary": {
                "covered_lines": 9,
                "num_statements": 9,
                "percent_covered": 100.0,
                "percent_covered_display": "100",
                "missing_lines": 0,
                "excluded_lines": 0
            },
            "missing_lines": [],
            "excluded_lines": []
        },
        "tests/__init__.py": {
            "executed_lines": [
                0,
                1
            ],
            "summary": {
                "covered_lines": 0,
                "num_statements": 0,
                "percent_covered": 100.0,
                "percent_covered_display": "100",
                "missing_lines": 0,
                "excluded_lines": 0
            },
            "missing_lines": [],
            "excluded_lines": []
        },
        "tests/test_checks.py": {
            "executed_lines": [
                1,
                3,
                4,
                5,
                7,
                8,
                11,
                12,
                13,
                15,
                29,
                30,
                33,
                34,
                36,
                42,
                43,
                46,
                47,
                53,
                54,
                57,
                66,
                67,
                68,
                71,
                72,
                73,
                76,
                77,
                78,
                79,
                82,
                83,
                89,
                90,
                93,
                94,
                95,
                101,
                102,
                105,
                106,
                107,
                113,
                114,
                117,
                118,
                125,
                126,
                129,
                130,
                136,
                137,
                140,
                141,
                142,
                143,
                146,
                147,
                148,
                149,
                152,
                153,
                154,
                155,
                157,
                158,
                159,
                162,
                163,
                164,
                165,
                168,
                169,
                170,
                171,
                173,
                176,
                177,
                178,
                179,
                182,
                183,
                184,
                185,
                187,
                188,
                189,
                192,
                193,
                194,
                195,
                198,
                199,
                200,
                201,
                204,
                205,
                206,
                207,
                210,
                211,
                212,
                216,
                217,
                218,
                221,
                222,
                223,
                224,
                227,
                228,
                229,
                230,
                231,
                232,
                235,
                236,
                237,
                238,
                241,
                242,
                243,
                244,
                246,
                247,
                248,
                251,
                252,
                253,
                254,
                255,
                258,
                259,
                260,
                261,
                264,
                265,
                266,
                267,
                270,
                271,
                272,
                273,
                275,
                276,
                277,
                280,
                281,
                287,
                288,
                291,
                292,
                298,
                299,
                301,
                304,
                305,
                306,
                307,
                308,
                311,
                312,
                313,
                314,
                315,
                318,
                319,
                320,
                321,
                323,
                324,
                326,
                327,
                330,
                331,
                332,
                333,
                336,
                337,
                338,
                339,
                342,
                343,
                344,
                346,
                347,
                348,
                353,
                354,
                355,
                356,
                358,
                359,
                362,
                363,
                369,
                370,
                373,
                374,
                380,
                381,
                384,
                385,
                391,
                392,
                395,
                396,
                397,
                398,
                400,
                401,
                404,
                405,
                406,
                408,
                415,
                418,
                419,
                420,
                421,
                424,
                425,
                426,
                427,
                428,
                429,
                430,
                431,
                432,
                433,
                436,
                437,
                438,
                439,
                440,
                443,
                444,
                445,
                446,
                448,
                449,
                452,
                453,
                454,
                455,
                456,
                459,
                460,
                461,
                462,
                463,
                466,
                467,
                468,
                469,
                470,
                471,
                473,
                474,
                475,
                476,
                477,
                480,
                481,
                482,
                483,
                486,
                487,
                488,
                489,
                492,
                493,
                494,
                495,
                498,
                499,
                500,
                501,
                504,
                505,
                506,
                507,
                509,
                510,
                513,
                522,
                523,
                524,
                525,
                527,
                529,
                530,
                533,
                534,
                535,
                544,
                545,
                548,
                549,
                550,
                551,
                553,
                554,
                555,
                558,
                559,
                560,
                561,
                564,
                565,
                566,
                567,
                569,
                570,
                571,
                574,
                575,
                576,
                577,
                579,
                580,
                581,
                584,
                585,
                596,
                597,
                600,
                601,
                612,
                613,
                615,
                616,
                619,
                620,
                621,
                622,
                623,
                624,
                627,
                628,
                629,
                630,
                633,
                634,
                635,
                636,
                639,
                640,
                641,
                642,
                645,
                646,
                653,
                654,
                656,
                659,
                660,
                661,
                662,
                665,
                666,
                667,
                668,
                671,
                672,
                673,
                674,
                676,
                677,
                680,
                681,
                682,
                683,
                686,
                687,
                688,
                689,
                692,
                693,
                701,
                702,
                705,
                706,
                714,
                715,
                718,
                719,
                731,
                732,
                734,
                735,
                738,
                739,
                746,
                752,
                755,
                756,
                758,
                760,
                763,
                764,
                766,
                767,
                770,
                771,
                779,
                780,
                782,
                783,
                786,
                787,
                788,
                789,
                792,
                793,
                794,
                795,
                798,
                799,
                801,
                802,
                804,
                805,
                808,
                809,
                810,
                811,
                814,
                815,
                821,
                822
            ],
            "summary": {
                "covered_lines": 433,
                "num_statements": 433,
                "percent_covered": 100.0,
                "percent_covered_display": "100",
                "missing_lines": 0,
                "excluded_lines": 0
            },
            "missing_lines": [],
            "excluded_lines": []
        },
        "tests/test_utils.py": {
            "executed_lines": [
                1,
                3,
                5,
                8,
                9,
                10,
                11,
                12,
                15,
                16,
                17,
                18,
                19,
                20,
                23,
                24,
                25,
                26,
                27,
                28,
                31,
                32,
                33,
                34,
                37,
                38,
                39,
                40,
                41,
                44,
                45,
                46,
                47,
                52
            ],
            "summary": {
                "covered_lines": 34,
                "num_statements": 34,
                "percent_covered": 100.0,
                "percent_covered_display": "100",
                "missing_lines": 0,
                "excluded_lines": 0
            },
            "missing_lines": [],
            "excluded_lines": []
        }
    },
    "totals": {
        "covered_lines": 714,
        "num_statements": 714,
        "percent_covered": 100.0,
        "percent_covered_display": "100",
        "missing_lines": 0,
        "excluded_lines": 0
    }
}