{
    "meta": {
        "format": 3,
        "version": "7.6.0",
        "timestamp": "2024-07-20T07:18:27.515830",
        "branch_coverage": false,
        "show_contexts": false
    },
    "files": {
        "pelage/__init__.py": {
            "executed_lines": [
                3
            ],
            "summary": {
                "covered_lines": 1,
                "num_statements": 1,
                "percent_covered": 100.0,
                "percent_covered_display": "100",
                "missing_lines": 0,
                "excluded_lines": 0
            },
            "missing_lines": [],
            "excluded_lines": [],
            "functions": {
                "": {
                    "executed_lines": [
                        3
                    ],
                    "summary": {
                        "covered_lines": 1,
                        "num_statements": 1,
                        "percent_covered": 100.0,
                        "percent_covered_display": "100",
                        "missing_lines": 0,
                        "excluded_lines": 0
                    },
                    "missing_lines": [],
                    "excluded_lines": []
                }
            },
            "classes": {
                "": {
                    "executed_lines": [
                        3
                    ],
                    "summary": {
                        "covered_lines": 1,
                        "num_statements": 1,
                        "percent_covered": 100.0,
                        "percent_covered_display": "100",
                        "missing_lines": 0,
                        "excluded_lines": 0
                    },
                    "missing_lines": [],
                    "excluded_lines": []
                }
            }
        },
        "pelage/checks.py": {
            "executed_lines": [
                1,
                6,
                8,
                9,
                11,
                13,
                14,
                15,
                16,
                19,
                23,
                27,
                29,
                32,
                33,
                36,
                37,
                61,
                64,
                65,
                67,
                68,
                70,
                71,
                73,
                76,
                159,
                160,
                163,
                164,
                168,
                170,
                171,
                174,
                175,
                176,
                177,
                179,
                181,
                182,
                185,
                188,
                238,
                240,
                241,
                242,
                243,
                244,
                247,
                306,
                307,
                308,
                309,
                311,
                312,
                313,
                314,
                315,
                316,
                319,
                371,
                372,
                385,
                386,
                389,
                392,
                396,
                397,
                398,
                399,
                401,
                404,
                458,
                459,
                460,
                461,
                462,
                465,
                519,
                520,
                521,
                522,
                526,
                529,
                533,
                534,
                536,
                539,
                592,
                593,
                596,
                597,
                601,
                604,
                695,
                697,
                698,
                699,
                705,
                711,
                712,
                721,
                728,
                729,
                730,
                735,
                738,
                789,
                792,
                794,
                795,
                800,
                805,
                808,
                860,
                863,
                864,
                865,
                870,
                874,
                877,
                956,
                957,
                963,
                964,
                968,
                970,
                971,
                972,
                973,
                974,
                975,
                976,
                977,
                979,
                980,
                983,
                986,
                987,
                988,
                990,
                992,
                1003,
                1112,
                1114,
                1115,
                1116,
                1122,
                1128,
                1129,
                1130,
                1141,
                1152,
                1161,
                1162,
                1166,
                1169,
                1172,
                1173,
                1178,
                1181,
                1263,
                1265,
                1266,
                1268,
                1269,
                1280,
                1291,
                1292,
                1296,
                1298,
                1300,
                1302,
                1303,
                1306,
                1309,
                1389,
                1392,
                1395,
                1396,
                1397,
                1400,
                1403,
                1449,
                1450,
                1452,
                1453,
                1454,
                1455,
                1456,
                1458,
                1459,
                1460,
                1462,
                1465,
                1580,
                1587,
                1588,
                1590,
                1591,
                1592,
                1593,
                1594,
                1595,
                1596,
                1597,
                1599,
                1600,
                1604,
                1606,
                1607,
                1609,
                1610,
                1611,
                1612,
                1613,
                1614,
                1617,
                1619,
                1620,
                1624,
                1627,
                1684,
                1685,
                1686,
                1687,
                1691,
                1694,
                1773,
                1774,
                1776,
                1777,
                1778,
                1780,
                1782,
                1791,
                1792,
                1797,
                1801,
                1804,
                1805,
                1806,
                1808,
                1811,
                1879,
                1881,
                1885,
                1893,
                1894,
                1895,
                1899,
                1908
            ],
            "summary": {
                "covered_lines": 250,
                "num_statements": 250,
                "percent_covered": 100.0,
                "percent_covered_display": "100",
                "missing_lines": 0,
                "excluded_lines": 0
            },
            "missing_lines": [],
            "excluded_lines": [],
            "functions": {
                "_has_sufficient_polars_version": {
                    "executed_lines": [
                        33
                    ],
                    "summary": {
                        "covered_lines": 1,
                        "num_statements": 1,
                        "percent_covered": 100.0,
                        "percent_covered_display": "100",
                        "missing_lines": 0,
                        "excluded_lines": 0
                    },
                    "missing_lines": [],
                    "excluded_lines": []
                },
                "PolarsAssertError.__init__": {
                    "executed_lines": [
                        64,
                        65
                    ],
                    "summary": {
                        "covered_lines": 2,
                        "num_statements": 2,
                        "percent_covered": 100.0,
                        "percent_covered_display": "100",
                        "missing_lines": 0,
                        "excluded_lines": 0
                    },
                    "missing_lines": [],
                    "excluded_lines": []
                },
                "PolarsAssertError.__str__": {
                    "executed_lines": [
                        68,
                        70,
                        71,
                        73
                    ],
                    "summary": {
                        "covered_lines": 4,
                        "num_statements": 4,
                        "percent_covered": 100.0,
                        "percent_covered_display": "100",
                        "missing_lines": 0,
                        "excluded_lines": 0
                    },
                    "missing_lines": [],
                    "excluded_lines": []
                },
                "has_shape": {
                    "executed_lines": [
                        159,
                        160,
                        163,
                        164,
                        168,
                        170,
                        171,
                        174,
                        175,
                        176,
                        177,
                        179,
                        181,
                        182,
                        185
                    ],
                    "summary": {
                        "covered_lines": 15,
                        "num_statements": 15,
                        "percent_covered": 100.0,
                        "percent_covered_display": "100",
                        "missing_lines": 0,
                        "excluded_lines": 0
                    },
                    "missing_lines": [],
                    "excluded_lines": []
                },
                "has_columns": {
                    "executed_lines": [
                        238,
                        240,
                        241,
                        242,
                        243,
                        244
                    ],
                    "summary": {
                        "covered_lines": 6,
                        "num_statements": 6,
                        "percent_covered": 100.0,
                        "percent_covered_display": "100",
                        "missing_lines": 0,
                        "excluded_lines": 0
                    },
                    "missing_lines": [],
                    "excluded_lines": []
                },
                "has_dtypes": {
                    "executed_lines": [
                        306,
                        307,
                        308,
                        309,
                        311,
                        312,
                        313,
                        314,
                        315,
                        316
                    ],
                    "summary": {
                        "covered_lines": 10,
                        "num_statements": 10,
                        "percent_covered": 100.0,
                        "percent_covered_display": "100",
                        "missing_lines": 0,
                        "excluded_lines": 0
                    },
                    "missing_lines": [],
                    "excluded_lines": []
                },
                "has_no_nulls": {
                    "executed_lines": [
                        371,
                        372,
                        385,
                        386,
                        389
                    ],
                    "summary": {
                        "covered_lines": 5,
                        "num_statements": 5,
                        "percent_covered": 100.0,
                        "percent_covered_display": "100",
                        "missing_lines": 0,
                        "excluded_lines": 0
                    },
                    "missing_lines": [],
                    "excluded_lines": []
                },
                "_sanitize_column_inputs": {
                    "executed_lines": [
                        396,
                        397,
                        398,
                        399,
                        401
                    ],
                    "summary": {
                        "covered_lines": 5,
                        "num_statements": 5,
                        "percent_covered": 100.0,
                        "percent_covered_display": "100",
                        "missing_lines": 0,
                        "excluded_lines": 0
                    },
                    "missing_lines": [],
                    "excluded_lines": []
                },
                "has_no_infs": {
                    "executed_lines": [
                        458,
                        459,
                        460,
                        461,
                        462
                    ],
                    "summary": {
                        "covered_lines": 5,
                        "num_statements": 5,
                        "percent_covered": 100.0,
                        "percent_covered_display": "100",
                        "missing_lines": 0,
                        "excluded_lines": 0
                    },
                    "missing_lines": [],
                    "excluded_lines": []
                },
                "unique": {
                    "executed_lines": [
                        519,
                        520,
                        521,
                        522,
                        526
                    ],
                    "summary": {
                        "covered_lines": 5,
                        "num_statements": 5,
                        "percent_covered": 100.0,
                        "percent_covered_display": "100",
                        "missing_lines": 0,
                        "excluded_lines": 0
                    },
                    "missing_lines": [],
                    "excluded_lines": []
                },
                "_safe_group_by_length": {
                    "executed_lines": [
                        533,
                        534,
                        536
                    ],
                    "summary": {
                        "covered_lines": 3,
                        "num_statements": 3,
                        "percent_covered": 100.0,
                        "percent_covered_display": "100",
                        "missing_lines": 0,
                        "excluded_lines": 0
                    },
                    "missing_lines": [],
                    "excluded_lines": []
                },
                "unique_combination_of_columns": {
                    "executed_lines": [
                        592,
                        593,
                        596,
                        597,
                        601
                    ],
                    "summary": {
                        "covered_lines": 5,
                        "num_statements": 5,
                        "percent_covered": 100.0,
                        "percent_covered_display": "100",
                        "missing_lines": 0,
                        "excluded_lines": 0
                    },
                    "missing_lines": [],
                    "excluded_lines": []
                },
                "not_constant": {
                    "executed_lines": [
                        695,
                        697,
                        698,
                        699,
                        705,
                        711,
                        712,
                        721,
                        728,
                        729,
                        730,
                        735
                    ],
                    "summary": {
                        "covered_lines": 12,
                        "num_statements": 12,
                        "percent_covered": 100.0,
                        "percent_covered_display": "100",
                        "missing_lines": 0,
                        "excluded_lines": 0
                    },
                    "missing_lines": [],
                    "excluded_lines": []
                },
                "accepted_values": {
                    "executed_lines": [
                        789,
                        792,
                        794,
                        795,
                        800,
                        805
                    ],
                    "summary": {
                        "covered_lines": 6,
                        "num_statements": 6,
                        "percent_covered": 100.0,
                        "percent_covered_display": "100",
                        "missing_lines": 0,
                        "excluded_lines": 0
                    },
                    "missing_lines": [],
                    "excluded_lines": []
                },
                "not_accepted_values": {
                    "executed_lines": [
                        860,
                        863,
                        864,
                        865,
                        870,
                        874
                    ],
                    "summary": {
                        "covered_lines": 6,
                        "num_statements": 6,
                        "percent_covered": 100.0,
                        "percent_covered_display": "100",
                        "missing_lines": 0,
                        "excluded_lines": 0
                    },
                    "missing_lines": [],
                    "excluded_lines": []
                },
                "has_mandatory_values": {
                    "executed_lines": [
                        956,
                        957,
                        963,
                        964,
                        968,
                        970,
                        971,
                        972,
                        973,
                        974,
                        975,
                        976,
                        977,
                        979,
                        980,
                        983
                    ],
                    "summary": {
                        "covered_lines": 16,
                        "num_statements": 16,
                        "percent_covered": 100.0,
                        "percent_covered_display": "100",
                        "missing_lines": 0,
                        "excluded_lines": 0
                    },
                    "missing_lines": [],
                    "excluded_lines": []
                },
                "compare_sets_per_column": {
                    "executed_lines": [
                        987,
                        988,
                        990,
                        992
                    ],
                    "summary": {
                        "covered_lines": 4,
                        "num_statements": 4,
                        "percent_covered": 100.0,
                        "percent_covered_display": "100",
                        "missing_lines": 0,
                        "excluded_lines": 0
                    },
                    "missing_lines": [],
                    "excluded_lines": []
                },
                "not_null_proportion": {
                    "executed_lines": [
                        1112,
                        1114,
                        1115,
                        1116,
                        1122,
                        1128,
                        1129,
                        1130,
                        1141,
                        1152,
                        1161,
                        1162,
                        1166
                    ],
                    "summary": {
                        "covered_lines": 13,
                        "num_statements": 13,
                        "percent_covered": 100.0,
                        "percent_covered_display": "100",
                        "missing_lines": 0,
                        "excluded_lines": 0
                    },
                    "missing_lines": [],
                    "excluded_lines": []
                },
                "_format_ranges_by_columns": {
                    "executed_lines": [
                        1172,
                        1173,
                        1178
                    ],
                    "summary": {
                        "covered_lines": 3,
                        "num_statements": 3,
                        "percent_covered": 100.0,
                        "percent_covered_display": "100",
                        "missing_lines": 0,
                        "excluded_lines": 0
                    },
                    "missing_lines": [],
                    "excluded_lines": []
                },
                "at_least_one": {
                    "executed_lines": [
                        1263,
                        1265,
                        1266,
                        1268,
                        1269,
                        1280,
                        1291,
                        1292,
                        1296,
                        1298,
                        1300,
                        1302,
                        1303,
                        1306
                    ],
                    "summary": {
                        "covered_lines": 14,
                        "num_statements": 14,
                        "percent_covered": 100.0,
                        "percent_covered_display": "100",
                        "missing_lines": 0,
                        "excluded_lines": 0
                    },
                    "missing_lines": [],
                    "excluded_lines": []
                },
                "accepted_range": {
                    "executed_lines": [
                        1389,
                        1392,
                        1395,
                        1396,
                        1397,
                        1400
                    ],
                    "summary": {
                        "covered_lines": 6,
                        "num_statements": 6,
                        "percent_covered": 100.0,
                        "percent_covered_display": "100",
                        "missing_lines": 0,
                        "excluded_lines": 0
                    },
                    "missing_lines": [],
                    "excluded_lines": []
                },
                "maintains_relationships": {
                    "executed_lines": [
                        1449,
                        1450,
                        1452,
                        1453,
                        1454,
                        1455,
                        1456,
                        1458,
                        1459,
                        1460,
                        1462
                    ],
                    "summary": {
                        "covered_lines": 11,
                        "num_statements": 11,
                        "percent_covered": 100.0,
                        "percent_covered_display": "100",
                        "missing_lines": 0,
                        "excluded_lines": 0
                    },
                    "missing_lines": [],
                    "excluded_lines": []
                },
                "is_monotonic": {
                    "executed_lines": [
                        1580,
                        1587,
                        1588,
                        1590,
                        1591,
                        1592,
                        1593,
                        1594,
                        1595,
                        1596,
                        1597,
                        1599,
                        1600,
                        1604,
                        1606,
                        1607,
                        1609,
                        1610,
                        1611,
                        1612,
                        1613,
                        1614,
                        1617,
                        1619,
                        1620,
                        1624
                    ],
                    "summary": {
                        "covered_lines": 26,
                        "num_statements": 26,
                        "percent_covered": 100.0,
                        "percent_covered_display": "100",
                        "missing_lines": 0,
                        "excluded_lines": 0
                    },
                    "missing_lines": [],
                    "excluded_lines": []
                },
                "custom_check": {
                    "executed_lines": [
                        1684,
                        1685,
                        1686,
                        1687,
                        1691
                    ],
                    "summary": {
                        "covered_lines": 5,
                        "num_statements": 5,
                        "percent_covered": 100.0,
                        "percent_covered_display": "100",
                        "missing_lines": 0,
                        "excluded_lines": 0
                    },
                    "missing_lines": [],
                    "excluded_lines": []
                },
                "mutually_exclusive_ranges": {
                    "executed_lines": [
                        1773,
                        1774,
                        1776,
                        1777,
                        1778,
                        1780,
                        1782,
                        1791,
                        1792,
                        1797,
                        1801
                    ],
                    "summary": {
                        "covered_lines": 11,
                        "num_statements": 11,
                        "percent_covered": 100.0,
                        "percent_covered_display": "100",
                        "missing_lines": 0,
                        "excluded_lines": 0
                    },
                    "missing_lines": [],
                    "excluded_lines": []
                },
                "_add_row_index": {
                    "executed_lines": [
                        1805,
                        1806,
                        1808
                    ],
                    "summary": {
                        "covered_lines": 3,
                        "num_statements": 3,
                        "percent_covered": 100.0,
                        "percent_covered_display": "100",
                        "missing_lines": 0,
                        "excluded_lines": 0
                    },
                    "missing_lines": [],
                    "excluded_lines": []
                },
                "column_is_within_n_std": {
                    "executed_lines": [
                        1879,
                        1881,
                        1885,
                        1893,
                        1894,
                        1895,
                        1899,
                        1908
                    ],
                    "summary": {
                        "covered_lines": 8,
                        "num_statements": 8,
                        "percent_covered": 100.0,
                        "percent_covered_display": "100",
                        "missing_lines": 0,
                        "excluded_lines": 0
                    },
                    "missing_lines": [],
                    "excluded_lines": []
                },
                "": {
                    "executed_lines": [
                        1,
                        6,
                        8,
                        9,
                        11,
                        13,
                        14,
                        15,
                        16,
                        19,
                        23,
                        27,
                        29,
                        32,
                        36,
                        37,
                        61,
                        67,
                        76,
                        188,
                        247,
                        319,
                        392,
                        404,
                        465,
                        529,
                        539,
                        604,
                        738,
                        808,
                        877,
                        986,
                        1003,
                        1169,
                        1181,
                        1309,
                        1403,
                        1465,
                        1627,
                        1694,
                        1804,
                        1811
                    ],
                    "summary": {
                        "covered_lines": 40,
                        "num_statements": 40,
                        "percent_covered": 100.0,
                        "percent_covered_display": "100",
                        "missing_lines": 0,
                        "excluded_lines": 0
                    },
                    "missing_lines": [],
                    "excluded_lines": []
                }
            },
            "classes": {
                "PolarsAssertError": {
                    "executed_lines": [
                        64,
                        65,
                        68,
                        70,
                        71,
                        73
                    ],
                    "summary": {
                        "covered_lines": 6,
                        "num_statements": 6,
                        "percent_covered": 100.0,
                        "percent_covered_display": "100",
                        "missing_lines": 0,
                        "excluded_lines": 0
                    },
                    "missing_lines": [],
                    "excluded_lines": []
                },
                "": {
                    "executed_lines": [
                        1,
                        6,
                        8,
                        9,
                        11,
                        13,
                        14,
                        15,
                        16,
                        19,
                        23,
                        27,
                        29,
                        32,
                        33,
                        36,
                        37,
                        61,
                        67,
                        76,
                        159,
                        160,
                        163,
                        164,
                        168,
                        170,
                        171,
                        174,
                        175,
                        176,
                        177,
                        179,
                        181,
                        182,
                        185,
                        188,
                        238,
                        240,
                        241,
                        242,
                        243,
                        244,
                        247,
                        306,
                        307,
                        308,
                        309,
                        311,
                        312,
                        313,
                        314,
                        315,
                        316,
                        319,
                        371,
                        372,
                        385,
                        386,
                        389,
                        392,
                        396,
                        397,
                        398,
                        399,
                        401,
                        404,
                        458,
                        459,
                        460,
                        461,
                        462,
                        465,
                        519,
                        520,
                        521,
                        522,
                        526,
                        529,
                        533,
                        534,
                        536,
                        539,
                        592,
                        593,
                        596,
                        597,
                        601,
                        604,
                        695,
                        697,
                        698,
                        699,
                        705,
                        711,
                        712,
                        721,
                        728,
                        729,
                        730,
                        735,
                        738,
                        789,
                        792,
                        794,
                        795,
                        800,
                        805,
                        808,
                        860,
                        863,
                        864,
                        865,
                        870,
                        874,
                        877,
                        956,
                        957,
                        963,
                        964,
                        968,
                        970,
                        971,
                        972,
                        973,
                        974,
                        975,
                        976,
                        977,
                        979,
                        980,
                        983,
                        986,
                        987,
                        988,
                        990,
                        992,
                        1003,
                        1112,
                        1114,
                        1115,
                        1116,
                        1122,
                        1128,
                        1129,
                        1130,
                        1141,
                        1152,
                        1161,
                        1162,
                        1166,
                        1169,
                        1172,
                        1173,
                        1178,
                        1181,
                        1263,
                        1265,
                        1266,
                        1268,
                        1269,
                        1280,
                        1291,
                        1292,
                        1296,
                        1298,
                        1300,
                        1302,
                        1303,
                        1306,
                        1309,
                        1389,
                        1392,
                        1395,
                        1396,
                        1397,
                        1400,
                        1403,
                        1449,
                        1450,
                        1452,
                        1453,
                        1454,
                        1455,
                        1456,
                        1458,
                        1459,
                        1460,
                        1462,
                        1465,
                        1580,
                        1587,
                        1588,
                        1590,
                        1591,
                        1592,
                        1593,
                        1594,
                        1595,
                        1596,
                        1597,
                        1599,
                        1600,
                        1604,
                        1606,
                        1607,
                        1609,
                        1610,
                        1611,
                        1612,
                        1613,
                        1614,
                        1617,
                        1619,
                        1620,
                        1624,
                        1627,
                        1684,
                        1685,
                        1686,
                        1687,
                        1691,
                        1694,
                        1773,
                        1774,
                        1776,
                        1777,
                        1778,
                        1780,
                        1782,
                        1791,
                        1792,
                        1797,
                        1801,
                        1804,
                        1805,
                        1806,
                        1808,
                        1811,
                        1879,
                        1881,
                        1885,
                        1893,
                        1894,
                        1895,
                        1899,
                        1908
                    ],
                    "summary": {
                        "covered_lines": 244,
                        "num_statements": 244,
                        "percent_covered": 100.0,
                        "percent_covered_display": "100",
                        "missing_lines": 0,
                        "excluded_lines": 0
                    },
                    "missing_lines": [],
                    "excluded_lines": []
                }
            }
        },
        "pelage/utils.py": {
            "executed_lines": [
                1,
                3,
                6,
                7,
                8,
                11,
                13,
                18,
                23
            ],
            "summary": {
                "covered_lines": 9,
                "num_statements": 9,
                "percent_covered": 100.0,
                "percent_covered_display": "100",
                "missing_lines": 0,
                "excluded_lines": 0
            },
            "missing_lines": [],
            "excluded_lines": [],
            "functions": {
                "_list_defective_columns": {
                    "executed_lines": [
                        7,
                        8
                    ],
                    "summary": {
                        "covered_lines": 2,
                        "num_statements": 2,
                        "percent_covered": 100.0,
                        "percent_covered_display": "100",
                        "missing_lines": 0,
                        "excluded_lines": 0
                    },
                    "missing_lines": [],
                    "excluded_lines": []
                },
                "compare_schema": {
                    "executed_lines": [
                        13,
                        18,
                        23
                    ],
                    "summary": {
                        "covered_lines": 3,
                        "num_statements": 3,
                        "percent_covered": 100.0,
                        "percent_covered_display": "100",
                        "missing_lines": 0,
                        "excluded_lines": 0
                    },
                    "missing_lines": [],
                    "excluded_lines": []
                },
                "": {
                    "executed_lines": [
                        1,
                        3,
                        6,
                        11
                    ],
                    "summary": {
                        "covered_lines": 4,
                        "num_statements": 4,
                        "percent_covered": 100.0,
                        "percent_covered_display": "100",
                        "missing_lines": 0,
                        "excluded_lines": 0
                    },
                    "missing_lines": [],
                    "excluded_lines": []
                }
            },
            "classes": {
                "": {
                    "executed_lines": [
                        1,
                        3,
                        6,
                        7,
                        8,
                        11,
                        13,
                        18,
                        23
                    ],
                    "summary": {
                        "covered_lines": 9,
                        "num_statements": 9,
                        "percent_covered": 100.0,
                        "percent_covered_display": "100",
                        "missing_lines": 0,
                        "excluded_lines": 0
                    },
                    "missing_lines": [],
                    "excluded_lines": []
                }
            }
        },
        "tests/__init__.py": {
            "executed_lines": [
                0,
                1
            ],
            "summary": {
                "covered_lines": 0,
                "num_statements": 0,
                "percent_covered": 100.0,
                "percent_covered_display": "100",
                "missing_lines": 0,
                "excluded_lines": 0
            },
            "missing_lines": [],
            "excluded_lines": [],
            "functions": {
                "": {
                    "executed_lines": [],
                    "summary": {
                        "covered_lines": 0,
                        "num_statements": 0,
                        "percent_covered": 100.0,
                        "percent_covered_display": "100",
                        "missing_lines": 0,
                        "excluded_lines": 0
                    },
                    "missing_lines": [],
                    "excluded_lines": []
                }
            },
            "classes": {
                "": {
                    "executed_lines": [],
                    "summary": {
                        "covered_lines": 0,
                        "num_statements": 0,
                        "percent_covered": 100.0,
                        "percent_covered_display": "100",
                        "missing_lines": 0,
                        "excluded_lines": 0
                    },
                    "missing_lines": [],
                    "excluded_lines": []
                }
            }
        },
        "tests/test_checks.py": {
            "executed_lines": [
                1,
                3,
                4,
                5,
                7,
                8,
                11,
                12,
                13,
                15,
                29,
                30,
                33,
                34,
                36,
                42,
                43,
                46,
                47,
                53,
                54,
                57,
                66,
                67,
                68,
                71,
                72,
                73,
                76,
                77,
                78,
                79,
                82,
                83,
                89,
                90,
                93,
                94,
                95,
                101,
                102,
                105,
                106,
                107,
                113,
                114,
                117,
                118,
                125,
                126,
                129,
                130,
                136,
                137,
                140,
                141,
                142,
                143,
                146,
                147,
                148,
                149,
                152,
                153,
                154,
                155,
                157,
                158,
                159,
                162,
                163,
                164,
                165,
                168,
                169,
                170,
                171,
                173,
                176,
                177,
                178,
                179,
                182,
                183,
                184,
                185,
                187,
                188,
                189,
                192,
                193,
                194,
                195,
                198,
                199,
                200,
                201,
                204,
                205,
                206,
                207,
                210,
                211,
                212,
                216,
                217,
                218,
                221,
                222,
                223,
                224,
                227,
                228,
                229,
                230,
                231,
                232,
                235,
                236,
                237,
                238,
                241,
                242,
                243,
                244,
                246,
                247,
                248,
                251,
                252,
                253,
                254,
                255,
                258,
                259,
                260,
                261,
                264,
                265,
                266,
                267,
                270,
                271,
                272,
                273,
                275,
                276,
                277,
                280,
                281,
                287,
                288,
                291,
                292,
                298,
                299,
                301,
                304,
                305,
                306,
                307,
                308,
                311,
                312,
                313,
                314,
                315,
                318,
                319,
                320,
                321,
                323,
                324,
                326,
                327,
                330,
                331,
                332,
                333,
                336,
                337,
                338,
                339,
                342,
                343,
                344,
                346,
                347,
                348,
                353,
                354,
                355,
                356,
                358,
                359,
                362,
                363,
                369,
                370,
                373,
                374,
                380,
                381,
                384,
                385,
                391,
                392,
                395,
                396,
                397,
                398,
                400,
                401,
                404,
                405,
                406,
                408,
                416,
                419,
                420,
                421,
                422,
                425,
                426,
                427,
                428,
                429,
                430,
                431,
                432,
                433,
                434,
                437,
                438,
                439,
                440,
                441,
                444,
                445,
                446,
                447,
                449,
                450,
                453,
                454,
                455,
                456,
                457,
                460,
                461,
                462,
                463,
                464,
                467,
                468,
                469,
                470,
                471,
                472,
                474,
                475,
                476,
                477,
                478,
                481,
                482,
                483,
                484,
                487,
                488,
                489,
                490,
                493,
                494,
                495,
                496,
                499,
                500,
                501,
                502,
                505,
                506,
                507,
                508,
                510,
                511,
                514,
                523,
                524,
                525,
                526,
                528,
                530,
                531,
                534,
                535,
                536,
                545,
                546,
                549,
                550,
                551,
                552,
                554,
                555,
                556,
                559,
                560,
                561,
                562,
                565,
                566,
                567,
                568,
                570,
                571,
                572,
                575,
                576,
                577,
                578,
                580,
                581,
                582,
                585,
                586,
                597,
                598,
                601,
                602,
                614,
                615,
                617,
                618,
                621,
                622,
                623,
                624,
                625,
                626,
                629,
                630,
                631,
                632,
                635,
                636,
                637,
                638,
                641,
                642,
                643,
                644,
                647,
                648,
                655,
                656,
                658,
                661,
                662,
                663,
                664,
                667,
                668,
                669,
                670,
                673,
                674,
                675,
                676,
                678,
                679,
                682,
                683,
                684,
                685,
                688,
                689,
                690,
                691,
                694,
                695,
                703,
                704,
                707,
                708,
                716,
                717,
                720,
                721,
                733,
                734,
                736,
                737,
                740,
                741,
                749,
                755,
                758,
                759,
                761,
                763,
                766,
                767,
                769,
                770,
                773,
                774,
                782,
                783,
                785,
                786,
                789,
                790,
                791,
                792,
                795,
                796,
                797,
                798,
                801,
                802,
                804,
                805,
                807,
                808,
                811,
                812,
                813,
                814,
                817,
                818,
                824,
                825
            ],
            "summary": {
                "covered_lines": 433,
                "num_statements": 433,
                "percent_covered": 100.0,
                "percent_covered_display": "100",
                "missing_lines": 0,
                "excluded_lines": 0
            },
            "missing_lines": [],
            "excluded_lines": [],
            "functions": {
                "test_dataframe_error_message_format": {
                    "executed_lines": [
                        12,
                        13,
                        15,
                        29,
                        30
                    ],
                    "summary": {
                        "covered_lines": 5,
                        "num_statements": 5,
                        "percent_covered": 100.0,
                        "percent_covered_display": "100",
                        "missing_lines": 0,
                        "excluded_lines": 0
                    },
                    "missing_lines": [],
                    "excluded_lines": []
                },
                "test_dataframe_error_message_format_accept_only_message": {
                    "executed_lines": [
                        34,
                        36,
                        42,
                        43
                    ],
                    "summary": {
                        "covered_lines": 4,
                        "num_statements": 4,
                        "percent_covered": 100.0,
                        "percent_covered_display": "100",
                        "missing_lines": 0,
                        "excluded_lines": 0
                    },
                    "missing_lines": [],
                    "excluded_lines": []
                },
                "test_dataframe_error_message_format_accepts_no_arguments": {
                    "executed_lines": [
                        47,
                        53,
                        54
                    ],
                    "summary": {
                        "covered_lines": 3,
                        "num_statements": 3,
                        "percent_covered": 100.0,
                        "percent_covered_display": "100",
                        "missing_lines": 0,
                        "excluded_lines": 0
                    },
                    "missing_lines": [],
                    "excluded_lines": []
                },
                "test_sanitize_column_inputs_works_with_": {
                    "executed_lines": [
                        67,
                        68
                    ],
                    "summary": {
                        "covered_lines": 2,
                        "num_statements": 2,
                        "percent_covered": 100.0,
                        "percent_covered_display": "100",
                        "missing_lines": 0,
                        "excluded_lines": 0
                    },
                    "missing_lines": [],
                    "excluded_lines": []
                },
                "test_sanitize_column_inputs_for_type_checker_pl_dtypes": {
                    "executed_lines": [
                        72,
                        73
                    ],
                    "summary": {
                        "covered_lines": 2,
                        "num_statements": 2,
                        "percent_covered": 100.0,
                        "percent_covered_display": "100",
                        "missing_lines": 0,
                        "excluded_lines": 0
                    },
                    "missing_lines": [],
                    "excluded_lines": []
                },
                "test_is_shape": {
                    "executed_lines": [
                        77,
                        78,
                        79
                    ],
                    "summary": {
                        "covered_lines": 3,
                        "num_statements": 3,
                        "percent_covered": 100.0,
                        "percent_covered_display": "100",
                        "missing_lines": 0,
                        "excluded_lines": 0
                    },
                    "missing_lines": [],
                    "excluded_lines": []
                },
                "test_is_shape_should_error_when_expected_shape_has_only_nones": {
                    "executed_lines": [
                        83,
                        89,
                        90
                    ],
                    "summary": {
                        "covered_lines": 3,
                        "num_statements": 3,
                        "percent_covered": 100.0,
                        "percent_covered_display": "100",
                        "missing_lines": 0,
                        "excluded_lines": 0
                    },
                    "missing_lines": [],
                    "excluded_lines": []
                },
                "test_is_shape_should_accept_none_values_to_facilitate_comparison": {
                    "executed_lines": [
                        95,
                        101,
                        102
                    ],
                    "summary": {
                        "covered_lines": 3,
                        "num_statements": 3,
                        "percent_covered": 100.0,
                        "percent_covered_display": "100",
                        "missing_lines": 0,
                        "excluded_lines": 0
                    },
                    "missing_lines": [],
                    "excluded_lines": []
                },
                "test_is_shape_should__error_with_wrong_expected_dimensions": {
                    "executed_lines": [
                        107,
                        113,
                        114
                    ],
                    "summary": {
                        "covered_lines": 3,
                        "num_statements": 3,
                        "percent_covered": 100.0,
                        "percent_covered_display": "100",
                        "missing_lines": 0,
                        "excluded_lines": 0
                    },
                    "missing_lines": [],
                    "excluded_lines": []
                },
                "test_is_shape_should_accept_group_by_option": {
                    "executed_lines": [
                        118,
                        125,
                        126
                    ],
                    "summary": {
                        "covered_lines": 3,
                        "num_statements": 3,
                        "percent_covered": 100.0,
                        "percent_covered_display": "100",
                        "missing_lines": 0,
                        "excluded_lines": 0
                    },
                    "missing_lines": [],
                    "excluded_lines": []
                },
                "test_is_shape_should_should_error_when_row_count_per_group_does_not_match": {
                    "executed_lines": [
                        130,
                        136,
                        137
                    ],
                    "summary": {
                        "covered_lines": 3,
                        "num_statements": 3,
                        "percent_covered": 100.0,
                        "percent_covered_display": "100",
                        "missing_lines": 0,
                        "excluded_lines": 0
                    },
                    "missing_lines": [],
                    "excluded_lines": []
                },
                "test_has_columns": {
                    "executed_lines": [
                        141,
                        142,
                        143
                    ],
                    "summary": {
                        "covered_lines": 3,
                        "num_statements": 3,
                        "percent_covered": 100.0,
                        "percent_covered_display": "100",
                        "missing_lines": 0,
                        "excluded_lines": 0
                    },
                    "missing_lines": [],
                    "excluded_lines": []
                },
                "test_has_columns_accepts_lists": {
                    "executed_lines": [
                        147,
                        148,
                        149
                    ],
                    "summary": {
                        "covered_lines": 3,
                        "num_statements": 3,
                        "percent_covered": 100.0,
                        "percent_covered_display": "100",
                        "missing_lines": 0,
                        "excluded_lines": 0
                    },
                    "missing_lines": [],
                    "excluded_lines": []
                },
                "test_has_columns_should_error_on_missing_column": {
                    "executed_lines": [
                        153,
                        154,
                        155,
                        157,
                        158,
                        159
                    ],
                    "summary": {
                        "covered_lines": 6,
                        "num_statements": 6,
                        "percent_covered": 100.0,
                        "percent_covered_display": "100",
                        "missing_lines": 0,
                        "excluded_lines": 0
                    },
                    "missing_lines": [],
                    "excluded_lines": []
                },
                "test_has_dtypes_accepts_dict": {
                    "executed_lines": [
                        163,
                        164,
                        165
                    ],
                    "summary": {
                        "covered_lines": 3,
                        "num_statements": 3,
                        "percent_covered": 100.0,
                        "percent_covered_display": "100",
                        "missing_lines": 0,
                        "excluded_lines": 0
                    },
                    "missing_lines": [],
                    "excluded_lines": []
                },
                "test_has_dtypes_accepts_dict_should_error_if_types_are_not_matched": {
                    "executed_lines": [
                        169,
                        170,
                        171,
                        173
                    ],
                    "summary": {
                        "covered_lines": 4,
                        "num_statements": 4,
                        "percent_covered": 100.0,
                        "percent_covered_display": "100",
                        "missing_lines": 0,
                        "excluded_lines": 0
                    },
                    "missing_lines": [],
                    "excluded_lines": []
                },
                "test_has_dtypes_accepts_dict_should_error_if_columns_are_missing": {
                    "executed_lines": [
                        177,
                        178,
                        179
                    ],
                    "summary": {
                        "covered_lines": 3,
                        "num_statements": 3,
                        "percent_covered": 100.0,
                        "percent_covered_display": "100",
                        "missing_lines": 0,
                        "excluded_lines": 0
                    },
                    "missing_lines": [],
                    "excluded_lines": []
                },
                "test_has_dtypes_accepts_dict_should_indicate_mismatched_dtypes": {
                    "executed_lines": [
                        183,
                        184,
                        185,
                        187,
                        188,
                        189
                    ],
                    "summary": {
                        "covered_lines": 6,
                        "num_statements": 6,
                        "percent_covered": 100.0,
                        "percent_covered_display": "100",
                        "missing_lines": 0,
                        "excluded_lines": 0
                    },
                    "missing_lines": [],
                    "excluded_lines": []
                },
                "test_is_shape_should_error_on_wrong_shape": {
                    "executed_lines": [
                        193,
                        194,
                        195
                    ],
                    "summary": {
                        "covered_lines": 3,
                        "num_statements": 3,
                        "percent_covered": 100.0,
                        "percent_covered_display": "100",
                        "missing_lines": 0,
                        "excluded_lines": 0
                    },
                    "missing_lines": [],
                    "excluded_lines": []
                },
                "test_has_no_nulls_returns_df_when_all_values_defined": {
                    "executed_lines": [
                        199,
                        200,
                        201
                    ],
                    "summary": {
                        "covered_lines": 3,
                        "num_statements": 3,
                        "percent_covered": 100.0,
                        "percent_covered_display": "100",
                        "missing_lines": 0,
                        "excluded_lines": 0
                    },
                    "missing_lines": [],
                    "excluded_lines": []
                },
                "test_has_no_nulls_throws_error_on_null_values": {
                    "executed_lines": [
                        205,
                        206,
                        207
                    ],
                    "summary": {
                        "covered_lines": 3,
                        "num_statements": 3,
                        "percent_covered": 100.0,
                        "percent_covered_display": "100",
                        "missing_lines": 0,
                        "excluded_lines": 0
                    },
                    "missing_lines": [],
                    "excluded_lines": []
                },
                "test_has_no_nulls_indicates_columns_with_nulls_in_error_message": {
                    "executed_lines": [
                        211,
                        212,
                        216,
                        217,
                        218
                    ],
                    "summary": {
                        "covered_lines": 5,
                        "num_statements": 5,
                        "percent_covered": 100.0,
                        "percent_covered_display": "100",
                        "missing_lines": 0,
                        "excluded_lines": 0
                    },
                    "missing_lines": [],
                    "excluded_lines": []
                },
                "test_has_no_infs_returns_df_when_all_values_defined": {
                    "executed_lines": [
                        222,
                        223,
                        224
                    ],
                    "summary": {
                        "covered_lines": 3,
                        "num_statements": 3,
                        "percent_covered": 100.0,
                        "percent_covered_display": "100",
                        "missing_lines": 0,
                        "excluded_lines": 0
                    },
                    "missing_lines": [],
                    "excluded_lines": []
                },
                "test_has_no_infs_throws_error_on_inf_values": {
                    "executed_lines": [
                        228,
                        229,
                        230,
                        231,
                        232
                    ],
                    "summary": {
                        "covered_lines": 5,
                        "num_statements": 5,
                        "percent_covered": 100.0,
                        "percent_covered_display": "100",
                        "missing_lines": 0,
                        "excluded_lines": 0
                    },
                    "missing_lines": [],
                    "excluded_lines": []
                },
                "test_unique_should_return_df_if_column_has_unique_values": {
                    "executed_lines": [
                        236,
                        237,
                        238
                    ],
                    "summary": {
                        "covered_lines": 3,
                        "num_statements": 3,
                        "percent_covered": 100.0,
                        "percent_covered_display": "100",
                        "missing_lines": 0,
                        "excluded_lines": 0
                    },
                    "missing_lines": [],
                    "excluded_lines": []
                },
                "test_unique_should_should_accept_list_and_polars_select": {
                    "executed_lines": [
                        242,
                        243,
                        244,
                        246,
                        247,
                        248
                    ],
                    "summary": {
                        "covered_lines": 6,
                        "num_statements": 6,
                        "percent_covered": 100.0,
                        "percent_covered_display": "100",
                        "missing_lines": 0,
                        "excluded_lines": 0
                    },
                    "missing_lines": [],
                    "excluded_lines": []
                },
                "test_unique_should_throw_error_on_duplicates": {
                    "executed_lines": [
                        252,
                        253,
                        254,
                        255
                    ],
                    "summary": {
                        "covered_lines": 4,
                        "num_statements": 4,
                        "percent_covered": 100.0,
                        "percent_covered_display": "100",
                        "missing_lines": 0,
                        "excluded_lines": 0
                    },
                    "missing_lines": [],
                    "excluded_lines": []
                },
                "test_not_constant": {
                    "executed_lines": [
                        259,
                        260,
                        261
                    ],
                    "summary": {
                        "covered_lines": 3,
                        "num_statements": 3,
                        "percent_covered": 100.0,
                        "percent_covered_display": "100",
                        "missing_lines": 0,
                        "excluded_lines": 0
                    },
                    "missing_lines": [],
                    "excluded_lines": []
                },
                "test_not_constant_throws_error_on_constant_columns": {
                    "executed_lines": [
                        265,
                        266,
                        267
                    ],
                    "summary": {
                        "covered_lines": 3,
                        "num_statements": 3,
                        "percent_covered": 100.0,
                        "percent_covered_display": "100",
                        "missing_lines": 0,
                        "excluded_lines": 0
                    },
                    "missing_lines": [],
                    "excluded_lines": []
                },
                "test_not_constant_accept_different_types_of_input": {
                    "executed_lines": [
                        271,
                        272,
                        273,
                        275,
                        276,
                        277
                    ],
                    "summary": {
                        "covered_lines": 6,
                        "num_statements": 6,
                        "percent_covered": 100.0,
                        "percent_covered_display": "100",
                        "missing_lines": 0,
                        "excluded_lines": 0
                    },
                    "missing_lines": [],
                    "excluded_lines": []
                },
                "test_not_constant_accepts_group_by_option": {
                    "executed_lines": [
                        281,
                        287,
                        288
                    ],
                    "summary": {
                        "covered_lines": 3,
                        "num_statements": 3,
                        "percent_covered": 100.0,
                        "percent_covered_display": "100",
                        "missing_lines": 0,
                        "excluded_lines": 0
                    },
                    "missing_lines": [],
                    "excluded_lines": []
                },
                "test_not_constant_should_error_when_values_for_one_group_are_constant": {
                    "executed_lines": [
                        292,
                        298,
                        299,
                        301
                    ],
                    "summary": {
                        "covered_lines": 4,
                        "num_statements": 4,
                        "percent_covered": 100.0,
                        "percent_covered_display": "100",
                        "missing_lines": 0,
                        "excluded_lines": 0
                    },
                    "missing_lines": [],
                    "excluded_lines": []
                },
                "test_accepted_values": {
                    "executed_lines": [
                        305,
                        306,
                        307,
                        308
                    ],
                    "summary": {
                        "covered_lines": 4,
                        "num_statements": 4,
                        "percent_covered": 100.0,
                        "percent_covered_display": "100",
                        "missing_lines": 0,
                        "excluded_lines": 0
                    },
                    "missing_lines": [],
                    "excluded_lines": []
                },
                "test_accepted_values_should_accept_pl_expr": {
                    "executed_lines": [
                        312,
                        313,
                        314,
                        315
                    ],
                    "summary": {
                        "covered_lines": 4,
                        "num_statements": 4,
                        "percent_covered": 100.0,
                        "percent_covered_display": "100",
                        "missing_lines": 0,
                        "excluded_lines": 0
                    },
                    "missing_lines": [],
                    "excluded_lines": []
                },
                "test_accepted_values_should_error_on_out_of_range_values": {
                    "executed_lines": [
                        319,
                        320,
                        321,
                        323,
                        324,
                        326,
                        327
                    ],
                    "summary": {
                        "covered_lines": 7,
                        "num_statements": 7,
                        "percent_covered": 100.0,
                        "percent_covered_display": "100",
                        "missing_lines": 0,
                        "excluded_lines": 0
                    },
                    "missing_lines": [],
                    "excluded_lines": []
                },
                "test_not_accepted_values": {
                    "executed_lines": [
                        331,
                        332,
                        333
                    ],
                    "summary": {
                        "covered_lines": 3,
                        "num_statements": 3,
                        "percent_covered": 100.0,
                        "percent_covered_display": "100",
                        "missing_lines": 0,
                        "excluded_lines": 0
                    },
                    "missing_lines": [],
                    "excluded_lines": []
                },
                "test_not_accepted_values_should_accept_pl_expr": {
                    "executed_lines": [
                        337,
                        338,
                        339
                    ],
                    "summary": {
                        "covered_lines": 3,
                        "num_statements": 3,
                        "percent_covered": 100.0,
                        "percent_covered_display": "100",
                        "missing_lines": 0,
                        "excluded_lines": 0
                    },
                    "missing_lines": [],
                    "excluded_lines": []
                },
                "test_not_accepted_values_should_error_on_forbidden_values": {
                    "executed_lines": [
                        343,
                        344,
                        346,
                        347,
                        348
                    ],
                    "summary": {
                        "covered_lines": 5,
                        "num_statements": 5,
                        "percent_covered": 100.0,
                        "percent_covered_display": "100",
                        "missing_lines": 0,
                        "excluded_lines": 0
                    },
                    "missing_lines": [],
                    "excluded_lines": []
                },
                "test_not_null_proportion_accept_proportion_range_or_single_input": {
                    "executed_lines": [
                        354,
                        355,
                        356,
                        358,
                        359
                    ],
                    "summary": {
                        "covered_lines": 5,
                        "num_statements": 5,
                        "percent_covered": 100.0,
                        "percent_covered_display": "100",
                        "missing_lines": 0,
                        "excluded_lines": 0
                    },
                    "missing_lines": [],
                    "excluded_lines": []
                },
                "test_not_null_proportion_accept_multiple_input": {
                    "executed_lines": [
                        363,
                        369,
                        370
[...]
                        83,
                        89,
                        90,
                        93,
                        94,
                        95,
                        101,
                        102,
                        105,
                        106,
                        107,
                        113,
                        114,
                        117,
                        118,
                        125,
                        126,
                        129,
                        130,
                        136,
                        137,
                        140,
                        141,
                        142,
                        143,
                        146,
                        147,
                        148,
                        149,
                        152,
                        153,
                        154,
                        155,
                        157,
                        158,
                        159,
                        162,
                        163,
                        164,
                        165,
                        168,
                        169,
                        170,
                        171,
                        173,
                        176,
                        177,
                        178,
                        179,
                        182,
                        183,
                        184,
                        185,
                        187,
                        188,
                        189,
                        192,
                        193,
                        194,
                        195,
                        198,
                        199,
                        200,
                        201,
                        204,
                        205,
                        206,
                        207,
                        210,
                        211,
                        212,
                        216,
                        217,
                        218,
                        221,
                        222,
                        223,
                        224,
                        227,
                        228,
                        229,
                        230,
                        231,
                        232,
                        235,
                        236,
                        237,
                        238,
                        241,
                        242,
                        243,
                        244,
                        246,
                        247,
                        248,
                        251,
                        252,
                        253,
                        254,
                        255,
                        258,
                        259,
                        260,
                        261,
                        264,
                        265,
                        266,
                        267,
                        270,
                        271,
                        272,
                        273,
                        275,
                        276,
                        277,
                        280,
                        281,
                        287,
                        288,
                        291,
                        292,
                        298,
                        299,
                        301,
                        304,
                        305,
                        306,
                        307,
                        308,
                        311,
                        312,
                        313,
                        314,
                        315,
                        318,
                        319,
                        320,
                        321,
                        323,
                        324,
                        326,
                        327,
                        330,
                        331,
                        332,
                        333,
                        336,
                        337,
                        338,
                        339,
                        342,
                        343,
                        344,
                        346,
                        347,
                        348,
                        353,
                        354,
                        355,
                        356,
                        358,
                        359,
                        362,
                        363,
                        369,
                        370,
                        373,
                        374,
                        380,
                        381,
                        384,
                        385,
                        391,
                        392,
                        395,
                        396,
                        397,
                        398,
                        400,
                        401,
                        404,
                        405,
                        406,
                        408,
                        416,
                        419,
                        420,
                        421,
                        422,
                        425,
                        426,
                        427,
                        428,
                        429,
                        430,
                        431,
                        432,
                        433,
                        434,
                        437,
                        438,
                        439,
                        440,
                        441,
                        444,
                        445,
                        446,
                        447,
                        449,
                        450,
                        453,
                        454,
                        455,
                        456,
                        457,
                        460,
                        461,
                        462,
                        463,
                        464,
                        467,
                        468,
                        469,
                        470,
                        471,
                        472,
                        474,
                        475,
                        476,
                        477,
                        478,
                        481,
                        482,
                        483,
                        484,
                        487,
                        488,
                        489,
                        490,
                        493,
                        494,
                        495,
                        496,
                        499,
                        500,
                        501,
                        502,
                        505,
                        506,
                        507,
                        508,
                        510,
                        511,
                        514,
                        523,
                        524,
                        525,
                        526,
                        528,
                        530,
                        531,
                        534,
                        535,
                        536,
                        545,
                        546,
                        549,
                        550,
                        551,
                        552,
                        554,
                        555,
                        556,
                        559,
                        560,
                        561,
                        562,
                        565,
                        566,
                        567,
                        568,
                        570,
                        571,
                        572,
                        575,
                        576,
                        577,
                        578,
                        580,
                        581,
                        582,
                        585,
                        586,
                        597,
                        598,
                        601,
                        602,
                        614,
                        615,
                        617,
                        618,
                        621,
                        622,
                        623,
                        624,
                        625,
                        626,
                        629,
                        630,
                        631,
                        632,
                        635,
                        636,
                        637,
                        638,
                        641,
                        642,
                        643,
                        644,
                        647,
                        648,
                        655,
                        656,
                        658,
                        661,
                        662,
                        663,
                        664,
                        667,
                        668,
                        669,
                        670,
                        673,
                        674,
                        675,
                        676,
                        678,
                        679,
                        682,
                        683,
                        684,
                        685,
                        688,
                        689,
                        690,
                        691,
                        694,
                        695,
                        703,
                        704,
                        707,
                        708,
                        716,
                        717,
                        720,
                        721,
                        733,
                        734,
                        736,
                        737,
                        740,
                        741,
                        749,
                        755,
                        758,
                        759,
                        761,
                        763,
                        766,
                        767,
                        769,
                        770,
                        773,
                        774,
                        782,
                        783,
                        785,
                        786,
                        789,
                        790,
                        791,
                        792,
                        795,
                        796,
                        797,
                        798,
                        801,
                        802,
                        804,
                        805,
                        807,
                        808,
                        811,
                        812,
                        813,
                        814,
                        817,
                        818,
                        824,
                        825
                    ],
                    "summary": {
                        "covered_lines": 433,
                        "num_statements": 433,
                        "percent_covered": 100.0,
                        "percent_covered_display": "100",
                        "missing_lines": 0,
                        "excluded_lines": 0
                    },
                    "missing_lines": [],
                    "excluded_lines": []
                }
            }
        },
        "tests/test_utils.py": {
            "executed_lines": [
                1,
                3,
                5,
                8,
                9,
                10,
                11,
                12,
                15,
                16,
                17,
                18,
                19,
                20,
                23,
                24,
                25,
                26,
                27,
                28,
                31,
                32,
                33,
                34,
                37,
                38,
                39,
                40,
                41,
                44,
                45,
                46,
                47,
                52
            ],
            "summary": {
                "covered_lines": 34,
                "num_statements": 34,
                "percent_covered": 100.0,
                "percent_covered_display": "100",
                "missing_lines": 0,
                "excluded_lines": 0
            },
            "missing_lines": [],
            "excluded_lines": [],
            "functions": {
                "test_list_defective_columns_should_be_empty_when_bad_df_is_empty": {
                    "executed_lines": [
                        9,
                        10,
                        11,
                        12
                    ],
                    "summary": {
                        "covered_lines": 4,
                        "num_statements": 4,
                        "percent_covered": 100.0,
                        "percent_covered_display": "100",
                        "missing_lines": 0,
                        "excluded_lines": 0
                    },
                    "missing_lines": [],
                    "excluded_lines": []
                },
                "test_list_defective_columns_should_return_name_of_single_defective_column": {
                    "executed_lines": [
                        16,
                        17,
                        18,
                        19,
                        20
                    ],
                    "summary": {
                        "covered_lines": 5,
                        "num_statements": 5,
                        "percent_covered": 100.0,
                        "percent_covered_display": "100",
                        "missing_lines": 0,
                        "excluded_lines": 0
                    },
                    "missing_lines": [],
                    "excluded_lines": []
                },
                "test_list_defective_columns_should_return_all_name_of_defective_columns": {
                    "executed_lines": [
                        24,
                        25,
                        26,
                        27,
                        28
                    ],
                    "summary": {
                        "covered_lines": 5,
                        "num_statements": 5,
                        "percent_covered": 100.0,
                        "percent_covered_display": "100",
                        "missing_lines": 0,
                        "excluded_lines": 0
                    },
                    "missing_lines": [],
                    "excluded_lines": []
                },
                "test_compare_schema_should_be_empty_when_types_matche": {
                    "executed_lines": [
                        32,
                        33,
                        34
                    ],
                    "summary": {
                        "covered_lines": 3,
                        "num_statements": 3,
                        "percent_covered": 100.0,
                        "percent_covered_display": "100",
                        "missing_lines": 0,
                        "excluded_lines": 0
                    },
                    "missing_lines": [],
                    "excluded_lines": []
                },
                "test_compare_schema_returns_column_expected_and_real_dtypes": {
                    "executed_lines": [
                        38,
                        39,
                        40,
                        41
                    ],
                    "summary": {
                        "covered_lines": 4,
                        "num_statements": 4,
                        "percent_covered": 100.0,
                        "percent_covered_display": "100",
                        "missing_lines": 0,
                        "excluded_lines": 0
                    },
                    "missing_lines": [],
                    "excluded_lines": []
                },
                "test_compare_schema_returns_one_line_per_mismatch_column": {
                    "executed_lines": [
                        45,
                        46,
                        47,
                        52
                    ],
                    "summary": {
                        "covered_lines": 4,
                        "num_statements": 4,
                        "percent_covered": 100.0,
                        "percent_covered_display": "100",
                        "missing_lines": 0,
                        "excluded_lines": 0
                    },
                    "missing_lines": [],
                    "excluded_lines": []
                },
                "": {
                    "executed_lines": [
                        1,
                        3,
                        5,
                        8,
                        15,
                        23,
                        31,
                        37,
                        44
                    ],
                    "summary": {
                        "covered_lines": 9,
                        "num_statements": 9,
                        "percent_covered": 100.0,
                        "percent_covered_display": "100",
                        "missing_lines": 0,
                        "excluded_lines": 0
                    },
                    "missing_lines": [],
                    "excluded_lines": []
                }
            },
            "classes": {
                "": {
                    "executed_lines": [
                        1,
                        3,
                        5,
                        8,
                        9,
                        10,
                        11,
                        12,
                        15,
                        16,
                        17,
                        18,
                        19,
                        20,
                        23,
                        24,
                        25,
                        26,
                        27,
                        28,
                        31,
                        32,
                        33,
                        34,
                        37,
                        38,
                        39,
                        40,
                        41,
                        44,
                        45,
                        46,
                        47,
                        52
                    ],
                    "summary": {
                        "covered_lines": 34,
                        "num_statements": 34,
                        "percent_covered": 100.0,
                        "percent_covered_display": "100",
                        "missing_lines": 0,
                        "excluded_lines": 0
                    },
                    "missing_lines": [],
                    "excluded_lines": []
                }
            }
        }
    },
    "totals": {
        "covered_lines": 727,
        "num_statements": 727,
        "percent_covered": 100.0,
        "percent_covered_display": "100",
        "missing_lines": 0,
        "excluded_lines": 0
    }
}