{
    "meta": {
        "format": 3,
        "version": "7.10.6",
        "timestamp": "2025-09-28T15:06:11.085119",
        "branch_coverage": false,
        "show_contexts": false
    },
    "files": {
        "pelage/__init__.py": {
            "executed_lines": [
                2,
                4,
                6,
                7,
                8,
                9,
                12,
                13,
                14,
                15,
                18,
                19,
                20,
                21,
                22,
                25,
                28,
                31,
                32,
                35,
                36,
                39
            ],
            "summary": {
                "covered_lines": 22,
                "num_statements": 22,
                "percent_covered": 100.0,
                "percent_covered_display": "100",
                "missing_lines": 0,
                "excluded_lines": 0
            },
            "missing_lines": [],
            "excluded_lines": [],
            "functions": {
                "": {
                    "executed_lines": [
                        2,
                        4,
                        6,
                        7,
                        8,
                        9,
                        12,
                        13,
                        14,
                        15,
                        18,
                        19,
                        20,
                        21,
                        22,
                        25,
                        28,
                        31,
                        32,
                        35,
                        36,
                        39
                    ],
                    "summary": {
                        "covered_lines": 22,
                        "num_statements": 22,
                        "percent_covered": 100.0,
                        "percent_covered_display": "100",
                        "missing_lines": 0,
                        "excluded_lines": 0
                    },
                    "missing_lines": [],
                    "excluded_lines": []
                }
            },
            "classes": {
                "": {
                    "executed_lines": [
                        2,
                        4,
                        6,
                        7,
                        8,
                        9,
                        12,
                        13,
                        14,
                        15,
                        18,
                        19,
                        20,
                        21,
                        22,
                        25,
                        28,
                        31,
                        32,
                        35,
                        36,
                        39
                    ],
                    "summary": {
                        "covered_lines": 22,
                        "num_statements": 22,
                        "percent_covered": 100.0,
                        "percent_covered_display": "100",
                        "missing_lines": 0,
                        "excluded_lines": 0
                    },
                    "missing_lines": [],
                    "excluded_lines": []
                }
            }
        },
        "pelage/checks/__init__.py": {
            "executed_lines": [
                0
            ],
            "summary": {
                "covered_lines": 0,
                "num_statements": 0,
                "percent_covered": 100.0,
                "percent_covered_display": "100",
                "missing_lines": 0,
                "excluded_lines": 0
            },
            "missing_lines": [],
            "excluded_lines": [],
            "functions": {
                "": {
                    "executed_lines": [],
                    "summary": {
                        "covered_lines": 0,
                        "num_statements": 0,
                        "percent_covered": 100.0,
                        "percent_covered_display": "100",
                        "missing_lines": 0,
                        "excluded_lines": 0
                    },
                    "missing_lines": [],
                    "excluded_lines": []
                }
            },
            "classes": {
                "": {
                    "executed_lines": [],
                    "summary": {
                        "covered_lines": 0,
                        "num_statements": 0,
                        "percent_covered": 100.0,
                        "percent_covered_display": "100",
                        "missing_lines": 0,
                        "excluded_lines": 0
                    },
                    "missing_lines": [],
                    "excluded_lines": []
                }
            }
        },
        "pelage/checks/accepted_range.py": {
            "executed_lines": [
                1,
                3,
                5,
                12,
                95,
                98,
                102,
                104,
                105,
                108
            ],
            "summary": {
                "covered_lines": 10,
                "num_statements": 10,
                "percent_covered": 100.0,
                "percent_covered_display": "100",
                "missing_lines": 0,
                "excluded_lines": 1
            },
            "missing_lines": [],
            "excluded_lines": [
                15
            ],
            "functions": {
                "accepted_range": {
                    "executed_lines": [
                        95,
                        98,
                        102,
                        104,
                        105,
                        108
                    ],
                    "summary": {
                        "covered_lines": 6,
                        "num_statements": 6,
                        "percent_covered": 100.0,
                        "percent_covered_display": "100",
                        "missing_lines": 0,
                        "excluded_lines": 1
                    },
                    "missing_lines": [],
                    "excluded_lines": [
                        15
                    ]
                },
                "": {
                    "executed_lines": [
                        1,
                        3,
                        5,
                        12
                    ],
                    "summary": {
                        "covered_lines": 4,
                        "num_statements": 4,
                        "percent_covered": 100.0,
                        "percent_covered_display": "100",
                        "missing_lines": 0,
                        "excluded_lines": 0
                    },
                    "missing_lines": [],
                    "excluded_lines": []
                }
            },
            "classes": {
                "": {
                    "executed_lines": [
                        1,
                        3,
                        5,
                        12,
                        95,
                        98,
                        102,
                        104,
                        105,
                        108
                    ],
                    "summary": {
                        "covered_lines": 10,
                        "num_statements": 10,
                        "percent_covered": 100.0,
                        "percent_covered_display": "100",
                        "missing_lines": 0,
                        "excluded_lines": 1
                    },
                    "missing_lines": [],
                    "excluded_lines": [
                        15
                    ]
                }
            }
        },
        "pelage/checks/accepted_values.py": {
            "executed_lines": [
                1,
                3,
                5,
                8,
                62,
                65,
                67,
                68,
                73,
                78
            ],
            "summary": {
                "covered_lines": 10,
                "num_statements": 10,
                "percent_covered": 100.0,
                "percent_covered_display": "100",
                "missing_lines": 0,
                "excluded_lines": 1
            },
            "missing_lines": [],
            "excluded_lines": [
                11
            ],
            "functions": {
                "accepted_values": {
                    "executed_lines": [
                        62,
                        65,
                        67,
                        68,
                        73,
                        78
                    ],
                    "summary": {
                        "covered_lines": 6,
                        "num_statements": 6,
                        "percent_covered": 100.0,
                        "percent_covered_display": "100",
                        "missing_lines": 0,
                        "excluded_lines": 1
                    },
                    "missing_lines": [],
                    "excluded_lines": [
                        11
                    ]
                },
                "": {
                    "executed_lines": [
                        1,
                        3,
                        5,
                        8
                    ],
                    "summary": {
                        "covered_lines": 4,
                        "num_statements": 4,
                        "percent_covered": 100.0,
                        "percent_covered_display": "100",
                        "missing_lines": 0,
                        "excluded_lines": 0
                    },
                    "missing_lines": [],
                    "excluded_lines": []
                }
            },
            "classes": {
                "": {
                    "executed_lines": [
                        1,
                        3,
                        5,
                        8,
                        62,
                        65,
                        67,
                        68,
                        73,
                        78
                    ],
                    "summary": {
                        "covered_lines": 10,
                        "num_statements": 10,
                        "percent_covered": 100.0,
                        "percent_covered_display": "100",
                        "missing_lines": 0,
                        "excluded_lines": 1
                    },
                    "missing_lines": [],
                    "excluded_lines": [
                        11
                    ]
                }
            }
        },
        "pelage/checks/at_least_one.py": {
            "executed_lines": [
                1,
                3,
                5,
                11,
                17,
                100,
                102,
                104,
                105,
                106,
                119,
                132,
                133,
                137,
                140,
                150,
                152,
                153,
                156
            ],
            "summary": {
                "covered_lines": 19,
                "num_statements": 19,
                "percent_covered": 100.0,
                "percent_covered_display": "100",
                "missing_lines": 0,
                "excluded_lines": 1
            },
            "missing_lines": [],
            "excluded_lines": [
                22
            ],
            "functions": {
                "at_least_one": {
                    "executed_lines": [
                        100,
                        102,
                        104,
                        105,
                        106,
                        119,
                        132,
                        133,
                        137,
                        140,
                        150,
                        152,
                        153,
                        156
                    ],
                    "summary": {
                        "covered_lines": 14,
                        "num_statements": 14,
                        "percent_covered": 100.0,
                        "percent_covered_display": "100",
                        "missing_lines": 0,
                        "excluded_lines": 1
                    },
                    "missing_lines": [],
                    "excluded_lines": [
                        22
                    ]
                },
                "": {
                    "executed_lines": [
                        1,
                        3,
                        5,
                        11,
                        17
                    ],
                    "summary": {
                        "covered_lines": 5,
                        "num_statements": 5,
                        "percent_covered": 100.0,
                        "percent_covered_display": "100",
                        "missing_lines": 0,
                        "excluded_lines": 0
                    },
                    "missing_lines": [],
                    "excluded_lines": []
                }
            },
            "classes": {
                "": {
                    "executed_lines": [
                        1,
                        3,
                        5,
                        11,
                        17,
                        100,
                        102,
                        104,
                        105,
                        106,
                        119,
                        132,
                        133,
                        137,
                        140,
                        150,
                        152,
                        153,
                        156
                    ],
                    "summary": {
                        "covered_lines": 19,
                        "num_statements": 19,
                        "percent_covered": 100.0,
                        "percent_covered_display": "100",
                        "missing_lines": 0,
                        "excluded_lines": 1
                    },
                    "missing_lines": [],
                    "excluded_lines": [
                        22
                    ]
                }
            }
        },
        "pelage/checks/column_is_within_n_std.py": {
            "executed_lines": [
                1,
                3,
                5,
                10,
                16,
                85,
                87,
                91,
                104,
                110,
                111,
                113,
                117,
                119,
                120,
                121,
                130
            ],
            "summary": {
                "covered_lines": 17,
                "num_statements": 17,
                "percent_covered": 100.0,
                "percent_covered_display": "100",
                "missing_lines": 0,
                "excluded_lines": 1
            },
            "missing_lines": [],
            "excluded_lines": [
                21
            ],
            "functions": {
                "column_is_within_n_std": {
                    "executed_lines": [
                        85,
                        87,
                        91,
                        104,
                        110,
                        111,
                        113,
                        117,
                        119,
                        120,
                        121,
                        130
                    ],
                    "summary": {
                        "covered_lines": 12,
                        "num_statements": 12,
                        "percent_covered": 100.0,
                        "percent_covered_display": "100",
                        "missing_lines": 0,
                        "excluded_lines": 1
                    },
                    "missing_lines": [],
                    "excluded_lines": [
                        21
                    ]
                },
                "": {
                    "executed_lines": [
                        1,
                        3,
                        5,
                        10,
                        16
                    ],
                    "summary": {
                        "covered_lines": 5,
                        "num_statements": 5,
                        "percent_covered": 100.0,
                        "percent_covered_display": "100",
                        "missing_lines": 0,
                        "excluded_lines": 0
                    },
                    "missing_lines": [],
                    "excluded_lines": []
                }
            },
            "classes": {
                "": {
                    "executed_lines": [
                        1,
                        3,
                        5,
                        10,
                        16,
                        85,
                        87,
                        91,
                        104,
                        110,
                        111,
                        113,
                        117,
                        119,
                        120,
                        121,
                        130
                    ],
                    "summary": {
                        "covered_lines": 17,
                        "num_statements": 17,
                        "percent_covered": 100.0,
                        "percent_covered_display": "100",
                        "missing_lines": 0,
                        "excluded_lines": 1
                    },
                    "missing_lines": [],
                    "excluded_lines": [
                        21
                    ]
                }
            }
        },
        "pelage/checks/custom_check.py": {
            "executed_lines": [
                1,
                3,
                6,
                66,
                67,
                69,
                70,
                74
            ],
            "summary": {
                "covered_lines": 8,
                "num_statements": 8,
                "percent_covered": 100.0,
                "percent_covered_display": "100",
                "missing_lines": 0,
                "excluded_lines": 1
            },
            "missing_lines": [],
            "excluded_lines": [
                9
            ],
            "functions": {
                "custom_check": {
                    "executed_lines": [
                        66,
                        67,
                        69,
                        70,
                        74
                    ],
                    "summary": {
                        "covered_lines": 5,
                        "num_statements": 5,
                        "percent_covered": 100.0,
                        "percent_covered_display": "100",
                        "missing_lines": 0,
                        "excluded_lines": 1
                    },
                    "missing_lines": [],
                    "excluded_lines": [
                        9
                    ]
                },
                "": {
                    "executed_lines": [
                        1,
                        3,
                        6
                    ],
                    "summary": {
                        "covered_lines": 3,
                        "num_statements": 3,
                        "percent_covered": 100.0,
                        "percent_covered_display": "100",
                        "missing_lines": 0,
                        "excluded_lines": 0
                    },
                    "missing_lines": [],
                    "excluded_lines": []
                }
            },
            "classes": {
                "": {
                    "executed_lines": [
                        1,
                        3,
                        6,
                        66,
                        67,
                        69,
                        70,
                        74
                    ],
                    "summary": {
                        "covered_lines": 8,
                        "num_statements": 8,
                        "percent_covered": 100.0,
                        "percent_covered_display": "100",
                        "missing_lines": 0,
                        "excluded_lines": 1
                    },
                    "missing_lines": [],
                    "excluded_lines": [
                        9
                    ]
                }
            }
        },
        "pelage/checks/has_columns.py": {
            "executed_lines": [
                1,
                3,
                5,
                6,
                9,
                10,
                11,
                13,
                16,
                69,
                71,
                72,
                77,
                78,
                79,
                82
            ],
            "summary": {
                "covered_lines": 16,
                "num_statements": 16,
                "percent_covered": 100.0,
                "percent_covered_display": "100",
                "missing_lines": 0,
                "excluded_lines": 1
            },
            "missing_lines": [],
            "excluded_lines": [
                19
            ],
            "functions": {
                "_get_lazyframe_columns": {
                    "executed_lines": [
                        10,
                        11,
                        13
                    ],
                    "summary": {
                        "covered_lines": 3,
                        "num_statements": 3,
                        "percent_covered": 100.0,
                        "percent_covered_display": "100",
                        "missing_lines": 0,
                        "excluded_lines": 0
                    },
                    "missing_lines": [],
                    "excluded_lines": []
                },
                "has_columns": {
                    "executed_lines": [
                        69,
                        71,
                        72,
                        77,
                        78,
                        79,
                        82
                    ],
                    "summary": {
                        "covered_lines": 7,
                        "num_statements": 7,
                        "percent_covered": 100.0,
                        "percent_covered_display": "100",
                        "missing_lines": 0,
                        "excluded_lines": 1
                    },
                    "missing_lines": [],
                    "excluded_lines": [
                        19
                    ]
                },
                "": {
                    "executed_lines": [
                        1,
                        3,
                        5,
                        6,
                        9,
                        16
                    ],
                    "summary": {
                        "covered_lines": 6,
                        "num_statements": 6,
                        "percent_covered": 100.0,
                        "percent_covered_display": "100",
                        "missing_lines": 0,
                        "excluded_lines": 0
                    },
                    "missing_lines": [],
                    "excluded_lines": []
                }
            },
            "classes": {
                "": {
                    "executed_lines": [
                        1,
                        3,
                        5,
                        6,
                        9,
                        10,
                        11,
                        13,
                        16,
                        69,
                        71,
                        72,
                        77,
                        78,
                        79,
                        82
                    ],
                    "summary": {
                        "covered_lines": 16,
                        "num_statements": 16,
                        "percent_covered": 100.0,
                        "percent_covered_display": "100",
                        "missing_lines": 0,
                        "excluded_lines": 1
                    },
                    "missing_lines": [],
                    "excluded_lines": [
                        19
                    ]
                }
            }
        },
        "pelage/checks/has_dtypes.py": {
            "executed_lines": [
                1,
                3,
                5,
                6,
                11,
                14,
                15,
                16,
                17,
                18,
                20,
                23,
                87,
                89,
                90,
                91,
                92,
                94,
                95,
                96,
                97,
                98,
                99
            ],
            "summary": {
                "covered_lines": 23,
                "num_statements": 23,
                "percent_covered": 100.0,
                "percent_covered_display": "100",
                "missing_lines": 0,
                "excluded_lines": 1
            },
            "missing_lines": [],
            "excluded_lines": [
                27
            ],
            "functions": {
                "_get_frame_schema": {
                    "executed_lines": [
                        15,
                        16,
                        17,
                        18,
                        20
                    ],
                    "summary": {
                        "covered_lines": 5,
                        "num_statements": 5,
                        "percent_covered": 100.0,
                        "percent_covered_display": "100",
                        "missing_lines": 0,
                        "excluded_lines": 0
                    },
                    "missing_lines": [],
                    "excluded_lines": []
                },
                "has_dtypes": {
                    "executed_lines": [
                        87,
                        89,
                        90,
                        91,
                        92,
                        94,
                        95,
                        96,
                        97,
                        98,
                        99
                    ],
                    "summary": {
                        "covered_lines": 11,
                        "num_statements": 11,
                        "percent_covered": 100.0,
                        "percent_covered_display": "100",
                        "missing_lines": 0,
                        "excluded_lines": 1
                    },
                    "missing_lines": [],
                    "excluded_lines": [
                        27
                    ]
                },
                "": {
                    "executed_lines": [
                        1,
                        3,
                        5,
                        6,
                        11,
                        14,
                        23
                    ],
                    "summary": {
                        "covered_lines": 7,
                        "num_statements": 7,
                        "percent_covered": 100.0,
                        "percent_covered_display": "100",
                        "missing_lines": 0,
                        "excluded_lines": 0
                    },
                    "missing_lines": [],
                    "excluded_lines": []
                }
            },
            "classes": {
                "": {
                    "executed_lines": [
                        1,
                        3,
                        5,
                        6,
                        11,
                        14,
                        15,
                        16,
                        17,
                        18,
                        20,
                        23,
                        87,
                        89,
                        90,
                        91,
                        92,
                        94,
                        95,
                        96,
                        97,
                        98,
                        99
                    ],
                    "summary": {
                        "covered_lines": 23,
                        "num_statements": 23,
                        "percent_covered": 100.0,
                        "percent_covered_display": "100",
                        "missing_lines": 0,
                        "excluded_lines": 1
                    },
                    "missing_lines": [],
                    "excluded_lines": [
                        27
                    ]
                }
            }
        },
        "pelage/checks/has_mandatory_values.py": {
            "executed_lines": [
                1,
                3,
                5,
                10,
                13,
                14,
                15,
                16,
                17,
                18,
                19,
                20,
                21,
                24,
                27,
                28,
                30,
                32,
                43,
                123,
                124,
                132,
                133,
                137,
                139,
                141,
                143,
                144,
                147
            ],
            "summary": {
                "covered_lines": 29,
                "num_statements": 29,
                "percent_covered": 100.0,
                "percent_covered_display": "100",
                "missing_lines": 0,
                "excluded_lines": 1
            },
            "missing_lines": [],
            "excluded_lines": [
                48
            ],
            "functions": {
                "_format_missing_elements": {
                    "executed_lines": [
                        14,
                        15,
                        16,
                        17,
                        18,
                        19,
                        20,
                        21
                    ],
                    "summary": {
                        "covered_lines": 8,
                        "num_statements": 8,
                        "percent_covered": 100.0,
                        "percent_covered_display": "100",
                        "missing_lines": 0,
                        "excluded_lines": 0
                    },
                    "missing_lines": [],
                    "excluded_lines": []
                },
                "compare_sets_per_column": {
                    "executed_lines": [
                        27,
                        28,
                        30,
                        32
                    ],
                    "summary": {
                        "covered_lines": 4,
                        "num_statements": 4,
                        "percent_covered": 100.0,
                        "percent_covered_display": "100",
                        "missing_lines": 0,
                        "excluded_lines": 0
                    },
                    "missing_lines": [],
                    "excluded_lines": []
                },
                "has_mandatory_values": {
                    "executed_lines": [
                        123,
                        124,
                        132,
                        133,
                        137,
                        139,
                        141,
                        143,
                        144,
                        147
                    ],
                    "summary": {
                        "covered_lines": 10,
                        "num_statements": 10,
                        "percent_covered": 100.0,
                        "percent_covered_display": "100",
                        "missing_lines": 0,
                        "excluded_lines": 1
                    },
                    "missing_lines": [],
                    "excluded_lines": [
                        48
                    ]
                },
                "": {
                    "executed_lines": [
                        1,
                        3,
                        5,
                        10,
                        13,
                        24,
                        43
                    ],
                    "summary": {
                        "covered_lines": 7,
                        "num_statements": 7,
                        "percent_covered": 100.0,
                        "percent_covered_display": "100",
                        "missing_lines": 0,
                        "excluded_lines": 0
                    },
                    "missing_lines": [],
                    "excluded_lines": []
                }
            },
            "classes": {
                "": {
                    "executed_lines": [
                        1,
                        3,
                        5,
                        10,
                        13,
                        14,
                        15,
                        16,
                        17,
                        18,
                        19,
                        20,
                        21,
                        24,
                        27,
                        28,
                        30,
                        32,
                        43,
                        123,
                        124,
                        132,
                        133,
                        137,
                        139,
                        141,
                        143,
                        144,
                        147
                    ],
                    "summary": {
                        "covered_lines": 29,
                        "num_statements": 29,
                        "percent_covered": 100.0,
                        "percent_covered_display": "100",
                        "missing_lines": 0,
                        "excluded_lines": 1
                    },
                    "missing_lines": [],
                    "excluded_lines": [
                        48
                    ]
                }
            }
        },
        "pelage/checks/has_no_infs.py": {
            "executed_lines": [
                1,
                3,
                5,
                10,
                13,
                68,
                69,
                73,
                74,
                77
            ],
            "summary": {
                "covered_lines": 10,
                "num_statements": 10,
                "percent_covered": 100.0,
                "percent_covered_display": "100",
                "missing_lines": 0,
                "excluded_lines": 1
            },
            "missing_lines": [],
            "excluded_lines": [
                17
            ],
            "functions": {
                "has_no_infs": {
                    "executed_lines": [
                        68,
                        69,
                        73,
                        74,
                        77
                    ],
                    "summary": {
                        "covered_lines": 5,
                        "num_statements": 5,
                        "percent_covered": 100.0,
                        "percent_covered_display": "100",
                        "missing_lines": 0,
                        "excluded_lines": 1
                    },
                    "missing_lines": [],
                    "excluded_lines": [
                        17
                    ]
                },
                "": {
                    "executed_lines": [
                        1,
                        3,
                        5,
                        10,
                        13
                    ],
                    "summary": {
                        "covered_lines": 5,
                        "num_statements": 5,
                        "percent_covered": 100.0,
                        "percent_covered_display": "100",
                        "missing_lines": 0,
                        "excluded_lines": 0
                    },
                    "missing_lines": [],
                    "excluded_lines": []
                }
            },
            "classes": {
                "": {
                    "executed_lines": [
                        1,
                        3,
                        5,
                        10,
                        13,
                        68,
                        69,
                        73,
                        74,
                        77
                    ],
                    "summary": {
                        "covered_lines": 10,
                        "num_statements": 10,
                        "percent_covered": 100.0,
                        "percent_covered_display": "100",
                        "missing_lines": 0,
                        "excluded_lines": 1
                    },
                    "missing_lines": [],
                    "excluded_lines": [
                        17
                    ]
                }
            }
        },
        "pelage/checks/has_no_nulls.py": {
            "executed_lines": [
                1,
                3,
                5,
                10,
                16,
                68,
                69,
                87,
                88,
                91
            ],
            "summary": {
                "covered_lines": 10,
                "num_statements": 10,
                "percent_covered": 100.0,
                "percent_covered_display": "100",
                "missing_lines": 0,
                "excluded_lines": 1
            },
            "missing_lines": [],
            "excluded_lines": [
                20
            ],
            "functions": {
                "has_no_nulls": {
                    "executed_lines": [
                        68,
                        69,
                        87,
                        88,
                        91
                    ],
                    "summary": {
                        "covered_lines": 5,
                        "num_statements": 5,
                        "percent_covered": 100.0,
                        "percent_covered_display": "100",
                        "missing_lines": 0,
                        "excluded_lines": 1
                    },
                    "missing_lines": [],
                    "excluded_lines": [
                        20
                    ]
                },
                "": {
                    "executed_lines": [
                        1,
                        3,
                        5,
                        10,
                        16
                    ],
                    "summary": {
                        "covered_lines": 5,
                        "num_statements": 5,
                        "percent_covered": 100.0,
                        "percent_covered_display": "100",
                        "missing_lines": 0,
                        "excluded_lines": 0
                    },
                    "missing_lines": [],
                    "excluded_lines": []
                }
            },
            "classes": {
                "": {
                    "executed_lines": [
                        1,
                        3,
                        5,
                        10,
                        16,
                        68,
                        69,
                        87,
                        88,
                        91
                    ],
                    "summary": {
                        "covered_lines": 10,
                        "num_statements": 10,
                        "percent_covered": 100.0,
                        "percent_covered_display": "100",
                        "missing_lines": 0,
                        "excluded_lines": 1
                    },
                    "missing_lines": [],
                    "excluded_lines": [
                        20
                    ]
                }
            }
        },
        "pelage/checks/has_shape.py": {
            "executed_lines": [
                1,
                3,
                5,
                11,
                14,
                102,
                103,
                107,
                113,
                114,
                122,
                123,
                127,
                129,
                131,
                132,
                134,
                135,
                137,
                138,
                141,
                144,
                146,
                147,
                149,
                151,
                152,
                157
            ],
            "summary": {
                "covered_lines": 28,
                "num_statements": 28,
                "percent_covered": 100.0,
                "percent_covered_display": "100",
                "missing_lines": 0,
                "excluded_lines": 1
            },
            "missing_lines": [],
            "excluded_lines": [
                19
            ],
            "functions": {
                "has_shape": {
                    "executed_lines": [
                        102,
                        103,
                        107,
                        113,
                        114,
                        122,
                        123,
                        127,
                        129,
                        131,
                        132,
                        134,
                        135,
                        137,
                        138,
                        141
                    ],
                    "summary": {
                        "covered_lines": 16,
                        "num_statements": 16,
                        "percent_covered": 100.0,
                        "percent_covered_display": "100",
                        "missing_lines": 0,
                        "excluded_lines": 1
                    },
                    "missing_lines": [],
                    "excluded_lines": [
                        19
                    ]
                },
                "_get_frame_shape": {
                    "executed_lines": [
                        146,
                        147,
                        149,
                        151,
                        152,
                        157
                    ],
                    "summary": {
                        "covered_lines": 6,
                        "num_statements": 6,
                        "percent_covered": 100.0,
                        "percent_covered_display": "100",
                        "missing_lines": 0,
                        "excluded_lines": 0
                    },
                    "missing_lines": [],
                    "excluded_lines": []
                },
                "": {
                    "executed_lines": [
                        1,
                        3,
                        5,
                        11,
                        14,
                        144
                    ],
                    "summary": {
                        "covered_lines": 6,
                        "num_statements": 6,
                        "percent_covered": 100.0,
                        "percent_covered_display": "100",
                        "missing_lines": 0,
                        "excluded_lines": 0
                    },
                    "missing_lines": [],
                    "excluded_lines": []
                }
            },
            "classes": {
                "": {
                    "executed_lines": [
                        1,
                        3,
                        5,
                        11,
                        14,
                        102,
                        103,
                        107,
                        113,
                        114,
                        122,
                        123,
                        127,
                        129,
                        131,
                        132,
                        134,
                        135,
                        137,
                        138,
                        141,
                        144,
                        146,
                        147,
                        149,
                        151,
                        152,
                        157
                    ],
                    "summary": {
                        "covered_lines": 28,
                        "num_statements": 28,
                        "percent_covered": 100.0,
                        "percent_covered_display": "100",
                        "missing_lines": 0,
                        "excluded_lines": 1
                    },
                    "missing_lines": [],
                    "excluded_lines": [
                        19
                    ]
                }
            }
        },
        "pelage/checks/is_monotonic.py": {
            "executed_lines": [
                1,
                3,
                5,
                12,
                148,
                150,
                152,
                154,
                158,
                160,
                161,
                162,
                165,
                166,
                167,
                170,
                171,
                172,
                176,
                177,
                181,
                182,
                185,
                189,
                191,
                192,
                194,
                195,
                200,
                214,
                215,
                219,
                222,
                224,
                225,
                231,
                236
            ],
            "summary": {
                "covered_lines": 37,
                "num_statements": 37,
                "percent_covered": 100.0,
                "percent_covered_display": "100",
                "missing_lines": 0,
                "excluded_lines": 1
            },
            "missing_lines": [],
            "excluded_lines": [
                20
            ],
            "functions": {
                "is_monotonic": {
                    "executed_lines": [
                        148,
                        150,
                        152,
                        154,
                        158,
                        160,
                        161,
                        162,
                        165,
                        166,
                        167,
                        170,
                        171,
                        172,
                        176,
                        177,
                        181,
                        182,
                        185,
                        189,
                        191,
                        192,
                        194,
                        195,
                        200,
                        214,
                        215,
                        219,
                        222,
                        224,
                        225,
                        231,
                        236
                    ],
                    "summary": {
                        "covered_lines": 33,
                        "num_statements": 33,
                        "percent_covered": 100.0,
                        "percent_covered_display": "100",
                        "missing_lines": 0,
                        "excluded_lines": 1
                    },
                    "missing_lines": [],
                    "excluded_lines": [
                        20
                    ]
                },
                "": {
                    "executed_lines": [
                        1,
                        3,
                        5,
                        12
                    ],
                    "summary": {
                        "covered_lines": 4,
                        "num_statements": 4,
                        "percent_covered": 100.0,
                        "percent_covered_display": "100",
                        "missing_lines": 0,
                        "excluded_lines": 0
                    },
                    "missing_lines": [],
                    "excluded_lines": []
                }
            },
            "classes": {
                "": {
                    "executed_lines": [
                        1,
                        3,
                        5,
                        12,
                        148,
                        150,
                        152,
                        154,
                        158,
                        160,
                        161,
                        162,
                        165,
                        166,
                        167,
                        170,
                        171,
                        172,
                        176,
                        177,
                        181,
                        182,
                        185,
                        189,
                        191,
                        192,
                        194,
                        195,
                        200,
                        214,
                        215,
                        219,
                        222,
                        224,
                        225,
                        231,
                        236
                    ],
                    "summary": {
                        "covered_lines": 37,
                        "num_statements": 37,
                        "percent_covered": 100.0,
                        "percent_covered_display": "100",
                        "missing_lines": 0,
                        "excluded_lines": 1
                    },
                    "missing_lines": [],
                    "excluded_lines": [
                        20
                    ]
                }
            }
        },
        "pelage/checks/maintains_relationships.py": {
            "executed_lines": [
                1,
                3,
                5,
                8,
                57,
                58,
                60,
                61,
                62,
                63,
                64,
                66,
                67,
                70,
                72
            ],
            "summary": {
                "covered_lines": 15,
                "num_statements": 15,
                "percent_covered": 100.0,
                "percent_covered_display": "100",
                "missing_lines": 0,
                "excluded_lines": 1
            },
            "missing_lines": [],
            "excluded_lines": [
                13
            ],
            "functions": {
                "maintains_relationships": {
                    "executed_lines": [
                        57,
                        58,
                        60,
                        61,
                        62,
                        63,
                        64,
                        66,
                        67,
                        70,
                        72
                    ],
                    "summary": {
                        "covered_lines": 11,
                        "num_statements": 11,
                        "percent_covered": 100.0,
                        "percent_covered_display": "100",
                        "missing_lines": 0,
                        "excluded_lines": 1
                    },
                    "missing_lines": [],
                    "excluded_lines": [
                        13
                    ]
                },
                "": {
                    "executed_lines": [
                        1,
                        3,
                        5,
                        8
                    ],
                    "summary": {
                        "covered_lines": 4,
                        "num_statements": 4,
                        "percent_covered": 100.0,
                        "percent_covered_display": "100",
                        "missing_lines": 0,
                        "excluded_lines": 0
                    },
                    "missing_lines": [],
                    "excluded_lines": []
                }
            },
            "classes": {
                "": {
                    "executed_lines": [
                        1,
                        3,
                        5,
                        8,
                        57,
                        58,
                        60,
                        61,
                        62,
                        63,
                        64,
                        66,
                        67,
                        70,
                        72
                    ],
                    "summary": {
                        "covered_lines": 15,
                        "num_statements": 15,
                        "percent_covered": 100.0,
                        "percent_covered_display": "100",
                        "missing_lines": 0,
                        "excluded_lines": 1
                    },
                    "missing_lines": [],
                    "excluded_lines": [
                        13
                    ]
                }
            }
        },
        "pelage/checks/mutually_exclusive_ranges.py": {
            "executed_lines": [
                1,
                3,
                5,
                10,
                13,
                14,
                15,
                17,
                20,
                100,
                101,
                103,
                104,
                105,
                107,
                109,
                123,
                124,
                129,
                133
            ],
            "summary": {
                "covered_lines": 20,
                "num_statements": 20,
                "percent_covered": 100.0,
                "percent_covered_display": "100",
                "missing_lines": 0,
                "excluded_lines": 1
            },
            "missing_lines": [],
            "excluded_lines": [
                26
            ],
            "functions": {
                "_add_row_index": {
                    "executed_lines": [
                        14,
                        15,
                        17
                    ],
                    "summary": {
                        "covered_lines": 3,
                        "num_statements": 3,
                        "percent_covered": 100.0,
                        "percent_covered_display": "100",
                        "missing_lines": 0,
                        "excluded_lines": 0
                    },
                    "missing_lines": [],
                    "excluded_lines": []
                },
                "mutually_exclusive_ranges": {
                    "executed_lines": [
                        100,
                        101,
                        103,
                        104,
                        105,
                        107,
                        109,
                        123,
                        124,
                        129,
                        133
                    ],
                    "summary": {
                        "covered_lines": 11,
                        "num_statements": 11,
                        "percent_covered": 100.0,
                        "percent_covered_display": "100",
                        "missing_lines": 0,
                        "excluded_lines": 1
                    },
                    "missing_lines": [],
                    "excluded_lines": [
                        26
                    ]
                },
                "": {
                    "executed_lines": [
                        1,
                        3,
                        5,
                        10,
                        13,
                        20
                    ],
                    "summary": {
                        "covered_lines": 6,
                        "num_statements": 6,
                        "percent_covered": 100.0,
                        "percent_covered_display": "100",
                        "missing_lines": 0,
                        "excluded_lines": 0
                    },
                    "missing_lines": [],
                    "excluded_lines": []
                }
            },
            "classes": {
                "": {
                    "executed_lines": [
                        1,
                        3,
                        5,
                        10,
                        13,
                        14,
                        15,
                        17,
                        20,
                        100,
                        101,
                        103,
                        104,
                        105,
                        107,
                        109,
                        123,
                        124,
                        129,
                        133
                    ],
                    "summary": {
                        "covered_lines": 20,
                        "num_statements": 20,
                        "percent_covered": 100.0,
                        "percent_covered_display": "100",
                        "missing_lines": 0,
                        "excluded_lines": 1
                    },
                    "missing_lines": [],
                    "excluded_lines": [
                        26
                    ]
                }
            }
        },
        "pelage/checks/not_accepted_values.py": {
            "executed_lines": [
                1,
                3,
                5,
                8,
                63,
                66,
                70,
                71,
                76,
                80
            ],
            "summary": {
                "covered_lines": 10,
                "num_statements": 10,
                "percent_covered": 100.0,
                "percent_covered_display": "100",
                "missing_lines": 0,
                "excluded_lines": 1
            },
            "missing_lines": [],
            "excluded_lines": [
                11
            ],
            "functions": {
                "not_accepted_values": {
                    "executed_lines": [
                        63,
                        66,
                        70,
                        71,
                        76,
                        80
                    ],
                    "summary": {
                        "covered_lines": 6,
                        "num_statements": 6,
                        "percent_covered": 100.0,
                        "percent_covered_display": "100",
                        "missing_lines": 0,
                        "excluded_lines": 1
                    },
                    "missing_lines": [],
                    "excluded_lines": [
                        11
                    ]
                },
                "": {
                    "executed_lines": [
                        1,
                        3,
                        5,
                        8
                    ],
                    "summary": {
                        "covered_lines": 4,
                        "num_statements": 4,
                        "percent_covered": 100.0,
                        "percent_covered_display": "100",
                        "missing_lines": 0,
                        "excluded_lines": 0
                    },
                    "missing_lines": [],
                    "excluded_lines": []
                }
            },
            "classes": {
                "": {
                    "executed_lines": [
                        1,
                        3,
                        5,
                        8,
                        63,
                        66,
                        70,
                        71,
                        76,
                        80
                    ],
                    "summary": {
                        "covered_lines": 10,
                        "num_statements": 10,
                        "percent_covered": 100.0,
                        "percent_covered_display": "100",
                        "missing_lines": 0,
                        "excluded_lines": 1
                    },
                    "missing_lines": [],
                    "excluded_lines": [
                        11
                    ]
                }
            }
        },
        "pelage/checks/not_constant.py": {
            "executed_lines": [
                1,
                3,
                5,
                10,
                16,
                109,
                111,
                112,
                113,
                121,
                129,
                130,
                141,
                150,
                151,
                152,
                157
            ],
            "summary": {
                "covered_lines": 17,
                "num_statements": 17,
                "percent_covered": 100.0,
                "percent_covered_display": "100",
                "missing_lines": 0,
                "excluded_lines": 1
            },
            "missing_lines": [],
            "excluded_lines": [
                21
            ],
            "functions": {
                "not_constant": {
                    "executed_lines": [
                        109,
                        111,
                        112,
                        113,
                        121,
                        129,
                        130,
                        141,
                        150,
                        151,
                        152,
                        157
                    ],
                    "summary": {
                        "covered_lines": 12,
                        "num_statements": 12,
                        "percent_covered": 100.0,
                        "percent_covered_display": "100",
                        "missing_lines": 0,
                        "excluded_lines": 1
                    },
                    "missing_lines": [],
                    "excluded_lines": [
                        21
                    ]
                },
                "": {
                    "executed_lines": [
                        1,
                        3,
                        5,
                        10,
                        16
                    ],
                    "summary": {
                        "covered_lines": 5,
                        "num_statements": 5,
                        "percent_covered": 100.0,
                        "percent_covered_display": "100",
                        "missing_lines": 0,
                        "excluded_lines": 0
                    },
                    "missing_lines": [],
                    "excluded_lines": []
                }
            },
            "classes": {
                "": {
                    "executed_lines": [
                        1,
                        3,
                        5,
                        10,
                        16,
                        109,
                        111,
                        112,
                        113,
                        121,
                        129,
                        130,
                        141,
                        150,
                        151,
                        152,
                        157
                    ],
                    "summary": {
                        "covered_lines": 17,
                        "num_statements": 17,
                        "percent_covered": 100.0,
                        "percent_covered_display": "100",
                        "missing_lines": 0,
                        "excluded_lines": 1
                    },
                    "missing_lines": [],
                    "excluded_lines": [
                        21
                    ]
                }
            }
        },
        "pelage/checks/not_null_proportion.py": {
            "executed_lines": [
                1,
                3,
                5,
                10,
                16,
                127,
                131,
                132,
                133,
                135,
                137,
                138,
                139,
                152,
                165,
                166,
                168,
                177,
                178,
                182
            ],
            "summary": {
                "covered_lines": 20,
                "num_statements": 20,
                "percent_covered": 100.0,
                "percent_covered_display": "100",
                "missing_lines": 0,
                "excluded_lines": 1
            },
            "missing_lines": [],
            "excluded_lines": [
                21
            ],
            "functions": {
                "not_null_proportion": {
                    "executed_lines": [
                        127,
                        131,
                        132,
                        133,
                        135,
                        137,
                        138,
                        139,
                        152,
                        165,
                        166,
                        168,
                        177,
                        178,
                        182
                    ],
                    "summary": {
                        "covered_lines": 15,
                        "num_statements": 15,
                        "percent_covered": 100.0,
                        "percent_covered_display": "100",
                        "missing_lines": 0,
                        "excluded_lines": 1
                    },
                    "missing_lines": [],
                    "excluded_lines": [
                        21
                    ]
                },
                "": {
                    "executed_lines": [
                        1,
                        3,
                        5,
                        10,
                        16
                    ],
                    "summary": {
                        "covered_lines": 5,
                        "num_statements": 5,
                        "percent_covered": 100.0,
                        "percent_covered_display": "100",
                        "missing_lines": 0,
                        "excluded_lines": 0
                    },
                    "missing_lines": [],
                    "excluded_lines": []
                }
            },
            "classes": {
                "": {
                    "executed_lines": [
                        1,
                        3,
                        5,
                        10,
                        16,
                        127,
                        131,
                        132,
                        133,
                        135,
                        137,
                        138,
                        139,
                        152,
                        165,
                        166,
                        168,
                        177,
                        178,
                        182
                    ],
                    "summary": {
                        "covered_lines": 20,
                        "num_statements": 20,
                        "percent_covered": 100.0,
                        "percent_covered_display": "100",
                        "missing_lines": 0,
                        "excluded_lines": 1
                    },
                    "missing_lines": [],
                    "excluded_lines": [
                        21
                    ]
                }
            }
        },
        "pelage/checks/unique.py": {
            "executed_lines": [
                1,
                3,
                5,
                10,
                13,
                68,
                69,
                73,
                74,
                78
            ],
            "summary": {
                "covered_lines": 10,
                "num_statements": 10,
                "percent_covered": 100.0,
                "percent_covered_display": "100",
                "missing_lines": 0,
                "excluded_lines": 1
            },
            "missing_lines": [],
            "excluded_lines": [
                17
            ],
            "functions": {
                "unique": {
                    "executed_lines": [
                        68,
                        69,
                        73,
                        74,
                        78
                    ],
                    "summary": {
                        "covered_lines": 5,
                        "num_statements": 5,
                        "percent_covered": 100.0,
                        "percent_covered_display": "100",
                        "missing_lines": 0,
                        "excluded_lines": 1
                    },
                    "missing_lines": [],
                    "excluded_lines": [
                        17
                    ]
                },
                "": {
                    "executed_lines": [
                        1,
                        3,
                        5,
                        10,
                        13
                    ],
                    "summary": {
                        "covered_lines": 5,
                        "num_statements": 5,
                        "percent_covered": 100.0,
                        "percent_covered_display": "100",
                        "missing_lines": 0,
                        "excluded_lines": 0
                    },
                    "missing_lines": [],
                    "excluded_lines": []
                }
            },
            "classes": {
                "": {
                    "executed_lines": [
                        1,
                        3,
                        5,
                        10,
                        13,
                        68,
                        69,
                        73,
                        74,
                        78
                    ],
                    "summary": {
                        "covered_lines": 10,
                        "num_statements": 10,
                        "percent_covered": 100.0,
                        "percent_covered_display": "100",
                        "missing_lines": 0,
                        "excluded_lines": 1
                    },
                    "missing_lines": [],
                    "excluded_lines": [
                        17
                    ]
                }
            }
        },
        "pelage/checks/unique_combination_of_columns.py": {
            "executed_lines": [
                1,
                3,
                5,
                10,
                16,
                70,
                71,
                76,
                80,
                81,
                85
            ],
            "summary": {
                "covered_lines": 11,
                "num_statements": 11,
                "percent_covered": 100.0,
                "percent_covered_display": "100",
                "missing_lines": 0,
                "excluded_lines": 1
            },
            "missing_lines": [],
            "excluded_lines": [
                20
            ],
            "functions": {
                "unique_combination_of_columns": {
                    "executed_lines": [
                        70,
                        71,
                        76,
                        80,
                        81,
                        85
                    ],
                    "summary": {
                        "covered_lines": 6,
                        "num_statements": 6,
                        "percent_covered": 100.0,
                        "percent_covered_display": "100",
                        "missing_lines": 0,
                        "excluded_lines": 1
                    },
                    "missing_lines": [],
                    "excluded_lines": [
                        20
                    ]
                },
                "": {
                    "executed_lines": [
                        1,
                        3,
                        5,
                        10,
                        16
                    ],
                    "summary": {
                        "covered_lines": 5,
                        "num_statements": 5,
                        "percent_covered": 100.0,
                        "percent_covered_display": "100",
                        "missing_lines": 0,
                        "excluded_lines": 0
                    },
                    "missing_lines": [],
                    "excluded_lines": []
                }
            },
            "classes": {
                "": {
                    "executed_lines": [
                        1,
                        3,
                        5,
                        10,
                        16,
                        70,
                        71,
                        76,
                        80,
                        81,
                        85
                    ],
                    "summary": {
                        "covered_lines": 11,
                        "num_statements": 11,
                        "percent_covered": 100.0,
                        "percent_covered_display": "100",
                        "missing_lines": 0,
                        "excluded_lines": 1
                    },
                    "missing_lines": [],
                    "excluded_lines": [
                        20
                    ]
                }
            }
        },
        "pelage/checks/utils/__init__.py": {
            "executed_lines": [
                0
            ],
            "summary": {
                "covered_lines": 0,
                "num_statements": 0,
                "percent_covered": 100.0,
                "percent_covered_display": "100",
                "missing_lines": 0,
                "excluded_lines": 0
            },
            "missing_lines": [],
            "excluded_lines": [],
            "functions": {
                "": {
                    "executed_lines": [],
                    "summary": {
                        "covered_lines": 0,
                        "num_statements": 0,
                        "percent_covered": 100.0,
                        "percent_covered_display": "100",
                        "missing_lines": 0,
                        "excluded_lines": 0
                    },
                    "missing_lines": [],
                    "excluded_lines": []
                }
            },
            "classes": {
                "": {
                    "executed_lines": [],
                    "summary": {
                        "covered_lines": 0,
                        "num_statements": 0,
                        "percent_covered": 100.0,
                        "percent_covered_display": "100",
                        "missing_lines": 0,
                        "excluded_lines": 0
                    },
                    "missing_lines": [],
                    "excluded_lines": []
                }
            }
        },
        "pelage/checks/utils/types.py": {
            "executed_lines": [
                1,
                3,
                5,
                7,
                8,
                10,
                11,
                14,
                16,
                20,
                24,
                26,
                29,
                30,
                54,
                55,
                56,
                58,
                59,
                61,
                62,
                64
            ],
            "summary": {
                "covered_lines": 20,
                "num_statements": 20,
                "percent_covered": 100.0,
                "percent_covered_display": "100",
                "missing_lines": 0,
                "excluded_lines": 0
            },
            "missing_lines": [],
            "excluded_lines": [],
            "functions": {
                "PolarsAssertError.__init__": {
                    "executed_lines": [
                        55,
                        56
                    ],
                    "summary": {
                        "covered_lines": 2,
                        "num_statements": 2,
                        "percent_covered": 100.0,
                        "percent_covered_display": "100",
                        "missing_lines": 0,
                        "excluded_lines": 0
                    },
                    "missing_lines": [],
                    "excluded_lines": []
                },
                "PolarsAssertError.__str__": {
                    "executed_lines": [
                        59,
                        61,
                        62,
                        64
                    ],
                    "summary": {
                        "covered_lines": 4,
                        "num_statements": 4,
                        "percent_covered": 100.0,
                        "percent_covered_display": "100",
                        "missing_lines": 0,
                        "excluded_lines": 0
                    },
                    "missing_lines": [],
                    "excluded_lines": []
                },
                "": {
                    "executed_lines": [
                        1,
                        3,
                        5,
                        7,
                        8,
                        10,
                        11,
                        14,
                        16,
                        20,
                        24,
                        26,
                        29,
                        30,
                        54,
                        58
                    ],
                    "summary": {
                        "covered_lines": 14,
                        "num_statements": 14,
                        "percent_covered": 100.0,
[...]
                        39,
                        45,
                        46,
                        49,
                        50,
                        56,
                        57,
                        60,
                        69,
                        70,
                        71,
                        74,
                        75,
                        76,
                        79,
                        80,
                        81,
                        82,
                        83,
                        86,
                        87,
                        90,
                        96,
                        97,
                        100,
                        101,
                        102,
                        105,
                        111,
                        112,
                        115,
                        116,
                        117,
                        120,
                        126,
                        127,
                        130,
                        131,
                        134,
                        141,
                        142,
                        145,
                        146,
                        149,
                        155,
                        156,
                        159,
                        160,
                        161,
                        162,
                        163,
                        166,
                        167,
                        168,
                        169,
                        170,
                        173,
                        174,
                        177,
                        178,
                        179,
                        181,
                        182,
                        183,
                        186,
                        187,
                        188,
                        189,
                        190,
                        193,
                        194,
                        197,
                        198,
                        199,
                        201,
                        204,
                        205,
                        208,
                        209,
                        210,
                        213,
                        214,
                        217,
                        218,
                        219,
                        221,
                        222,
                        223,
                        226,
                        227,
                        228,
                        229,
                        232,
                        235,
                        238,
                        239,
                        242,
                        243,
                        244,
                        245,
                        246,
                        249,
                        256,
                        259,
                        263,
                        264,
                        265,
                        268,
                        271,
                        274,
                        275,
                        278,
                        285,
                        288,
                        289,
                        290,
                        291,
                        294,
                        297,
                        300,
                        301,
                        304,
                        305,
                        306,
                        307,
                        309,
                        310,
                        311,
                        314,
                        315,
                        316,
                        317,
                        318,
                        321,
                        322,
                        323,
                        324,
                        327,
                        330,
                        333,
                        334,
                        337,
                        338,
                        339,
                        340,
                        342,
                        343,
                        344,
                        347,
                        348,
                        354,
                        355,
                        358,
                        359,
                        365,
                        366,
                        368,
                        371,
                        378,
                        379,
                        380,
                        381,
                        384,
                        385,
                        386,
                        387,
                        388,
                        391,
                        398,
                        401,
                        403,
                        404,
                        406,
                        407,
                        410,
                        411,
                        412,
                        413,
                        416,
                        417,
                        418,
                        419,
                        422,
                        429,
                        432,
                        434,
                        435,
                        438,
                        445,
                        448,
                        449,
                        451,
                        452,
                        455,
                        456,
                        457,
                        458,
                        461,
                        462,
                        463,
                        464,
                        467,
                        474,
                        477,
                        478,
                        481,
                        488,
                        491,
                        492,
                        494,
                        495,
                        498,
                        499,
                        500,
                        502,
                        510,
                        513,
                        514,
                        515,
                        516,
                        517,
                        520,
                        521,
                        524,
                        525,
                        526,
                        527,
                        528,
                        529,
                        530,
                        531,
                        532,
                        535,
                        536,
                        539,
                        540,
                        541,
                        542,
                        545,
                        546,
                        549,
                        550,
                        551,
                        553,
                        554,
                        557,
                        566,
                        570,
                        571,
                        572,
                        573,
                        576,
                        585,
                        589,
                        590,
                        591,
                        592,
                        595,
                        604,
                        608,
                        609,
                        610,
                        611,
                        612,
                        614,
                        615,
                        616,
                        617,
                        618,
                        621,
                        622,
                        623,
                        624,
                        625,
                        628,
                        629,
                        632,
                        633,
                        634,
                        637,
                        638,
                        641,
                        642,
                        643,
                        646,
                        647,
                        650,
                        651,
                        652,
                        655,
                        656,
                        659,
                        660,
                        661,
                        663,
                        664,
                        667,
                        676,
                        679,
                        680,
                        681,
                        683,
                        685,
                        688,
                        699,
                        702,
                        711,
                        712,
                        715,
                        716,
                        719,
                        720,
                        721,
                        723,
                        724,
                        725,
                        728,
                        729,
                        732,
                        733,
                        734,
                        737,
                        738,
                        741,
                        742,
                        743,
                        745,
                        746,
                        747,
                        750,
                        751,
                        752,
                        753,
                        755,
                        756,
                        757,
                        760,
                        761,
                        771,
                        772,
                        775,
                        776,
                        788,
                        789,
                        791,
                        792,
                        795,
                        796,
                        799,
                        807,
                        808,
                        811,
                        812,
                        815,
                        823,
                        826,
                        829,
                        830,
                        831,
                        832,
                        833,
                        834,
                        837,
                        838,
                        841,
                        842,
                        843,
                        845,
                        846,
                        847,
                        849,
                        850,
                        851,
                        854,
                        855,
                        858,
                        859,
                        860,
                        862,
                        863,
                        864,
                        866,
                        867,
                        868,
                        871,
                        872,
                        875,
                        876,
                        877,
                        879,
                        880,
                        881,
                        883,
                        884,
                        885,
                        888,
                        889,
                        892,
                        893,
                        894,
                        897,
                        898,
                        901,
                        902,
                        903,
                        906,
                        907,
                        910,
                        911,
                        912,
                        915,
                        916,
                        919,
                        926,
                        927,
                        929,
                        932,
                        939,
                        940,
                        941,
                        944,
                        951,
                        954,
                        955,
                        958,
                        959,
                        960,
                        961,
                        963,
                        964,
                        967,
                        974,
                        977,
                        978,
                        981,
                        988,
                        991,
                        992,
                        995,
                        996,
                        999,
                        1007,
                        1008,
                        1011,
                        1012,
                        1015,
                        1023,
                        1024,
                        1027,
                        1028,
                        1031,
                        1043,
                        1044,
                        1046,
                        1047,
                        1048,
                        1051,
                        1052,
                        1055,
                        1063,
                        1069,
                        1072,
                        1073,
                        1076,
                        1078,
                        1080,
                        1083,
                        1084,
                        1087,
                        1089,
                        1090,
                        1093,
                        1094,
                        1097,
                        1105,
                        1106,
                        1108,
                        1109,
                        1112,
                        1113,
                        1116,
                        1117,
                        1118,
                        1121,
                        1122,
                        1125,
                        1126,
                        1127,
                        1130,
                        1131,
                        1134,
                        1136,
                        1137,
                        1139,
                        1140,
                        1143,
                        1144,
                        1147,
                        1148,
                        1149,
                        1152,
                        1153,
                        1156,
                        1162,
                        1163
                    ],
                    "summary": {
                        "covered_lines": 522,
                        "num_statements": 522,
                        "percent_covered": 100.0,
                        "percent_covered_display": "100",
                        "missing_lines": 0,
                        "excluded_lines": 0
                    },
                    "missing_lines": [],
                    "excluded_lines": []
                }
            }
        },
        "tests/test_utils.py": {
            "executed_lines": [
                1,
                3,
                5,
                8,
                9,
                10,
                11,
                14,
                15,
                16,
                17,
                18,
                21,
                22,
                23,
                24,
                29
            ],
            "summary": {
                "covered_lines": 17,
                "num_statements": 17,
                "percent_covered": 100.0,
                "percent_covered_display": "100",
                "missing_lines": 0,
                "excluded_lines": 0
            },
            "missing_lines": [],
            "excluded_lines": [],
            "functions": {
                "test_compare_schema_should_be_empty_when_types_matche": {
                    "executed_lines": [
                        9,
                        10,
                        11
                    ],
                    "summary": {
                        "covered_lines": 3,
                        "num_statements": 3,
                        "percent_covered": 100.0,
                        "percent_covered_display": "100",
                        "missing_lines": 0,
                        "excluded_lines": 0
                    },
                    "missing_lines": [],
                    "excluded_lines": []
                },
                "test_compare_schema_returns_column_expected_and_real_dtypes": {
                    "executed_lines": [
                        15,
                        16,
                        17,
                        18
                    ],
                    "summary": {
                        "covered_lines": 4,
                        "num_statements": 4,
                        "percent_covered": 100.0,
                        "percent_covered_display": "100",
                        "missing_lines": 0,
                        "excluded_lines": 0
                    },
                    "missing_lines": [],
                    "excluded_lines": []
                },
                "test_compare_schema_returns_one_line_per_mismatch_column": {
                    "executed_lines": [
                        22,
                        23,
                        24,
                        29
                    ],
                    "summary": {
                        "covered_lines": 4,
                        "num_statements": 4,
                        "percent_covered": 100.0,
                        "percent_covered_display": "100",
                        "missing_lines": 0,
                        "excluded_lines": 0
                    },
                    "missing_lines": [],
                    "excluded_lines": []
                },
                "": {
                    "executed_lines": [
                        1,
                        3,
                        5,
                        8,
                        14,
                        21
                    ],
                    "summary": {
                        "covered_lines": 6,
                        "num_statements": 6,
                        "percent_covered": 100.0,
                        "percent_covered_display": "100",
                        "missing_lines": 0,
                        "excluded_lines": 0
                    },
                    "missing_lines": [],
                    "excluded_lines": []
                }
            },
            "classes": {
                "": {
                    "executed_lines": [
                        1,
                        3,
                        5,
                        8,
                        9,
                        10,
                        11,
                        14,
                        15,
                        16,
                        17,
                        18,
                        21,
                        22,
                        23,
                        24,
                        29
                    ],
                    "summary": {
                        "covered_lines": 17,
                        "num_statements": 17,
                        "percent_covered": 100.0,
                        "percent_covered_display": "100",
                        "missing_lines": 0,
                        "excluded_lines": 0
                    },
                    "missing_lines": [],
                    "excluded_lines": []
                }
            }
        }
    },
    "totals": {
        "covered_lines": 922,
        "num_statements": 922,
        "percent_covered": 100.0,
        "percent_covered_display": "100",
        "missing_lines": 0,
        "excluded_lines": 19
    }
}
