{
    "meta": {
        "format": 2,
        "version": "7.5.0",
        "timestamp": "2024-05-03T14:56:40.862544",
        "branch_coverage": false,
        "show_contexts": false
    },
    "files": {
        "pelage/__init__.py": {
            "executed_lines": [
                3
            ],
            "summary": {
                "covered_lines": 1,
                "num_statements": 1,
                "percent_covered": 100.0,
                "percent_covered_display": "100",
                "missing_lines": 0,
                "excluded_lines": 0
            },
            "missing_lines": [],
            "excluded_lines": []
        },
        "pelage/checks.py": {
            "executed_lines": [
                1,
                6,
                8,
                9,
                10,
                12,
                14,
                18,
                22,
                24,
                27,
                28,
                31,
                32,
                56,
                59,
                60,
                62,
                63,
                65,
                66,
                68,
                71,
                154,
                155,
                158,
                159,
                163,
                165,
                166,
                169,
                170,
                171,
                172,
                174,
                176,
                177,
                180,
                183,
                233,
                235,
                236,
                237,
                238,
                239,
                242,
                301,
                302,
                303,
                304,
                306,
                307,
                308,
                309,
                310,
                311,
                314,
                366,
                367,
                372,
                373,
                376,
                379,
                383,
                384,
                385,
                386,
                388,
                391,
                445,
                446,
                447,
                448,
                449,
                452,
                506,
                507,
                508,
                509,
                513,
                516,
                520,
                521,
                523,
                526,
                579,
                580,
                583,
                584,
                588,
                591,
                682,
                684,
                685,
                691,
                698,
                699,
                700,
                705,
                708,
                759,
                762,
                764,
                765,
                770,
                775,
                778,
                830,
                833,
                834,
                835,
                840,
                844,
                847,
                926,
                927,
                933,
                934,
                938,
                940,
                941,
                942,
                943,
                944,
                945,
                946,
                947,
                949,
                950,
                953,
                956,
                957,
                958,
                960,
                962,
                973,
                1082,
                1084,
                1085,
                1091,
                1093,
                1104,
                1113,
                1114,
                1118,
                1121,
                1124,
                1125,
                1129,
                1132,
                1214,
                1216,
                1217,
                1219,
                1230,
                1231,
                1235,
                1237,
                1239,
                1241,
                1242,
                1245,
                1248,
                1328,
                1331,
                1334,
                1335,
                1336,
                1339,
                1342,
                1388,
                1389,
                1391,
                1392,
                1393,
                1394,
                1395,
                1397,
                1398,
                1399,
                1401,
                1404,
                1519,
                1526,
                1527,
                1529,
                1530,
                1531,
                1532,
                1533,
                1534,
                1535,
                1536,
                1538,
                1539,
                1543,
                1545,
                1546,
                1548,
                1549,
                1550,
                1551,
                1552,
                1553,
                1556,
                1558,
                1559,
                1563,
                1566,
                1623,
                1624,
                1625,
                1626,
                1630,
                1633,
                1712,
                1713,
                1715,
                1716,
                1717,
                1719,
                1721,
                1730,
                1731,
                1736,
                1740,
                1743,
                1744,
                1745,
                1747,
                1750,
                1818,
                1820,
                1824,
                1832,
                1833,
                1834,
                1838,
                1847
            ],
            "summary": {
                "covered_lines": 237,
                "num_statements": 237,
                "percent_covered": 100.0,
                "percent_covered_display": "100",
                "missing_lines": 0,
                "excluded_lines": 0
            },
            "missing_lines": [],
            "excluded_lines": []
        },
        "pelage/utils.py": {
            "executed_lines": [
                1,
                3,
                6,
                7,
                8,
                11,
                13,
                18,
                23
            ],
            "summary": {
                "covered_lines": 9,
                "num_statements": 9,
                "percent_covered": 100.0,
                "percent_covered_display": "100",
                "missing_lines": 0,
                "excluded_lines": 0
            },
            "missing_lines": [],
            "excluded_lines": []
        },
        "tests/__init__.py": {
            "executed_lines": [
                0,
                1
            ],
            "summary": {
                "covered_lines": 0,
                "num_statements": 0,
                "percent_covered": 100.0,
                "percent_covered_display": "100",
                "missing_lines": 0,
                "excluded_lines": 0
            },
            "missing_lines": [],
            "excluded_lines": []
        },
        "tests/test_checks.py": {
            "executed_lines": [
                1,
                3,
                4,
                5,
                7,
                8,
                11,
                12,
                13,
                15,
                29,
                30,
                33,
                34,
                36,
                42,
                43,
                46,
                47,
                53,
                54,
                57,
                66,
                67,
                68,
                71,
                72,
                73,
                76,
                77,
                78,
                79,
                82,
                83,
                89,
                90,
                93,
                94,
                95,
                101,
                102,
                105,
                106,
                107,
                113,
                114,
                117,
                118,
                125,
                126,
                129,
                130,
                136,
                137,
                140,
                141,
                142,
                143,
                146,
                147,
                148,
                149,
                152,
                153,
                154,
                155,
                157,
                158,
                159,
                162,
                163,
                164,
                165,
                168,
                169,
                170,
                171,
                173,
                176,
                177,
                178,
                179,
                182,
                183,
                184,
                185,
                187,
                188,
                189,
                192,
                193,
                194,
                195,
                198,
                199,
                200,
                201,
                204,
                205,
                206,
                207,
                210,
                211,
                212,
                216,
                217,
                218,
                221,
                222,
                223,
                224,
                227,
                228,
                229,
                230,
                231,
                232,
                235,
                236,
                237,
                238,
                241,
                242,
                243,
                244,
                246,
                247,
                248,
                251,
                252,
                253,
                254,
                255,
                258,
                259,
                260,
                261,
                264,
                265,
                266,
                267,
                270,
                271,
                272,
                273,
                275,
                276,
                277,
                280,
                281,
                287,
                288,
                291,
                292,
                298,
                299,
                301,
                304,
                305,
                306,
                307,
                308,
                311,
                312,
                313,
                314,
                315,
                318,
                319,
                320,
                321,
                323,
                324,
                326,
                327,
                330,
                331,
                332,
                333,
                336,
                337,
                338,
                339,
                342,
                343,
                344,
                346,
                347,
                348,
                353,
                354,
                355,
                356,
                358,
                359,
                362,
                363,
                369,
                370,
                373,
                374,
                380,
                381,
                384,
                385,
                391,
                392,
                395,
                396,
                397,
                398,
                400,
                401,
                404,
                405,
                406,
                408,
                415,
                418,
                419,
                420,
                421,
                424,
                425,
                426,
                427,
                428,
                429,
                430,
                431,
                432,
                433,
                436,
                437,
                438,
                439,
                440,
                443,
                444,
                445,
                446,
                448,
                449,
                452,
                453,
                454,
                455,
                456,
                459,
                460,
                461,
                462,
                463,
                466,
                467,
                468,
                469,
                470,
                471,
                473,
                474,
                475,
                476,
                477,
                480,
                481,
                482,
                483,
                486,
                487,
                488,
                489,
                492,
                493,
                494,
                495,
                498,
                499,
                500,
                501,
                504,
                505,
                506,
                507,
                509,
                510,
                513,
                522,
                523,
                524,
                525,
                527,
                529,
                530,
                533,
                534,
                535,
                544,
                545,
                548,
                549,
                550,
                551,
                553,
                554,
                555,
                558,
                559,
                560,
                561,
                564,
                565,
                566,
                567,
                569,
                570,
                571,
                574,
                575,
                576,
                577,
                579,
                580,
                581,
                584,
                585,
                596,
                597,
                600,
                601,
                612,
                613,
                615,
                616,
                619,
                620,
                621,
                622,
                623,
                624,
                627,
                628,
                629,
                630,
                633,
                634,
                635,
                636,
                639,
                640,
                641,
                642,
                645,
                646,
                653,
                654,
                656,
                659,
                660,
                661,
                662,
                665,
                666,
                667,
                668,
                671,
                672,
                673,
                674,
                676,
                677,
                680,
                681,
                682,
                683,
                686,
                687,
                688,
                689,
                692,
                693,
                701,
                702,
                705,
                706,
                714,
                715,
                718,
                719,
                731,
                732,
                734,
                735,
                738,
                739,
                746,
                752,
                755,
                756,
                758,
                760,
                763,
                764,
                766,
                767,
                770,
                771,
                779,
                780,
                782,
                783,
                786,
                787,
                788,
                789,
                792,
                793,
                794,
                795,
                798,
                799,
                801,
                802,
                804,
                805,
                808,
                809,
                810,
                811,
                814,
                815,
                821,
                822
            ],
            "summary": {
                "covered_lines": 433,
                "num_statements": 433,
                "percent_covered": 100.0,
                "percent_covered_display": "100",
                "missing_lines": 0,
                "excluded_lines": 0
            },
            "missing_lines": [],
            "excluded_lines": []
        },
        "tests/test_utils.py": {
            "executed_lines": [
                1,
                3,
                5,
                8,
                9,
                10,
                11,
                12,
                15,
                16,
                17,
                18,
                19,
                20,
                23,
                24,
                25,
                26,
                27,
                28,
                31,
                32,
                33,
                34,
                37,
                38,
                39,
                40,
                41,
                44,
                45,
                46,
                47,
                52
            ],
            "summary": {
                "covered_lines": 34,
                "num_statements": 34,
                "percent_covered": 100.0,
                "percent_covered_display": "100",
                "missing_lines": 0,
                "excluded_lines": 0
            },
            "missing_lines": [],
            "excluded_lines": []
        }
    },
    "totals": {
        "covered_lines": 714,
        "num_statements": 714,
        "percent_covered": 100.0,
        "percent_covered_display": "100",
        "missing_lines": 0,
        "excluded_lines": 0
    }
}