{
    "meta": {
        "format": 3,
        "version": "7.10.6",
        "timestamp": "2025-08-29T19:35:40.552752",
        "branch_coverage": false,
        "show_contexts": false
    },
    "files": {
        "pelage/__init__.py": {
            "executed_lines": [
                2,
                4,
                6
            ],
            "summary": {
                "covered_lines": 3,
                "num_statements": 3,
                "percent_covered": 100.0,
                "percent_covered_display": "100",
                "missing_lines": 0,
                "excluded_lines": 0
            },
            "missing_lines": [],
            "excluded_lines": [],
            "functions": {
                "": {
                    "executed_lines": [
                        2,
                        4,
                        6
                    ],
                    "summary": {
                        "covered_lines": 3,
                        "num_statements": 3,
                        "percent_covered": 100.0,
                        "percent_covered_display": "100",
                        "missing_lines": 0,
                        "excluded_lines": 0
                    },
                    "missing_lines": [],
                    "excluded_lines": []
                }
            },
            "classes": {
                "": {
                    "executed_lines": [
                        2,
                        4,
                        6
                    ],
                    "summary": {
                        "covered_lines": 3,
                        "num_statements": 3,
                        "percent_covered": 100.0,
                        "percent_covered_display": "100",
                        "missing_lines": 0,
                        "excluded_lines": 0
                    },
                    "missing_lines": [],
                    "excluded_lines": []
                }
            }
        },
        "pelage/checks.py": {
            "executed_lines": [
                1,
                6,
                8,
                10,
                12,
                13,
                15,
                16,
                19,
                21,
                25,
                29,
                31,
                34,
                35,
                36,
                37,
                40,
                41,
                65,
                66,
                67,
                69,
                70,
                72,
                73,
                75,
                78,
                162,
                163,
                167,
                168,
                174,
                175,
                179,
                181,
                183,
                184,
                186,
                187,
                189,
                190,
                193,
                196,
                198,
                199,
                201,
                203,
                204,
                209,
                215,
                266,
                268,
                269,
                274,
                275,
                276,
                279,
                282,
                283,
                284,
                286,
                289,
                352,
                354,
                355,
                356,
                357,
                359,
                360,
                361,
                362,
                363,
                364,
                367,
                368,
                369,
                370,
                371,
                373,
                376,
                428,
                429,
                447,
                448,
                451,
                454,
                458,
                459,
                460,
                461,
                463,
                466,
                520,
                521,
                525,
                526,
                529,
                532,
                586,
                587,
                591,
                592,
                596,
                599,
                603,
                604,
                606,
                609,
                662,
                663,
                667,
                668,
                672,
                675,
                766,
                768,
                769,
                770,
                778,
                786,
                787,
                798,
                807,
                808,
                809,
                814,
                817,
                870,
                873,
                875,
                876,
                881,
                886,
                889,
                943,
                946,
                950,
                951,
                956,
                960,
                963,
                1042,
                1043,
                1051,
                1052,
                1056,
                1058,
                1060,
                1062,
                1063,
                1066,
                1069,
                1070,
                1071,
                1072,
                1073,
                1074,
                1075,
                1076,
                1077,
                1080,
                1083,
                1084,
                1086,
                1088,
                1099,
                1208,
                1212,
                1213,
                1214,
                1216,
                1218,
                1219,
                1220,
                1233,
                1246,
                1247,
                1249,
                1258,
                1259,
                1263,
                1266,
                1269,
                1270,
                1275,
                1278,
                1360,
                1362,
                1364,
                1365,
                1366,
                1379,
                1392,
                1393,
                1397,
                1400,
                1410,
                1412,
                1413,
                1416,
                1419,
                1499,
                1502,
                1506,
                1508,
                1509,
                1512,
                1515,
                1563,
                1564,
                1566,
                1567,
                1568,
                1569,
                1570,
                1572,
                1573,
                1576,
                1578,
                1581,
                1716,
                1718,
                1720,
                1722,
                1726,
                1728,
                1729,
                1730,
                1733,
                1734,
                1735,
                1738,
                1739,
                1740,
                1744,
                1745,
                1749,
                1750,
                1753,
                1757,
                1759,
                1760,
                1762,
                1763,
                1768,
                1782,
                1783,
                1787,
                1790,
                1792,
                1793,
                1799,
                1804,
                1807,
                1866,
                1867,
                1869,
                1870,
                1874,
                1877,
                1956,
                1957,
                1959,
                1960,
                1961,
                1963,
                1965,
                1979,
                1980,
                1985,
                1989,
                1992,
                1993,
                1994,
                1996,
                1999,
                2067,
                2069,
                2073,
                2086,
                2092,
                2093,
                2095,
                2099,
                2101,
                2102,
                2103,
                2112
            ],
            "summary": {
                "covered_lines": 287,
                "num_statements": 287,
                "percent_covered": 100.0,
                "percent_covered_display": "100",
                "missing_lines": 0,
                "excluded_lines": 19
            },
            "missing_lines": [],
            "excluded_lines": [
                83,
                218,
                293,
                380,
                470,
                536,
                613,
                680,
                820,
                892,
                968,
                1104,
                1283,
                1422,
                1520,
                1589,
                1810,
                1883,
                2004
            ],
            "functions": {
                "_has_sufficient_polars_version": {
                    "executed_lines": [
                        35,
                        36,
                        37
                    ],
                    "summary": {
                        "covered_lines": 3,
                        "num_statements": 3,
                        "percent_covered": 100.0,
                        "percent_covered_display": "100",
                        "missing_lines": 0,
                        "excluded_lines": 0
                    },
                    "missing_lines": [],
                    "excluded_lines": []
                },
                "PolarsAssertError.__init__": {
                    "executed_lines": [
                        66,
                        67
                    ],
                    "summary": {
                        "covered_lines": 2,
                        "num_statements": 2,
                        "percent_covered": 100.0,
                        "percent_covered_display": "100",
                        "missing_lines": 0,
                        "excluded_lines": 0
                    },
                    "missing_lines": [],
                    "excluded_lines": []
                },
                "PolarsAssertError.__str__": {
                    "executed_lines": [
                        70,
                        72,
                        73,
                        75
                    ],
                    "summary": {
                        "covered_lines": 4,
                        "num_statements": 4,
                        "percent_covered": 100.0,
                        "percent_covered_display": "100",
                        "missing_lines": 0,
                        "excluded_lines": 0
                    },
                    "missing_lines": [],
                    "excluded_lines": []
                },
                "has_shape": {
                    "executed_lines": [
                        162,
                        163,
                        167,
                        168,
                        174,
                        175,
                        179,
                        181,
                        183,
                        184,
                        186,
                        187,
                        189,
                        190,
                        193
                    ],
                    "summary": {
                        "covered_lines": 15,
                        "num_statements": 15,
                        "percent_covered": 100.0,
                        "percent_covered_display": "100",
                        "missing_lines": 0,
                        "excluded_lines": 1
                    },
                    "missing_lines": [],
                    "excluded_lines": [
                        83
                    ]
                },
                "_get_frame_shape": {
                    "executed_lines": [
                        198,
                        199,
                        201,
                        203,
                        204,
                        209
                    ],
                    "summary": {
                        "covered_lines": 6,
                        "num_statements": 6,
                        "percent_covered": 100.0,
                        "percent_covered_display": "100",
                        "missing_lines": 0,
                        "excluded_lines": 0
                    },
                    "missing_lines": [],
                    "excluded_lines": []
                },
                "has_columns": {
                    "executed_lines": [
                        266,
                        268,
                        269,
                        274,
                        275,
                        276,
                        279
                    ],
                    "summary": {
                        "covered_lines": 7,
                        "num_statements": 7,
                        "percent_covered": 100.0,
                        "percent_covered_display": "100",
                        "missing_lines": 0,
                        "excluded_lines": 1
                    },
                    "missing_lines": [],
                    "excluded_lines": [
                        218
                    ]
                },
                "_get_lazyframe_columns": {
                    "executed_lines": [
                        283,
                        284,
                        286
                    ],
                    "summary": {
                        "covered_lines": 3,
                        "num_statements": 3,
                        "percent_covered": 100.0,
                        "percent_covered_display": "100",
                        "missing_lines": 0,
                        "excluded_lines": 0
                    },
                    "missing_lines": [],
                    "excluded_lines": []
                },
                "has_dtypes": {
                    "executed_lines": [
                        352,
                        354,
                        355,
                        356,
                        357,
                        359,
                        360,
                        361,
                        362,
                        363,
                        364
                    ],
                    "summary": {
                        "covered_lines": 11,
                        "num_statements": 11,
                        "percent_covered": 100.0,
                        "percent_covered_display": "100",
                        "missing_lines": 0,
                        "excluded_lines": 1
                    },
                    "missing_lines": [],
                    "excluded_lines": [
                        293
                    ]
                },
                "_get_frame_schema": {
                    "executed_lines": [
                        368,
                        369,
                        370,
                        371,
                        373
                    ],
                    "summary": {
                        "covered_lines": 5,
                        "num_statements": 5,
                        "percent_covered": 100.0,
                        "percent_covered_display": "100",
                        "missing_lines": 0,
                        "excluded_lines": 0
                    },
                    "missing_lines": [],
                    "excluded_lines": []
                },
                "has_no_nulls": {
                    "executed_lines": [
                        428,
                        429,
                        447,
                        448,
                        451
                    ],
                    "summary": {
                        "covered_lines": 5,
                        "num_statements": 5,
                        "percent_covered": 100.0,
                        "percent_covered_display": "100",
                        "missing_lines": 0,
                        "excluded_lines": 1
                    },
                    "missing_lines": [],
                    "excluded_lines": [
                        380
                    ]
                },
                "_sanitize_column_inputs": {
                    "executed_lines": [
                        458,
                        459,
                        460,
                        461,
                        463
                    ],
                    "summary": {
                        "covered_lines": 5,
                        "num_statements": 5,
                        "percent_covered": 100.0,
                        "percent_covered_display": "100",
                        "missing_lines": 0,
                        "excluded_lines": 0
                    },
                    "missing_lines": [],
                    "excluded_lines": []
                },
                "has_no_infs": {
                    "executed_lines": [
                        520,
                        521,
                        525,
                        526,
                        529
                    ],
                    "summary": {
                        "covered_lines": 5,
                        "num_statements": 5,
                        "percent_covered": 100.0,
                        "percent_covered_display": "100",
                        "missing_lines": 0,
                        "excluded_lines": 1
                    },
                    "missing_lines": [],
                    "excluded_lines": [
                        470
                    ]
                },
                "unique": {
                    "executed_lines": [
                        586,
                        587,
                        591,
                        592,
                        596
                    ],
                    "summary": {
                        "covered_lines": 5,
                        "num_statements": 5,
                        "percent_covered": 100.0,
                        "percent_covered_display": "100",
                        "missing_lines": 0,
                        "excluded_lines": 1
                    },
                    "missing_lines": [],
                    "excluded_lines": [
                        536
                    ]
                },
                "_safe_group_by_length": {
                    "executed_lines": [
                        603,
                        604,
                        606
                    ],
                    "summary": {
                        "covered_lines": 3,
                        "num_statements": 3,
                        "percent_covered": 100.0,
                        "percent_covered_display": "100",
                        "missing_lines": 0,
                        "excluded_lines": 0
                    },
                    "missing_lines": [],
                    "excluded_lines": []
                },
                "unique_combination_of_columns": {
                    "executed_lines": [
                        662,
                        663,
                        667,
                        668,
                        672
                    ],
                    "summary": {
                        "covered_lines": 5,
                        "num_statements": 5,
                        "percent_covered": 100.0,
                        "percent_covered_display": "100",
                        "missing_lines": 0,
                        "excluded_lines": 1
                    },
                    "missing_lines": [],
                    "excluded_lines": [
                        613
                    ]
                },
                "not_constant": {
                    "executed_lines": [
                        766,
                        768,
                        769,
                        770,
                        778,
                        786,
                        787,
                        798,
                        807,
                        808,
                        809,
                        814
                    ],
                    "summary": {
                        "covered_lines": 12,
                        "num_statements": 12,
                        "percent_covered": 100.0,
                        "percent_covered_display": "100",
                        "missing_lines": 0,
                        "excluded_lines": 1
                    },
                    "missing_lines": [],
                    "excluded_lines": [
                        680
                    ]
                },
                "accepted_values": {
                    "executed_lines": [
                        870,
                        873,
                        875,
                        876,
                        881,
                        886
                    ],
                    "summary": {
                        "covered_lines": 6,
                        "num_statements": 6,
                        "percent_covered": 100.0,
                        "percent_covered_display": "100",
                        "missing_lines": 0,
                        "excluded_lines": 1
                    },
                    "missing_lines": [],
                    "excluded_lines": [
                        820
                    ]
                },
                "not_accepted_values": {
                    "executed_lines": [
                        943,
                        946,
                        950,
                        951,
                        956,
                        960
                    ],
                    "summary": {
                        "covered_lines": 6,
                        "num_statements": 6,
                        "percent_covered": 100.0,
                        "percent_covered_display": "100",
                        "missing_lines": 0,
                        "excluded_lines": 1
                    },
                    "missing_lines": [],
                    "excluded_lines": [
                        892
                    ]
                },
                "has_mandatory_values": {
                    "executed_lines": [
                        1042,
                        1043,
                        1051,
                        1052,
                        1056,
                        1058,
                        1060,
                        1062,
                        1063,
                        1066
                    ],
                    "summary": {
                        "covered_lines": 10,
                        "num_statements": 10,
                        "percent_covered": 100.0,
                        "percent_covered_display": "100",
                        "missing_lines": 0,
                        "excluded_lines": 1
                    },
                    "missing_lines": [],
                    "excluded_lines": [
                        968
                    ]
                },
                "_format_missing_elements": {
                    "executed_lines": [
                        1070,
                        1071,
                        1072,
                        1073,
                        1074,
                        1075,
                        1076,
                        1077
                    ],
                    "summary": {
                        "covered_lines": 8,
                        "num_statements": 8,
                        "percent_covered": 100.0,
                        "percent_covered_display": "100",
                        "missing_lines": 0,
                        "excluded_lines": 0
                    },
                    "missing_lines": [],
                    "excluded_lines": []
                },
                "compare_sets_per_column": {
                    "executed_lines": [
                        1083,
                        1084,
                        1086,
                        1088
                    ],
                    "summary": {
                        "covered_lines": 4,
                        "num_statements": 4,
                        "percent_covered": 100.0,
                        "percent_covered_display": "100",
                        "missing_lines": 0,
                        "excluded_lines": 0
                    },
                    "missing_lines": [],
                    "excluded_lines": []
                },
                "not_null_proportion": {
                    "executed_lines": [
                        1208,
                        1212,
                        1213,
                        1214,
                        1216,
                        1218,
                        1219,
                        1220,
                        1233,
                        1246,
                        1247,
                        1249,
                        1258,
                        1259,
                        1263
                    ],
                    "summary": {
                        "covered_lines": 15,
                        "num_statements": 15,
                        "percent_covered": 100.0,
                        "percent_covered_display": "100",
                        "missing_lines": 0,
                        "excluded_lines": 1
                    },
                    "missing_lines": [],
                    "excluded_lines": [
                        1104
                    ]
                },
                "_format_ranges_by_columns": {
                    "executed_lines": [
                        1269,
                        1270,
                        1275
                    ],
                    "summary": {
                        "covered_lines": 3,
                        "num_statements": 3,
                        "percent_covered": 100.0,
                        "percent_covered_display": "100",
                        "missing_lines": 0,
                        "excluded_lines": 0
                    },
                    "missing_lines": [],
                    "excluded_lines": []
                },
                "at_least_one": {
                    "executed_lines": [
                        1360,
                        1362,
                        1364,
                        1365,
                        1366,
                        1379,
                        1392,
                        1393,
                        1397,
                        1400,
                        1410,
                        1412,
                        1413,
                        1416
                    ],
                    "summary": {
                        "covered_lines": 14,
                        "num_statements": 14,
                        "percent_covered": 100.0,
                        "percent_covered_display": "100",
                        "missing_lines": 0,
                        "excluded_lines": 1
                    },
                    "missing_lines": [],
                    "excluded_lines": [
                        1283
                    ]
                },
                "accepted_range": {
                    "executed_lines": [
                        1499,
                        1502,
                        1506,
                        1508,
                        1509,
                        1512
                    ],
                    "summary": {
                        "covered_lines": 6,
                        "num_statements": 6,
                        "percent_covered": 100.0,
                        "percent_covered_display": "100",
                        "missing_lines": 0,
                        "excluded_lines": 1
                    },
                    "missing_lines": [],
                    "excluded_lines": [
                        1422
                    ]
                },
                "maintains_relationships": {
                    "executed_lines": [
                        1563,
                        1564,
                        1566,
                        1567,
                        1568,
                        1569,
                        1570,
                        1572,
                        1573,
                        1576,
                        1578
                    ],
                    "summary": {
                        "covered_lines": 11,
                        "num_statements": 11,
                        "percent_covered": 100.0,
                        "percent_covered_display": "100",
                        "missing_lines": 0,
                        "excluded_lines": 1
                    },
                    "missing_lines": [],
                    "excluded_lines": [
                        1520
                    ]
                },
                "is_monotonic": {
                    "executed_lines": [
                        1716,
                        1718,
                        1720,
                        1722,
                        1726,
                        1728,
                        1729,
                        1730,
                        1733,
                        1734,
                        1735,
                        1738,
                        1739,
                        1740,
                        1744,
                        1745,
                        1749,
                        1750,
                        1753,
                        1757,
                        1759,
                        1760,
                        1762,
                        1763,
                        1768,
                        1782,
                        1783,
                        1787,
                        1790,
                        1792,
                        1793,
                        1799,
                        1804
                    ],
                    "summary": {
                        "covered_lines": 33,
                        "num_statements": 33,
                        "percent_covered": 100.0,
                        "percent_covered_display": "100",
                        "missing_lines": 0,
                        "excluded_lines": 1
                    },
                    "missing_lines": [],
                    "excluded_lines": [
                        1589
                    ]
                },
                "custom_check": {
                    "executed_lines": [
                        1866,
                        1867,
                        1869,
                        1870,
                        1874
                    ],
                    "summary": {
                        "covered_lines": 5,
                        "num_statements": 5,
                        "percent_covered": 100.0,
                        "percent_covered_display": "100",
                        "missing_lines": 0,
                        "excluded_lines": 1
                    },
                    "missing_lines": [],
                    "excluded_lines": [
                        1810
                    ]
                },
                "mutually_exclusive_ranges": {
                    "executed_lines": [
                        1956,
                        1957,
                        1959,
                        1960,
                        1961,
                        1963,
                        1965,
                        1979,
                        1980,
                        1985,
                        1989
                    ],
                    "summary": {
                        "covered_lines": 11,
                        "num_statements": 11,
                        "percent_covered": 100.0,
                        "percent_covered_display": "100",
                        "missing_lines": 0,
                        "excluded_lines": 1
                    },
                    "missing_lines": [],
                    "excluded_lines": [
                        1883
                    ]
                },
                "_add_row_index": {
                    "executed_lines": [
                        1993,
                        1994,
                        1996
                    ],
                    "summary": {
                        "covered_lines": 3,
                        "num_statements": 3,
                        "percent_covered": 100.0,
                        "percent_covered_display": "100",
                        "missing_lines": 0,
                        "excluded_lines": 0
                    },
                    "missing_lines": [],
                    "excluded_lines": []
                },
                "column_is_within_n_std": {
                    "executed_lines": [
                        2067,
                        2069,
                        2073,
                        2086,
                        2092,
                        2093,
                        2095,
                        2099,
                        2101,
                        2102,
                        2103,
                        2112
                    ],
                    "summary": {
                        "covered_lines": 12,
                        "num_statements": 12,
                        "percent_covered": 100.0,
                        "percent_covered_display": "100",
                        "missing_lines": 0,
                        "excluded_lines": 1
                    },
                    "missing_lines": [],
                    "excluded_lines": [
                        2004
                    ]
                },
                "": {
                    "executed_lines": [
                        1,
                        6,
                        8,
                        10,
                        12,
                        13,
                        15,
                        16,
                        19,
                        21,
                        25,
                        29,
                        31,
                        34,
                        40,
                        41,
                        65,
                        69,
                        78,
                        196,
                        215,
                        282,
                        289,
                        367,
                        376,
                        454,
                        466,
                        532,
                        599,
                        609,
                        675,
                        817,
                        889,
                        963,
                        1069,
                        1080,
                        1099,
                        1266,
                        1278,
                        1419,
                        1515,
                        1581,
                        1807,
                        1877,
                        1992,
                        1999
                    ],
                    "summary": {
                        "covered_lines": 44,
                        "num_statements": 44,
                        "percent_covered": 100.0,
                        "percent_covered_display": "100",
                        "missing_lines": 0,
                        "excluded_lines": 0
                    },
                    "missing_lines": [],
                    "excluded_lines": []
                }
            },
            "classes": {
                "PolarsAssertError": {
                    "executed_lines": [
                        66,
                        67,
                        70,
                        72,
                        73,
                        75
                    ],
                    "summary": {
                        "covered_lines": 6,
                        "num_statements": 6,
                        "percent_covered": 100.0,
                        "percent_covered_display": "100",
                        "missing_lines": 0,
                        "excluded_lines": 0
                    },
                    "missing_lines": [],
                    "excluded_lines": []
                },
                "": {
                    "executed_lines": [
                        1,
                        6,
                        8,
                        10,
                        12,
                        13,
                        15,
                        16,
                        19,
                        21,
                        25,
                        29,
                        31,
                        34,
                        35,
                        36,
                        37,
                        40,
                        41,
                        65,
                        69,
                        78,
                        162,
                        163,
                        167,
                        168,
                        174,
                        175,
                        179,
                        181,
                        183,
                        184,
                        186,
                        187,
                        189,
                        190,
                        193,
                        196,
                        198,
                        199,
                        201,
                        203,
                        204,
                        209,
                        215,
                        266,
                        268,
                        269,
                        274,
                        275,
                        276,
                        279,
                        282,
                        283,
                        284,
                        286,
                        289,
                        352,
                        354,
                        355,
                        356,
                        357,
                        359,
                        360,
                        361,
                        362,
                        363,
                        364,
                        367,
                        368,
                        369,
                        370,
                        371,
                        373,
                        376,
                        428,
                        429,
                        447,
                        448,
                        451,
                        454,
                        458,
                        459,
                        460,
                        461,
                        463,
                        466,
                        520,
                        521,
                        525,
                        526,
                        529,
                        532,
                        586,
                        587,
                        591,
                        592,
                        596,
                        599,
                        603,
                        604,
                        606,
                        609,
                        662,
                        663,
                        667,
                        668,
                        672,
                        675,
                        766,
                        768,
                        769,
                        770,
                        778,
                        786,
                        787,
                        798,
                        807,
                        808,
                        809,
                        814,
                        817,
                        870,
                        873,
                        875,
                        876,
                        881,
                        886,
                        889,
                        943,
                        946,
                        950,
                        951,
                        956,
                        960,
                        963,
                        1042,
                        1043,
                        1051,
                        1052,
                        1056,
                        1058,
                        1060,
                        1062,
                        1063,
                        1066,
                        1069,
                        1070,
                        1071,
                        1072,
                        1073,
                        1074,
                        1075,
                        1076,
                        1077,
                        1080,
                        1083,
                        1084,
                        1086,
                        1088,
                        1099,
                        1208,
                        1212,
                        1213,
                        1214,
                        1216,
                        1218,
                        1219,
                        1220,
                        1233,
                        1246,
                        1247,
                        1249,
                        1258,
                        1259,
                        1263,
                        1266,
                        1269,
                        1270,
                        1275,
                        1278,
                        1360,
                        1362,
                        1364,
                        1365,
                        1366,
                        1379,
                        1392,
                        1393,
                        1397,
                        1400,
                        1410,
                        1412,
                        1413,
                        1416,
                        1419,
                        1499,
                        1502,
                        1506,
                        1508,
                        1509,
                        1512,
                        1515,
                        1563,
                        1564,
                        1566,
                        1567,
                        1568,
                        1569,
                        1570,
                        1572,
                        1573,
                        1576,
                        1578,
                        1581,
                        1716,
                        1718,
                        1720,
                        1722,
                        1726,
                        1728,
                        1729,
                        1730,
                        1733,
                        1734,
                        1735,
                        1738,
                        1739,
                        1740,
                        1744,
                        1745,
                        1749,
                        1750,
                        1753,
                        1757,
                        1759,
                        1760,
                        1762,
                        1763,
                        1768,
                        1782,
                        1783,
                        1787,
                        1790,
                        1792,
                        1793,
                        1799,
                        1804,
                        1807,
                        1866,
                        1867,
                        1869,
                        1870,
                        1874,
                        1877,
                        1956,
                        1957,
                        1959,
                        1960,
                        1961,
                        1963,
                        1965,
                        1979,
                        1980,
                        1985,
                        1989,
                        1992,
                        1993,
                        1994,
                        1996,
                        1999,
                        2067,
                        2069,
                        2073,
                        2086,
                        2092,
                        2093,
                        2095,
                        2099,
                        2101,
                        2102,
                        2103,
                        2112
                    ],
                    "summary": {
                        "covered_lines": 281,
                        "num_statements": 281,
                        "percent_covered": 100.0,
                        "percent_covered_display": "100",
                        "missing_lines": 0,
                        "excluded_lines": 19
                    },
                    "missing_lines": [],
                    "excluded_lines": [
                        83,
                        218,
                        293,
                        380,
                        470,
                        536,
                        613,
                        680,
                        820,
                        892,
                        968,
                        1104,
                        1283,
                        1422,
                        1520,
                        1589,
                        1810,
                        1883,
                        2004
                    ]
                }
            }
        },
        "pelage/utils.py": {
            "executed_lines": [
                1,
                3,
                6,
                7,
                8,
                11,
                13,
                18,
                23
            ],
            "summary": {
                "covered_lines": 9,
                "num_statements": 9,
                "percent_covered": 100.0,
                "percent_covered_display": "100",
                "missing_lines": 0,
                "excluded_lines": 0
            },
            "missing_lines": [],
            "excluded_lines": [],
            "functions": {
                "_list_defective_columns": {
                    "executed_lines": [
                        7,
                        8
                    ],
                    "summary": {
                        "covered_lines": 2,
                        "num_statements": 2,
                        "percent_covered": 100.0,
                        "percent_covered_display": "100",
                        "missing_lines": 0,
                        "excluded_lines": 0
                    },
                    "missing_lines": [],
                    "excluded_lines": []
                },
                "compare_schema": {
                    "executed_lines": [
                        13,
                        18,
                        23
                    ],
                    "summary": {
                        "covered_lines": 3,
                        "num_statements": 3,
                        "percent_covered": 100.0,
                        "percent_covered_display": "100",
                        "missing_lines": 0,
                        "excluded_lines": 0
                    },
                    "missing_lines": [],
                    "excluded_lines": []
                },
                "": {
                    "executed_lines": [
                        1,
                        3,
                        6,
                        11
                    ],
                    "summary": {
                        "covered_lines": 4,
                        "num_statements": 4,
                        "percent_covered": 100.0,
                        "percent_covered_display": "100",
                        "missing_lines": 0,
                        "excluded_lines": 0
                    },
                    "missing_lines": [],
                    "excluded_lines": []
                }
            },
            "classes": {
                "": {
                    "executed_lines": [
                        1,
                        3,
                        6,
                        7,
                        8,
                        11,
                        13,
                        18,
                        23
                    ],
                    "summary": {
                        "covered_lines": 9,
                        "num_statements": 9,
                        "percent_covered": 100.0,
                        "percent_covered_display": "100",
                        "missing_lines": 0,
                        "excluded_lines": 0
                    },
                    "missing_lines": [],
                    "excluded_lines": []
                }
            }
        },
        "tests/__init__.py": {
            "executed_lines": [
                0
            ],
            "summary": {
                "covered_lines": 0,
                "num_statements": 0,
                "percent_covered": 100.0,
                "percent_covered_display": "100",
                "missing_lines": 0,
                "excluded_lines": 0
            },
            "missing_lines": [],
            "excluded_lines": [],
            "functions": {
                "": {
                    "executed_lines": [],
                    "summary": {
                        "covered_lines": 0,
                        "num_statements": 0,
                        "percent_covered": 100.0,
                        "percent_covered_display": "100",
                        "missing_lines": 0,
                        "excluded_lines": 0
                    },
                    "missing_lines": [],
                    "excluded_lines": []
                }
            },
            "classes": {
                "": {
                    "executed_lines": [],
                    "summary": {
                        "covered_lines": 0,
                        "num_statements": 0,
                        "percent_covered": 100.0,
                        "percent_covered_display": "100",
                        "missing_lines": 0,
                        "excluded_lines": 0
                    },
                    "missing_lines": [],
                    "excluded_lines": []
                }
            }
        },
        "tests/test_checks.py": {
            "executed_lines": [
                1,
                2,
                3,
                5,
                6,
                7,
                9,
                10,
                13,
                14,
                15,
                17,
                31,
                32,
                35,
                36,
                38,
                44,
                45,
                48,
                49,
                55,
                56,
                59,
                68,
                69,
                70,
                73,
                74,
                75,
                78,
                79,
                80,
                81,
                82,
                85,
                86,
                89,
                95,
                96,
                99,
                100,
                101,
                104,
                110,
                111,
                114,
                115,
                116,
                119,
                125,
                126,
                129,
                130,
                133,
                140,
                141,
                144,
                145,
                148,
                154,
                155,
                158,
                159,
                160,
                161,
                162,
                165,
                166,
                167,
                168,
                169,
                172,
                173,
                176,
                177,
                178,
                180,
                181,
                182,
                185,
                186,
                187,
                188,
                189,
                192,
                193,
                196,
                197,
                198,
                200,
                203,
                204,
                207,
                208,
                209,
                212,
                213,
                216,
                217,
                218,
                220,
                221,
                222,
                225,
                226,
                227,
                228,
                231,
                234,
                237,
                238,
                241,
                242,
                243,
                244,
                245,
                248,
                255,
                258,
                262,
                263,
                264,
                267,
                270,
                273,
                274,
                277,
                284,
                287,
                288,
                289,
                290,
                293,
                296,
                299,
                300,
                303,
                304,
                305,
                306,
                308,
                309,
                310,
                313,
                314,
                315,
                316,
                317,
                320,
                321,
                322,
                323,
                326,
                329,
                332,
                333,
                336,
                337,
                338,
                339,
                341,
                342,
                343,
                346,
                347,
                353,
                354,
                357,
                358,
                364,
                365,
                367,
                370,
                377,
                378,
                379,
                380,
                383,
                384,
                385,
                386,
                387,
                390,
                397,
                400,
                402,
                403,
                405,
                406,
                409,
                410,
                411,
                412,
                415,
                416,
                417,
                418,
                421,
                428,
                431,
                433,
                434,
                437,
                444,
                447,
                448,
                450,
                451,
                454,
                455,
                456,
                457,
                460,
                461,
                462,
                463,
                466,
                473,
                476,
                477,
                480,
                487,
                490,
                491,
                493,
                494,
                497,
                498,
                499,
                501,
                509,
                512,
                513,
                514,
                515,
                516,
                519,
                520,
                523,
                524,
                525,
                526,
                527,
                528,
                529,
                530,
                531,
                534,
                535,
                538,
                539,
                540,
                541,
                544,
                545,
                548,
                549,
                550,
                552,
                553,
                556,
                565,
                569,
                570,
                571,
                572,
                575,
                584,
                588,
                589,
                590,
                591,
                594,
                603,
                607,
                608,
                609,
                610,
                611,
                613,
                614,
                615,
                616,
                617,
                620,
                621,
                622,
                623,
                624,
                627,
                628,
                631,
                632,
                633,
                636,
                637,
                640,
                641,
                642,
                645,
                646,
                649,
                650,
                651,
                654,
                655,
                658,
                659,
                660,
                662,
                663,
                666,
                675,
                678,
                679,
                680,
                682,
                684,
                687,
                698,
                701,
                710,
                711,
                714,
                715,
                718,
                719,
                720,
                722,
                723,
                724,
                727,
                728,
                731,
                732,
                733,
                736,
                737,
                740,
                741,
                742,
                744,
                745,
                746,
                749,
                750,
                751,
                752,
                754,
                755,
                756,
                759,
                760,
                770,
                771,
                774,
                775,
                787,
                788,
                790,
                791,
                794,
                795,
                798,
                806,
                807,
                810,
                811,
                814,
                822,
                825,
                828,
                829,
                830,
                831,
                832,
                833,
                836,
                837,
                840,
                841,
                842,
                844,
                845,
                846,
                848,
                849,
                850,
                853,
                854,
                857,
                858,
                859,
                861,
                862,
                863,
                865,
                866,
                867,
                870,
                871,
                874,
                875,
                876,
                878,
                879,
                880,
                882,
                883,
                884,
                887,
                888,
                891,
                892,
                893,
                896,
                897,
                900,
                901,
                902,
                905,
                906,
                909,
                910,
                911,
                914,
                915,
                918,
                925,
                926,
                928,
                931,
                938,
                939,
                940,
                943,
                950,
                953,
                954,
                957,
                958,
                959,
                960,
                962,
                963,
                966,
                973,
                976,
                977,
                980,
                987,
                990,
                991,
                994,
                995,
                998,
                1006,
                1007,
                1010,
                1011,
                1014,
                1022,
                1023,
                1026,
                1027,
                1030,
                1042,
                1043,
                1045,
                1046,
                1047,
                1048,
                1051,
                1052,
                1055,
                1063,
                1069,
                1072,
                1073,
                1076,
                1078,
                1080,
                1083,
                1084,
                1087,
                1089,
                1090,
                1093,
                1094,
                1097,
                1105,
                1106,
                1108,
                1109,
                1112,
                1113,
                1116,
                1117,
                1118,
                1121,
                1122,
                1125,
                1126,
                1127,
                1130,
                1131,
                1134,
                1136,
                1137,
                1139,
                1140,
                1143,
                1144,
                1147,
                1148,
                1149,
                1152,
                1153,
                1156,
                1162,
                1163
            ],
            "summary": {
                "covered_lines": 522,
                "num_statements": 522,
                "percent_covered": 100.0,
                "percent_covered_display": "100",
                "missing_lines": 0,
                "excluded_lines": 0
            },
            "missing_lines": [],
            "excluded_lines": [],
            "functions": {
                "test_dataframe_error_message_format": {
                    "executed_lines": [
                        14,
                        15,
                        17,
                        31,
                        32
                    ],
                    "summary": {
                        "covered_lines": 5,
                        "num_statements": 5,
                        "percent_covered": 100.0,
                        "percent_covered_display": "100",
                        "missing_lines": 0,
                        "excluded_lines": 0
                    },
                    "missing_lines": [],
                    "excluded_lines": []
                },
                "test_dataframe_error_message_format_accept_only_message": {
                    "executed_lines": [
                        36,
                        38,
                        44,
                        45
                    ],
                    "summary": {
                        "covered_lines": 4,
                        "num_statements": 4,
                        "percent_covered": 100.0,
                        "percent_covered_display": "100",
                        "missing_lines": 0,
                        "excluded_lines": 0
                    },
                    "missing_lines": [],
                    "excluded_lines": []
                },
                "test_dataframe_error_message_format_accepts_no_arguments": {
                    "executed_lines": [
                        49,
                        55,
                        56
                    ],
                    "summary": {
                        "covered_lines": 3,
                        "num_statements": 3,
                        "percent_covered": 100.0,
                        "percent_covered_display": "100",
                        "missing_lines": 0,
                        "excluded_lines": 0
                    },
                    "missing_lines": [],
                    "excluded_lines": []
                },
                "test_sanitize_column_inputs_works_with_": {
                    "executed_lines": [
                        69,
                        70
                    ],
                    "summary": {
                        "covered_lines": 2,
                        "num_statements": 2,
                        "percent_covered": 100.0,
                        "percent_covered_display": "100",
                        "missing_lines": 0,
                        "excluded_lines": 0
                    },
                    "missing_lines": [],
                    "excluded_lines": []
                },
                "test_sanitize_column_inputs_for_type_checker_pl_dtypes": {
                    "executed_lines": [
                        74,
                        75
                    ],
                    "summary": {
                        "covered_lines": 2,
                        "num_statements": 2,
                        "percent_covered": 100.0,
                        "percent_covered_display": "100",
                        "missing_lines": 0,
                        "excluded_lines": 0
                    },
                    "missing_lines": [],
                    "excluded_lines": []
                },
                "test_is_shape": {
                    "executed_lines": [
                        80,
                        81,
                        82
                    ],
                    "summary": {
                        "covered_lines": 3,
                        "num_statements": 3,
                        "percent_covered": 100.0,
                        "percent_covered_display": "100",
                        "missing_lines": 0,
                        "excluded_lines": 0
                    },
                    "missing_lines": [],
                    "excluded_lines": []
                },
                "test_is_shape_should_error_when_expected_shape_has_only_nones": {
                    "executed_lines": [
                        89,
                        95,
                        96
                    ],
                    "summary": {
                        "covered_lines": 3,
                        "num_statements": 3,
                        "percent_covered": 100.0,
                        "percent_covered_display": "100",
                        "missing_lines": 0,
                        "excluded_lines": 0
                    },
                    "missing_lines": [],
                    "excluded_lines": []
                },
                "test_is_shape_should_accept_none_values_to_facilitate_comparison": {
                    "executed_lines": [
                        104,
                        110,
                        111
                    ],
                    "summary": {
                        "covered_lines": 3,
                        "num_statements": 3,
                        "percent_covered": 100.0,
                        "percent_covered_display": "100",
                        "missing_lines": 0,
                        "excluded_lines": 0
                    },
                    "missing_lines": [],
                    "excluded_lines": []
                },
                "test_is_shape_should__error_with_wrong_expected_dimensions": {
                    "executed_lines": [
                        119,
                        125,
                        126
                    ],
                    "summary": {
                        "covered_lines": 3,
                        "num_statements": 3,
                        "percent_covered": 100.0,
                        "percent_covered_display": "100",
                        "missing_lines": 0,
                        "excluded_lines": 0
                    },
                    "missing_lines": [],
                    "excluded_lines": []
                },
                "test_is_shape_should_accept_group_by_option": {
                    "executed_lines": [
                        133,
                        140,
                        141
                    ],
                    "summary": {
                        "covered_lines": 3,
                        "num_statements": 3,
                        "percent_covered": 100.0,
                        "percent_covered_display": "100",
                        "missing_lines": 0,
                        "excluded_lines": 0
                    },
                    "missing_lines": [],
                    "excluded_lines": []
                },
                "test_is_shape_should_should_error_when_row_count_per_group_does_not_match": {
                    "executed_lines": [
                        148,
                        154,
                        155
                    ],
                    "summary": {
                        "covered_lines": 3,
                        "num_statements": 3,
                        "percent_covered": 100.0,
                        "percent_covered_display": "100",
                        "missing_lines": 0,
                        "excluded_lines": 0
                    },
                    "missing_lines": [],
                    "excluded_lines": []
                },
                "test_has_columns": {
                    "executed_lines": [
                        160,
                        161,
                        162
                    ],
                    "summary": {
                        "covered_lines": 3,
                        "num_statements": 3,
                        "percent_covered": 100.0,
                        "percent_covered_display": "100",
                        "missing_lines": 0,
                        "excluded_lines": 0
                    },
                    "missing_lines": [],
                    "excluded_lines": []
                },
                "test_has_columns_accepts_lists": {
                    "executed_lines": [
                        167,
                        168,
                        169
                    ],
                    "summary": {
                        "covered_lines": 3,
                        "num_statements": 3,
                        "percent_covered": 100.0,
                        "percent_covered_display": "100",
                        "missing_lines": 0,
                        "excluded_lines": 0
                    },
                    "missing_lines": [],
                    "excluded_lines": []
                },
                "test_has_columns_should_error_on_missing_column": {
                    "executed_lines": [
                        176,
                        177,
                        178,
                        180,
                        181,
                        182
                    ],
                    "summary": {
                        "covered_lines": 6,
                        "num_statements": 6,
                        "percent_covered": 100.0,
                        "percent_covered_display": "100",
                        "missing_lines": 0,
                        "excluded_lines": 0
                    },
                    "missing_lines": [],
                    "excluded_lines": []
                },
                "test_has_dtypes_accepts_dict": {
                    "executed_lines": [
                        187,
                        188,
                        189
                    ],
                    "summary": {
                        "covered_lines": 3,
                        "num_statements": 3,
                        "percent_covered": 100.0,
                        "percent_covered_display": "100",
                        "missing_lines": 0,
                        "excluded_lines": 0
                    },
                    "missing_lines": [],
                    "excluded_lines": []
                },
                "test_has_dtypes_accepts_dict_should_error_if_types_are_not_matched": {
                    "executed_lines": [
                        196,
                        197,
                        198,
                        200
                    ],
                    "summary": {
                        "covered_lines": 4,
                        "num_statements": 4,
                        "percent_covered": 100.0,
                        "percent_covered_display": "100",
                        "missing_lines": 0,
                        "excluded_lines": 0
                    },
                    "missing_lines": [],
                    "excluded_lines": []
                },
                "test_has_dtypes_accepts_dict_should_error_if_columns_are_missing": {
                    "executed_lines": [
                        207,
                        208,
                        209
                    ],
                    "summary": {
                        "covered_lines": 3,
                        "num_statements": 3,
                        "percent_covered": 100.0,
                        "percent_covered_display": "100",
                        "missing_lines": 0,
                        "excluded_lines": 0
                    },
                    "missing_lines": [],
                    "excluded_lines": []
                },
                "test_has_dtypes_accepts_dict_should_indicate_mismatched_dtypes": {
                    "executed_lines": [
                        216,
                        217,
                        218,
                        220,
                        221,
                        222
                    ],
                    "summary": {
                        "covered_lines": 6,
                        "num_statements": 6,
                        "percent_covered": 100.0,
                        "percent_covered_display": "100",
                        "missing_lines": 0,
                        "excluded_lines": 0
                    },
                    "missing_lines": [],
                    "excluded_lines": []
                },
                "test_is_shape_should_error_on_wrong_shape": {
                    "executed_lines": [
                        226,
                        227,
                        228
                    ],
                    "summary": {
                        "covered_lines": 3,
                        "num_statements": 3,
                        "percent_covered": 100.0,
                        "percent_covered_display": "100",
                        "missing_lines": 0,
                        "excluded_lines": 0
                    },
                    "missing_lines": [],
                    "excluded_lines": []
                },
                "test_has_no_nulls_returns_df_when_all_values_defined": {
                    "executed_lines": [
                        237,
                        238
                    ],
                    "summary": {
                        "covered_lines": 2,
                        "num_statements": 2,
                        "percent_covered": 100.0,
                        "percent_covered_display": "100",
                        "missing_lines": 0,
                        "excluded_lines": 0
                    },
                    "missing_lines": [],
                    "excluded_lines": []
                },
                "test_has_no_nulls_throws_error_on_null_values": {
                    "executed_lines": [
                        243,
                        244,
                        245
                    ],
                    "summary": {
                        "covered_lines": 3,
                        "num_statements": 3,
                        "percent_covered": 100.0,
                        "percent_covered_display": "100",
                        "missing_lines": 0,
                        "excluded_lines": 0
                    },
                    "missing_lines": [],
                    "excluded_lines": []
                },
                "test_has_no_nulls_indicates_columns_with_nulls_in_error_message": {
                    "executed_lines": [
                        258,
                        262,
                        263,
                        264
                    ],
                    "summary": {
                        "covered_lines": 4,
                        "num_statements": 4,
                        "percent_covered": 100.0,
                        "percent_covered_display": "100",
                        "missing_lines": 0,
                        "excluded_lines": 0
                    },
                    "missing_lines": [],
                    "excluded_lines": []
                },
                "test_has_no_infs_returns_df_when_all_values_defined": {
                    "executed_lines": [
                        273,
                        274
                    ],
                    "summary": {
                        "covered_lines": 2,
                        "num_statements": 2,
                        "percent_covered": 100.0,
                        "percent_covered_display": "100",
                        "missing_lines": 0,
                        "excluded_lines": 0
                    },
                    "missing_lines": [],
                    "excluded_lines": []
                },
                "test_has_no_infs_throws_error_on_inf_values": {
                    "executed_lines": [
                        287,
                        288,
                        289,
                        290
                    ],
                    "summary": {
                        "covered_lines": 4,
                        "num_statements": 4,
                        "percent_covered": 100.0,
                        "percent_covered_display": "100",
                        "missing_lines": 0,
                        "excluded_lines": 0
                    },
                    "missing_lines": [],
                    "excluded_lines": []
                },
                "test_unique_should_return_df_if_column_has_unique_values": {
                    "executed_lines": [
                        299,
                        300
                    ],
                    "summary": {
                        "covered_lines": 2,
                        "num_statements": 2,
                        "percent_covered": 100.0,
                        "percent_covered_display": "100",
                        "missing_lines": 0,
                        "excluded_lines": 0
                    },
                    "missing_lines": [],
                    "excluded_lines": []
                },
                "test_unique_should_should_accept_list_and_polars_select": {
                    "executed_lines": [
                        304,
                        305,
                        306,
                        308,
                        309,
                        310
                    ],
                    "summary": {
                        "covered_lines": 6,
                        "num_statements": 6,
                        "percent_covered": 100.0,
                        "percent_covered_display": "100",
                        "missing_lines": 0,
                        "excluded_lines": 0
                    },
                    "missing_lines": [],
                    "excluded_lines": []
                },
                "test_unique_should_throw_error_on_duplicates": {
                    "executed_lines": [
[...]
                        270,
                        273,
                        274,
                        277,
                        284,
                        287,
                        288,
                        289,
                        290,
                        293,
                        296,
                        299,
                        300,
                        303,
                        304,
                        305,
                        306,
                        308,
                        309,
                        310,
                        313,
                        314,
                        315,
                        316,
                        317,
                        320,
                        321,
                        322,
                        323,
                        326,
                        329,
                        332,
                        333,
                        336,
                        337,
                        338,
                        339,
                        341,
                        342,
                        343,
                        346,
                        347,
                        353,
                        354,
                        357,
                        358,
                        364,
                        365,
                        367,
                        370,
                        377,
                        378,
                        379,
                        380,
                        383,
                        384,
                        385,
                        386,
                        387,
                        390,
                        397,
                        400,
                        402,
                        403,
                        405,
                        406,
                        409,
                        410,
                        411,
                        412,
                        415,
                        416,
                        417,
                        418,
                        421,
                        428,
                        431,
                        433,
                        434,
                        437,
                        444,
                        447,
                        448,
                        450,
                        451,
                        454,
                        455,
                        456,
                        457,
                        460,
                        461,
                        462,
                        463,
                        466,
                        473,
                        476,
                        477,
                        480,
                        487,
                        490,
                        491,
                        493,
                        494,
                        497,
                        498,
                        499,
                        501,
                        509,
                        512,
                        513,
                        514,
                        515,
                        516,
                        519,
                        520,
                        523,
                        524,
                        525,
                        526,
                        527,
                        528,
                        529,
                        530,
                        531,
                        534,
                        535,
                        538,
                        539,
                        540,
                        541,
                        544,
                        545,
                        548,
                        549,
                        550,
                        552,
                        553,
                        556,
                        565,
                        569,
                        570,
                        571,
                        572,
                        575,
                        584,
                        588,
                        589,
                        590,
                        591,
                        594,
                        603,
                        607,
                        608,
                        609,
                        610,
                        611,
                        613,
                        614,
                        615,
                        616,
                        617,
                        620,
                        621,
                        622,
                        623,
                        624,
                        627,
                        628,
                        631,
                        632,
                        633,
                        636,
                        637,
                        640,
                        641,
                        642,
                        645,
                        646,
                        649,
                        650,
                        651,
                        654,
                        655,
                        658,
                        659,
                        660,
                        662,
                        663,
                        666,
                        675,
                        678,
                        679,
                        680,
                        682,
                        684,
                        687,
                        698,
                        701,
                        710,
                        711,
                        714,
                        715,
                        718,
                        719,
                        720,
                        722,
                        723,
                        724,
                        727,
                        728,
                        731,
                        732,
                        733,
                        736,
                        737,
                        740,
                        741,
                        742,
                        744,
                        745,
                        746,
                        749,
                        750,
                        751,
                        752,
                        754,
                        755,
                        756,
                        759,
                        760,
                        770,
                        771,
                        774,
                        775,
                        787,
                        788,
                        790,
                        791,
                        794,
                        795,
                        798,
                        806,
                        807,
                        810,
                        811,
                        814,
                        822,
                        825,
                        828,
                        829,
                        830,
                        831,
                        832,
                        833,
                        836,
                        837,
                        840,
                        841,
                        842,
                        844,
                        845,
                        846,
                        848,
                        849,
                        850,
                        853,
                        854,
                        857,
                        858,
                        859,
                        861,
                        862,
                        863,
                        865,
                        866,
                        867,
                        870,
                        871,
                        874,
                        875,
                        876,
                        878,
                        879,
                        880,
                        882,
                        883,
                        884,
                        887,
                        888,
                        891,
                        892,
                        893,
                        896,
                        897,
                        900,
                        901,
                        902,
                        905,
                        906,
                        909,
                        910,
                        911,
                        914,
                        915,
                        918,
                        925,
                        926,
                        928,
                        931,
                        938,
                        939,
                        940,
                        943,
                        950,
                        953,
                        954,
                        957,
                        958,
                        959,
                        960,
                        962,
                        963,
                        966,
                        973,
                        976,
                        977,
                        980,
                        987,
                        990,
                        991,
                        994,
                        995,
                        998,
                        1006,
                        1007,
                        1010,
                        1011,
                        1014,
                        1022,
                        1023,
                        1026,
                        1027,
                        1030,
                        1042,
                        1043,
                        1045,
                        1046,
                        1047,
                        1048,
                        1051,
                        1052,
                        1055,
                        1063,
                        1069,
                        1072,
                        1073,
                        1076,
                        1078,
                        1080,
                        1083,
                        1084,
                        1087,
                        1089,
                        1090,
                        1093,
                        1094,
                        1097,
                        1105,
                        1106,
                        1108,
                        1109,
                        1112,
                        1113,
                        1116,
                        1117,
                        1118,
                        1121,
                        1122,
                        1125,
                        1126,
                        1127,
                        1130,
                        1131,
                        1134,
                        1136,
                        1137,
                        1139,
                        1140,
                        1143,
                        1144,
                        1147,
                        1148,
                        1149,
                        1152,
                        1153,
                        1156,
                        1162,
                        1163
                    ],
                    "summary": {
                        "covered_lines": 522,
                        "num_statements": 522,
                        "percent_covered": 100.0,
                        "percent_covered_display": "100",
                        "missing_lines": 0,
                        "excluded_lines": 0
                    },
                    "missing_lines": [],
                    "excluded_lines": []
                }
            }
        },
        "tests/test_utils.py": {
            "executed_lines": [
                1,
                3,
                5,
                8,
                9,
                10,
                11,
                12,
                15,
                16,
                17,
                18,
                19,
                20,
                23,
                24,
                25,
                26,
                27,
                28,
                31,
                32,
                33,
                34,
                37,
                38,
                39,
                40,
                41,
                44,
                45,
                46,
                47,
                52
            ],
            "summary": {
                "covered_lines": 34,
                "num_statements": 34,
                "percent_covered": 100.0,
                "percent_covered_display": "100",
                "missing_lines": 0,
                "excluded_lines": 0
            },
            "missing_lines": [],
            "excluded_lines": [],
            "functions": {
                "test_list_defective_columns_should_be_empty_when_bad_df_is_empty": {
                    "executed_lines": [
                        9,
                        10,
                        11,
                        12
                    ],
                    "summary": {
                        "covered_lines": 4,
                        "num_statements": 4,
                        "percent_covered": 100.0,
                        "percent_covered_display": "100",
                        "missing_lines": 0,
                        "excluded_lines": 0
                    },
                    "missing_lines": [],
                    "excluded_lines": []
                },
                "test_list_defective_columns_should_return_name_of_single_defective_column": {
                    "executed_lines": [
                        16,
                        17,
                        18,
                        19,
                        20
                    ],
                    "summary": {
                        "covered_lines": 5,
                        "num_statements": 5,
                        "percent_covered": 100.0,
                        "percent_covered_display": "100",
                        "missing_lines": 0,
                        "excluded_lines": 0
                    },
                    "missing_lines": [],
                    "excluded_lines": []
                },
                "test_list_defective_columns_should_return_all_name_of_defective_columns": {
                    "executed_lines": [
                        24,
                        25,
                        26,
                        27,
                        28
                    ],
                    "summary": {
                        "covered_lines": 5,
                        "num_statements": 5,
                        "percent_covered": 100.0,
                        "percent_covered_display": "100",
                        "missing_lines": 0,
                        "excluded_lines": 0
                    },
                    "missing_lines": [],
                    "excluded_lines": []
                },
                "test_compare_schema_should_be_empty_when_types_matche": {
                    "executed_lines": [
                        32,
                        33,
                        34
                    ],
                    "summary": {
                        "covered_lines": 3,
                        "num_statements": 3,
                        "percent_covered": 100.0,
                        "percent_covered_display": "100",
                        "missing_lines": 0,
                        "excluded_lines": 0
                    },
                    "missing_lines": [],
                    "excluded_lines": []
                },
                "test_compare_schema_returns_column_expected_and_real_dtypes": {
                    "executed_lines": [
                        38,
                        39,
                        40,
                        41
                    ],
                    "summary": {
                        "covered_lines": 4,
                        "num_statements": 4,
                        "percent_covered": 100.0,
                        "percent_covered_display": "100",
                        "missing_lines": 0,
                        "excluded_lines": 0
                    },
                    "missing_lines": [],
                    "excluded_lines": []
                },
                "test_compare_schema_returns_one_line_per_mismatch_column": {
                    "executed_lines": [
                        45,
                        46,
                        47,
                        52
                    ],
                    "summary": {
                        "covered_lines": 4,
                        "num_statements": 4,
                        "percent_covered": 100.0,
                        "percent_covered_display": "100",
                        "missing_lines": 0,
                        "excluded_lines": 0
                    },
                    "missing_lines": [],
                    "excluded_lines": []
                },
                "": {
                    "executed_lines": [
                        1,
                        3,
                        5,
                        8,
                        15,
                        23,
                        31,
                        37,
                        44
                    ],
                    "summary": {
                        "covered_lines": 9,
                        "num_statements": 9,
                        "percent_covered": 100.0,
                        "percent_covered_display": "100",
                        "missing_lines": 0,
                        "excluded_lines": 0
                    },
                    "missing_lines": [],
                    "excluded_lines": []
                }
            },
            "classes": {
                "": {
                    "executed_lines": [
                        1,
                        3,
                        5,
                        8,
                        9,
                        10,
                        11,
                        12,
                        15,
                        16,
                        17,
                        18,
                        19,
                        20,
                        23,
                        24,
                        25,
                        26,
                        27,
                        28,
                        31,
                        32,
                        33,
                        34,
                        37,
                        38,
                        39,
                        40,
                        41,
                        44,
                        45,
                        46,
                        47,
                        52
                    ],
                    "summary": {
                        "covered_lines": 34,
                        "num_statements": 34,
                        "percent_covered": 100.0,
                        "percent_covered_display": "100",
                        "missing_lines": 0,
                        "excluded_lines": 0
                    },
                    "missing_lines": [],
                    "excluded_lines": []
                }
            }
        }
    },
    "totals": {
        "covered_lines": 855,
        "num_statements": 855,
        "percent_covered": 100.0,
        "percent_covered_display": "100",
        "missing_lines": 0,
        "excluded_lines": 19
    }
}
