{
    "meta": {
        "format": 3,
        "version": "7.10.6",
        "timestamp": "2025-09-30T06:44:46.238847",
        "branch_coverage": false,
        "show_contexts": false
    },
    "files": {
        "pelage/__init__.py": {
            "executed_lines": [
                2,
                4,
                6,
                7,
                8,
                9,
                12,
                13,
                14,
                15,
                18,
                19,
                20,
                21,
                22,
                25,
                28,
                31,
                32,
                35,
                36,
                39
            ],
            "summary": {
                "covered_lines": 22,
                "num_statements": 22,
                "percent_covered": 100.0,
                "percent_covered_display": "100",
                "missing_lines": 0,
                "excluded_lines": 0
            },
            "missing_lines": [],
            "excluded_lines": [],
            "functions": {
                "": {
                    "executed_lines": [
                        2,
                        4,
                        6,
                        7,
                        8,
                        9,
                        12,
                        13,
                        14,
                        15,
                        18,
                        19,
                        20,
                        21,
                        22,
                        25,
                        28,
                        31,
                        32,
                        35,
                        36,
                        39
                    ],
                    "summary": {
                        "covered_lines": 22,
                        "num_statements": 22,
                        "percent_covered": 100.0,
                        "percent_covered_display": "100",
                        "missing_lines": 0,
                        "excluded_lines": 0
                    },
                    "missing_lines": [],
                    "excluded_lines": []
                }
            },
            "classes": {
                "": {
                    "executed_lines": [
                        2,
                        4,
                        6,
                        7,
                        8,
                        9,
                        12,
                        13,
                        14,
                        15,
                        18,
                        19,
                        20,
                        21,
                        22,
                        25,
                        28,
                        31,
                        32,
                        35,
                        36,
                        39
                    ],
                    "summary": {
                        "covered_lines": 22,
                        "num_statements": 22,
                        "percent_covered": 100.0,
                        "percent_covered_display": "100",
                        "missing_lines": 0,
                        "excluded_lines": 0
                    },
                    "missing_lines": [],
                    "excluded_lines": []
                }
            }
        },
        "pelage/checks/__init__.py": {
            "executed_lines": [
                0
            ],
            "summary": {
                "covered_lines": 0,
                "num_statements": 0,
                "percent_covered": 100.0,
                "percent_covered_display": "100",
                "missing_lines": 0,
                "excluded_lines": 0
            },
            "missing_lines": [],
            "excluded_lines": [],
            "functions": {
                "": {
                    "executed_lines": [],
                    "summary": {
                        "covered_lines": 0,
                        "num_statements": 0,
                        "percent_covered": 100.0,
                        "percent_covered_display": "100",
                        "missing_lines": 0,
                        "excluded_lines": 0
                    },
                    "missing_lines": [],
                    "excluded_lines": []
                }
            },
            "classes": {
                "": {
                    "executed_lines": [],
                    "summary": {
                        "covered_lines": 0,
                        "num_statements": 0,
                        "percent_covered": 100.0,
                        "percent_covered_display": "100",
                        "missing_lines": 0,
                        "excluded_lines": 0
                    },
                    "missing_lines": [],
                    "excluded_lines": []
                }
            }
        },
        "pelage/checks/accepted_range.py": {
            "executed_lines": [
                1,
                3,
                5,
                12,
                95,
                98,
                102,
                104,
                105,
                108
            ],
            "summary": {
                "covered_lines": 10,
                "num_statements": 10,
                "percent_covered": 100.0,
                "percent_covered_display": "100",
                "missing_lines": 0,
                "excluded_lines": 1
            },
            "missing_lines": [],
            "excluded_lines": [
                15
            ],
            "functions": {
                "accepted_range": {
                    "executed_lines": [
                        95,
                        98,
                        102,
                        104,
                        105,
                        108
                    ],
                    "summary": {
                        "covered_lines": 6,
                        "num_statements": 6,
                        "percent_covered": 100.0,
                        "percent_covered_display": "100",
                        "missing_lines": 0,
                        "excluded_lines": 1
                    },
                    "missing_lines": [],
                    "excluded_lines": [
                        15
                    ]
                },
                "": {
                    "executed_lines": [
                        1,
                        3,
                        5,
                        12
                    ],
                    "summary": {
                        "covered_lines": 4,
                        "num_statements": 4,
                        "percent_covered": 100.0,
                        "percent_covered_display": "100",
                        "missing_lines": 0,
                        "excluded_lines": 0
                    },
                    "missing_lines": [],
                    "excluded_lines": []
                }
            },
            "classes": {
                "": {
                    "executed_lines": [
                        1,
                        3,
                        5,
                        12,
                        95,
                        98,
                        102,
                        104,
                        105,
                        108
                    ],
                    "summary": {
                        "covered_lines": 10,
                        "num_statements": 10,
                        "percent_covered": 100.0,
                        "percent_covered_display": "100",
                        "missing_lines": 0,
                        "excluded_lines": 1
                    },
                    "missing_lines": [],
                    "excluded_lines": [
                        15
                    ]
                }
            }
        },
        "pelage/checks/accepted_values.py": {
            "executed_lines": [
                1,
                3,
                5,
                8,
                62,
                65,
                67,
                68,
                73,
                78
            ],
            "summary": {
                "covered_lines": 10,
                "num_statements": 10,
                "percent_covered": 100.0,
                "percent_covered_display": "100",
                "missing_lines": 0,
                "excluded_lines": 1
            },
            "missing_lines": [],
            "excluded_lines": [
                11
            ],
            "functions": {
                "accepted_values": {
                    "executed_lines": [
                        62,
                        65,
                        67,
                        68,
                        73,
                        78
                    ],
                    "summary": {
                        "covered_lines": 6,
                        "num_statements": 6,
                        "percent_covered": 100.0,
                        "percent_covered_display": "100",
                        "missing_lines": 0,
                        "excluded_lines": 1
                    },
                    "missing_lines": [],
                    "excluded_lines": [
                        11
                    ]
                },
                "": {
                    "executed_lines": [
                        1,
                        3,
                        5,
                        8
                    ],
                    "summary": {
                        "covered_lines": 4,
                        "num_statements": 4,
                        "percent_covered": 100.0,
                        "percent_covered_display": "100",
                        "missing_lines": 0,
                        "excluded_lines": 0
                    },
                    "missing_lines": [],
                    "excluded_lines": []
                }
            },
            "classes": {
                "": {
                    "executed_lines": [
                        1,
                        3,
                        5,
                        8,
                        62,
                        65,
                        67,
                        68,
                        73,
                        78
                    ],
                    "summary": {
                        "covered_lines": 10,
                        "num_statements": 10,
                        "percent_covered": 100.0,
                        "percent_covered_display": "100",
                        "missing_lines": 0,
                        "excluded_lines": 1
                    },
                    "missing_lines": [],
                    "excluded_lines": [
                        11
                    ]
                }
            }
        },
        "pelage/checks/at_least_one.py": {
            "executed_lines": [
                1,
                3,
                5,
                11,
                14,
                97,
                99,
                101,
                102,
                103,
                116,
                129,
                130,
                134,
                137,
                147,
                149,
                150,
                153
            ],
            "summary": {
                "covered_lines": 19,
                "num_statements": 19,
                "percent_covered": 100.0,
                "percent_covered_display": "100",
                "missing_lines": 0,
                "excluded_lines": 1
            },
            "missing_lines": [],
            "excluded_lines": [
                19
            ],
            "functions": {
                "at_least_one": {
                    "executed_lines": [
                        97,
                        99,
                        101,
                        102,
                        103,
                        116,
                        129,
                        130,
                        134,
                        137,
                        147,
                        149,
                        150,
                        153
                    ],
                    "summary": {
                        "covered_lines": 14,
                        "num_statements": 14,
                        "percent_covered": 100.0,
                        "percent_covered_display": "100",
                        "missing_lines": 0,
                        "excluded_lines": 1
                    },
                    "missing_lines": [],
                    "excluded_lines": [
                        19
                    ]
                },
                "": {
                    "executed_lines": [
                        1,
                        3,
                        5,
                        11,
                        14
                    ],
                    "summary": {
                        "covered_lines": 5,
                        "num_statements": 5,
                        "percent_covered": 100.0,
                        "percent_covered_display": "100",
                        "missing_lines": 0,
                        "excluded_lines": 0
                    },
                    "missing_lines": [],
                    "excluded_lines": []
                }
            },
            "classes": {
                "": {
                    "executed_lines": [
                        1,
                        3,
                        5,
                        11,
                        14,
                        97,
                        99,
                        101,
                        102,
                        103,
                        116,
                        129,
                        130,
                        134,
                        137,
                        147,
                        149,
                        150,
                        153
                    ],
                    "summary": {
                        "covered_lines": 19,
                        "num_statements": 19,
                        "percent_covered": 100.0,
                        "percent_covered_display": "100",
                        "missing_lines": 0,
                        "excluded_lines": 1
                    },
                    "missing_lines": [],
                    "excluded_lines": [
                        19
                    ]
                }
            }
        },
        "pelage/checks/column_is_within_n_std.py": {
            "executed_lines": [
                1,
                3,
                5,
                10,
                16,
                85,
                87,
                91,
                104,
                110,
                111,
                113,
                117,
                119,
                120,
                121,
                130
            ],
            "summary": {
                "covered_lines": 17,
                "num_statements": 17,
                "percent_covered": 100.0,
                "percent_covered_display": "100",
                "missing_lines": 0,
                "excluded_lines": 1
            },
            "missing_lines": [],
            "excluded_lines": [
                21
            ],
            "functions": {
                "column_is_within_n_std": {
                    "executed_lines": [
                        85,
                        87,
                        91,
                        104,
                        110,
                        111,
                        113,
                        117,
                        119,
                        120,
                        121,
                        130
                    ],
                    "summary": {
                        "covered_lines": 12,
                        "num_statements": 12,
                        "percent_covered": 100.0,
                        "percent_covered_display": "100",
                        "missing_lines": 0,
                        "excluded_lines": 1
                    },
                    "missing_lines": [],
                    "excluded_lines": [
                        21
                    ]
                },
                "": {
                    "executed_lines": [
                        1,
                        3,
                        5,
                        10,
                        16
                    ],
                    "summary": {
                        "covered_lines": 5,
                        "num_statements": 5,
                        "percent_covered": 100.0,
                        "percent_covered_display": "100",
                        "missing_lines": 0,
                        "excluded_lines": 0
                    },
                    "missing_lines": [],
                    "excluded_lines": []
                }
            },
            "classes": {
                "": {
                    "executed_lines": [
                        1,
                        3,
                        5,
                        10,
                        16,
                        85,
                        87,
                        91,
                        104,
                        110,
                        111,
                        113,
                        117,
                        119,
                        120,
                        121,
                        130
                    ],
                    "summary": {
                        "covered_lines": 17,
                        "num_statements": 17,
                        "percent_covered": 100.0,
                        "percent_covered_display": "100",
                        "missing_lines": 0,
                        "excluded_lines": 1
                    },
                    "missing_lines": [],
                    "excluded_lines": [
                        21
                    ]
                }
            }
        },
        "pelage/checks/custom_check.py": {
            "executed_lines": [
                1,
                3,
                6,
                66,
                67,
                69,
                70,
                74
            ],
            "summary": {
                "covered_lines": 8,
                "num_statements": 8,
                "percent_covered": 100.0,
                "percent_covered_display": "100",
                "missing_lines": 0,
                "excluded_lines": 1
            },
            "missing_lines": [],
            "excluded_lines": [
                9
            ],
            "functions": {
                "custom_check": {
                    "executed_lines": [
                        66,
                        67,
                        69,
                        70,
                        74
                    ],
                    "summary": {
                        "covered_lines": 5,
                        "num_statements": 5,
                        "percent_covered": 100.0,
                        "percent_covered_display": "100",
                        "missing_lines": 0,
                        "excluded_lines": 1
                    },
                    "missing_lines": [],
                    "excluded_lines": [
                        9
                    ]
                },
                "": {
                    "executed_lines": [
                        1,
                        3,
                        6
                    ],
                    "summary": {
                        "covered_lines": 3,
                        "num_statements": 3,
                        "percent_covered": 100.0,
                        "percent_covered_display": "100",
                        "missing_lines": 0,
                        "excluded_lines": 0
                    },
                    "missing_lines": [],
                    "excluded_lines": []
                }
            },
            "classes": {
                "": {
                    "executed_lines": [
                        1,
                        3,
                        6,
                        66,
                        67,
                        69,
                        70,
                        74
                    ],
                    "summary": {
                        "covered_lines": 8,
                        "num_statements": 8,
                        "percent_covered": 100.0,
                        "percent_covered_display": "100",
                        "missing_lines": 0,
                        "excluded_lines": 1
                    },
                    "missing_lines": [],
                    "excluded_lines": [
                        9
                    ]
                }
            }
        },
        "pelage/checks/has_columns.py": {
            "executed_lines": [
                1,
                3,
                5,
                6,
                9,
                10,
                11,
                13,
                16,
                69,
                71,
                72,
                77,
                78,
                79,
                82
            ],
            "summary": {
                "covered_lines": 16,
                "num_statements": 16,
                "percent_covered": 100.0,
                "percent_covered_display": "100",
                "missing_lines": 0,
                "excluded_lines": 1
            },
            "missing_lines": [],
            "excluded_lines": [
                19
            ],
            "functions": {
                "_get_lazyframe_columns": {
                    "executed_lines": [
                        10,
                        11,
                        13
                    ],
                    "summary": {
                        "covered_lines": 3,
                        "num_statements": 3,
                        "percent_covered": 100.0,
                        "percent_covered_display": "100",
                        "missing_lines": 0,
                        "excluded_lines": 0
                    },
                    "missing_lines": [],
                    "excluded_lines": []
                },
                "has_columns": {
                    "executed_lines": [
                        69,
                        71,
                        72,
                        77,
                        78,
                        79,
                        82
                    ],
                    "summary": {
                        "covered_lines": 7,
                        "num_statements": 7,
                        "percent_covered": 100.0,
                        "percent_covered_display": "100",
                        "missing_lines": 0,
                        "excluded_lines": 1
                    },
                    "missing_lines": [],
                    "excluded_lines": [
                        19
                    ]
                },
                "": {
                    "executed_lines": [
                        1,
                        3,
                        5,
                        6,
                        9,
                        16
                    ],
                    "summary": {
                        "covered_lines": 6,
                        "num_statements": 6,
                        "percent_covered": 100.0,
                        "percent_covered_display": "100",
                        "missing_lines": 0,
                        "excluded_lines": 0
                    },
                    "missing_lines": [],
                    "excluded_lines": []
                }
            },
            "classes": {
                "": {
                    "executed_lines": [
                        1,
                        3,
                        5,
                        6,
                        9,
                        10,
                        11,
                        13,
                        16,
                        69,
                        71,
                        72,
                        77,
                        78,
                        79,
                        82
                    ],
                    "summary": {
                        "covered_lines": 16,
                        "num_statements": 16,
                        "percent_covered": 100.0,
                        "percent_covered_display": "100",
                        "missing_lines": 0,
                        "excluded_lines": 1
                    },
                    "missing_lines": [],
                    "excluded_lines": [
                        19
                    ]
                }
            }
        },
        "pelage/checks/has_dtypes.py": {
            "executed_lines": [
                1,
                3,
                5,
                6,
                11,
                14,
                15,
                16,
                17,
                18,
                20,
                23,
                87,
                89,
                90,
                91,
                92,
                94,
                95,
                96,
                97,
                98,
                99
            ],
            "summary": {
                "covered_lines": 23,
                "num_statements": 23,
                "percent_covered": 100.0,
                "percent_covered_display": "100",
                "missing_lines": 0,
                "excluded_lines": 1
            },
            "missing_lines": [],
            "excluded_lines": [
                27
            ],
            "functions": {
                "_get_frame_schema": {
                    "executed_lines": [
                        15,
                        16,
                        17,
                        18,
                        20
                    ],
                    "summary": {
                        "covered_lines": 5,
                        "num_statements": 5,
                        "percent_covered": 100.0,
                        "percent_covered_display": "100",
                        "missing_lines": 0,
                        "excluded_lines": 0
                    },
                    "missing_lines": [],
                    "excluded_lines": []
                },
                "has_dtypes": {
                    "executed_lines": [
                        87,
                        89,
                        90,
                        91,
                        92,
                        94,
                        95,
                        96,
                        97,
                        98,
                        99
                    ],
                    "summary": {
                        "covered_lines": 11,
                        "num_statements": 11,
                        "percent_covered": 100.0,
                        "percent_covered_display": "100",
                        "missing_lines": 0,
                        "excluded_lines": 1
                    },
                    "missing_lines": [],
                    "excluded_lines": [
                        27
                    ]
                },
                "": {
                    "executed_lines": [
                        1,
                        3,
                        5,
                        6,
                        11,
                        14,
                        23
                    ],
                    "summary": {
                        "covered_lines": 7,
                        "num_statements": 7,
                        "percent_covered": 100.0,
                        "percent_covered_display": "100",
                        "missing_lines": 0,
                        "excluded_lines": 0
                    },
                    "missing_lines": [],
                    "excluded_lines": []
                }
            },
            "classes": {
                "": {
                    "executed_lines": [
                        1,
                        3,
                        5,
                        6,
                        11,
                        14,
                        15,
                        16,
                        17,
                        18,
                        20,
                        23,
                        87,
                        89,
                        90,
                        91,
                        92,
                        94,
                        95,
                        96,
                        97,
                        98,
                        99
                    ],
                    "summary": {
                        "covered_lines": 23,
                        "num_statements": 23,
                        "percent_covered": 100.0,
                        "percent_covered_display": "100",
                        "missing_lines": 0,
                        "excluded_lines": 1
                    },
                    "missing_lines": [],
                    "excluded_lines": [
                        27
                    ]
                }
            }
        },
        "pelage/checks/has_mandatory_values.py": {
            "executed_lines": [
                1,
                3,
                5,
                10,
                13,
                14,
                15,
                16,
                17,
                18,
                19,
                20,
                21,
                24,
                27,
                28,
                30,
                32,
                43,
                123,
                124,
                132,
                133,
                137,
                139,
                141,
                143,
                144,
                147
            ],
            "summary": {
                "covered_lines": 29,
                "num_statements": 29,
                "percent_covered": 100.0,
                "percent_covered_display": "100",
                "missing_lines": 0,
                "excluded_lines": 1
            },
            "missing_lines": [],
            "excluded_lines": [
                48
            ],
            "functions": {
                "_format_missing_elements": {
                    "executed_lines": [
                        14,
                        15,
                        16,
                        17,
                        18,
                        19,
                        20,
                        21
                    ],
                    "summary": {
                        "covered_lines": 8,
                        "num_statements": 8,
                        "percent_covered": 100.0,
                        "percent_covered_display": "100",
                        "missing_lines": 0,
                        "excluded_lines": 0
                    },
                    "missing_lines": [],
                    "excluded_lines": []
                },
                "compare_sets_per_column": {
                    "executed_lines": [
                        27,
                        28,
                        30,
                        32
                    ],
                    "summary": {
                        "covered_lines": 4,
                        "num_statements": 4,
                        "percent_covered": 100.0,
                        "percent_covered_display": "100",
                        "missing_lines": 0,
                        "excluded_lines": 0
                    },
                    "missing_lines": [],
                    "excluded_lines": []
                },
                "has_mandatory_values": {
                    "executed_lines": [
                        123,
                        124,
                        132,
                        133,
                        137,
                        139,
                        141,
                        143,
                        144,
                        147
                    ],
                    "summary": {
                        "covered_lines": 10,
                        "num_statements": 10,
                        "percent_covered": 100.0,
                        "percent_covered_display": "100",
                        "missing_lines": 0,
                        "excluded_lines": 1
                    },
                    "missing_lines": [],
                    "excluded_lines": [
                        48
                    ]
                },
                "": {
                    "executed_lines": [
                        1,
                        3,
                        5,
                        10,
                        13,
                        24,
                        43
                    ],
                    "summary": {
                        "covered_lines": 7,
                        "num_statements": 7,
                        "percent_covered": 100.0,
                        "percent_covered_display": "100",
                        "missing_lines": 0,
                        "excluded_lines": 0
                    },
                    "missing_lines": [],
                    "excluded_lines": []
                }
            },
            "classes": {
                "": {
                    "executed_lines": [
                        1,
                        3,
                        5,
                        10,
                        13,
                        14,
                        15,
                        16,
                        17,
                        18,
                        19,
                        20,
                        21,
                        24,
                        27,
                        28,
                        30,
                        32,
                        43,
                        123,
                        124,
                        132,
                        133,
                        137,
                        139,
                        141,
                        143,
                        144,
                        147
                    ],
                    "summary": {
                        "covered_lines": 29,
                        "num_statements": 29,
                        "percent_covered": 100.0,
                        "percent_covered_display": "100",
                        "missing_lines": 0,
                        "excluded_lines": 1
                    },
                    "missing_lines": [],
                    "excluded_lines": [
                        48
                    ]
                }
            }
        },
        "pelage/checks/has_no_infs.py": {
            "executed_lines": [
                1,
                3,
                5,
                10,
                13,
                68,
                69,
                73,
                74,
                77
            ],
            "summary": {
                "covered_lines": 10,
                "num_statements": 10,
                "percent_covered": 100.0,
                "percent_covered_display": "100",
                "missing_lines": 0,
                "excluded_lines": 1
            },
            "missing_lines": [],
            "excluded_lines": [
                17
            ],
            "functions": {
                "has_no_infs": {
                    "executed_lines": [
                        68,
                        69,
                        73,
                        74,
                        77
                    ],
                    "summary": {
                        "covered_lines": 5,
                        "num_statements": 5,
                        "percent_covered": 100.0,
                        "percent_covered_display": "100",
                        "missing_lines": 0,
                        "excluded_lines": 1
                    },
                    "missing_lines": [],
                    "excluded_lines": [
                        17
                    ]
                },
                "": {
                    "executed_lines": [
                        1,
                        3,
                        5,
                        10,
                        13
                    ],
                    "summary": {
                        "covered_lines": 5,
                        "num_statements": 5,
                        "percent_covered": 100.0,
                        "percent_covered_display": "100",
                        "missing_lines": 0,
                        "excluded_lines": 0
                    },
                    "missing_lines": [],
                    "excluded_lines": []
                }
            },
            "classes": {
                "": {
                    "executed_lines": [
                        1,
                        3,
                        5,
                        10,
                        13,
                        68,
                        69,
                        73,
                        74,
                        77
                    ],
                    "summary": {
                        "covered_lines": 10,
                        "num_statements": 10,
                        "percent_covered": 100.0,
                        "percent_covered_display": "100",
                        "missing_lines": 0,
                        "excluded_lines": 1
                    },
                    "missing_lines": [],
                    "excluded_lines": [
                        17
                    ]
                }
            }
        },
        "pelage/checks/has_no_nulls.py": {
            "executed_lines": [
                1,
                3,
                5,
                10,
                16,
                68,
                69,
                87,
                88,
                91
            ],
            "summary": {
                "covered_lines": 10,
                "num_statements": 10,
                "percent_covered": 100.0,
                "percent_covered_display": "100",
                "missing_lines": 0,
                "excluded_lines": 1
            },
            "missing_lines": [],
            "excluded_lines": [
                20
            ],
            "functions": {
                "has_no_nulls": {
                    "executed_lines": [
                        68,
                        69,
                        87,
                        88,
                        91
                    ],
                    "summary": {
                        "covered_lines": 5,
                        "num_statements": 5,
                        "percent_covered": 100.0,
                        "percent_covered_display": "100",
                        "missing_lines": 0,
                        "excluded_lines": 1
                    },
                    "missing_lines": [],
                    "excluded_lines": [
                        20
                    ]
                },
                "": {
                    "executed_lines": [
                        1,
                        3,
                        5,
                        10,
                        16
                    ],
                    "summary": {
                        "covered_lines": 5,
                        "num_statements": 5,
                        "percent_covered": 100.0,
                        "percent_covered_display": "100",
                        "missing_lines": 0,
                        "excluded_lines": 0
                    },
                    "missing_lines": [],
                    "excluded_lines": []
                }
            },
            "classes": {
                "": {
                    "executed_lines": [
                        1,
                        3,
                        5,
                        10,
                        16,
                        68,
                        69,
                        87,
                        88,
                        91
                    ],
                    "summary": {
                        "covered_lines": 10,
                        "num_statements": 10,
                        "percent_covered": 100.0,
                        "percent_covered_display": "100",
                        "missing_lines": 0,
                        "excluded_lines": 1
                    },
                    "missing_lines": [],
                    "excluded_lines": [
                        20
                    ]
                }
            }
        },
        "pelage/checks/has_shape.py": {
            "executed_lines": [
                1,
                3,
                5,
                11,
                14,
                102,
                103,
                107,
                113,
                114,
                122,
                123,
                127,
                129,
                131,
                132,
                134,
                135,
                137,
                138,
                141,
                144,
                146,
                147,
                149,
                151,
                152,
                157
            ],
            "summary": {
                "covered_lines": 28,
                "num_statements": 28,
                "percent_covered": 100.0,
                "percent_covered_display": "100",
                "missing_lines": 0,
                "excluded_lines": 1
            },
            "missing_lines": [],
            "excluded_lines": [
                19
            ],
            "functions": {
                "has_shape": {
                    "executed_lines": [
                        102,
                        103,
                        107,
                        113,
                        114,
                        122,
                        123,
                        127,
                        129,
                        131,
                        132,
                        134,
                        135,
                        137,
                        138,
                        141
                    ],
                    "summary": {
                        "covered_lines": 16,
                        "num_statements": 16,
                        "percent_covered": 100.0,
                        "percent_covered_display": "100",
                        "missing_lines": 0,
                        "excluded_lines": 1
                    },
                    "missing_lines": [],
                    "excluded_lines": [
                        19
                    ]
                },
                "_get_frame_shape": {
                    "executed_lines": [
                        146,
                        147,
                        149,
                        151,
                        152,
                        157
                    ],
                    "summary": {
                        "covered_lines": 6,
                        "num_statements": 6,
                        "percent_covered": 100.0,
                        "percent_covered_display": "100",
                        "missing_lines": 0,
                        "excluded_lines": 0
                    },
                    "missing_lines": [],
                    "excluded_lines": []
                },
                "": {
                    "executed_lines": [
                        1,
                        3,
                        5,
                        11,
                        14,
                        144
                    ],
                    "summary": {
                        "covered_lines": 6,
                        "num_statements": 6,
                        "percent_covered": 100.0,
                        "percent_covered_display": "100",
                        "missing_lines": 0,
                        "excluded_lines": 0
                    },
                    "missing_lines": [],
                    "excluded_lines": []
                }
            },
            "classes": {
                "": {
                    "executed_lines": [
                        1,
                        3,
                        5,
                        11,
                        14,
                        102,
                        103,
                        107,
                        113,
                        114,
                        122,
                        123,
                        127,
                        129,
                        131,
                        132,
                        134,
                        135,
                        137,
                        138,
                        141,
                        144,
                        146,
                        147,
                        149,
                        151,
                        152,
                        157
                    ],
                    "summary": {
                        "covered_lines": 28,
                        "num_statements": 28,
                        "percent_covered": 100.0,
                        "percent_covered_display": "100",
                        "missing_lines": 0,
                        "excluded_lines": 1
                    },
                    "missing_lines": [],
                    "excluded_lines": [
                        19
                    ]
                }
            }
        },
        "pelage/checks/is_monotonic.py": {
            "executed_lines": [
                1,
                3,
                5,
                12,
                148,
                150,
                152,
                154,
                158,
                160,
                161,
                162,
                165,
                166,
                167,
                170,
                171,
                172,
                176,
                177,
                181,
                182,
                185,
                189,
                191,
                192,
                194,
                195,
                200,
                214,
                215,
                219,
                222,
                224,
                225,
                231,
                236
            ],
            "summary": {
                "covered_lines": 37,
                "num_statements": 37,
                "percent_covered": 100.0,
                "percent_covered_display": "100",
                "missing_lines": 0,
                "excluded_lines": 1
            },
            "missing_lines": [],
            "excluded_lines": [
                20
            ],
            "functions": {
                "is_monotonic": {
                    "executed_lines": [
                        148,
                        150,
                        152,
                        154,
                        158,
                        160,
                        161,
                        162,
                        165,
                        166,
                        167,
                        170,
                        171,
                        172,
                        176,
                        177,
                        181,
                        182,
                        185,
                        189,
                        191,
                        192,
                        194,
                        195,
                        200,
                        214,
                        215,
                        219,
                        222,
                        224,
                        225,
                        231,
                        236
                    ],
                    "summary": {
                        "covered_lines": 33,
                        "num_statements": 33,
                        "percent_covered": 100.0,
                        "percent_covered_display": "100",
                        "missing_lines": 0,
                        "excluded_lines": 1
                    },
                    "missing_lines": [],
                    "excluded_lines": [
                        20
                    ]
                },
                "": {
                    "executed_lines": [
                        1,
                        3,
                        5,
                        12
                    ],
                    "summary": {
                        "covered_lines": 4,
                        "num_statements": 4,
                        "percent_covered": 100.0,
                        "percent_covered_display": "100",
                        "missing_lines": 0,
                        "excluded_lines": 0
                    },
                    "missing_lines": [],
                    "excluded_lines": []
                }
            },
            "classes": {
                "": {
                    "executed_lines": [
                        1,
                        3,
                        5,
                        12,
                        148,
                        150,
                        152,
                        154,
                        158,
                        160,
                        161,
                        162,
                        165,
                        166,
                        167,
                        170,
                        171,
                        172,
                        176,
                        177,
                        181,
                        182,
                        185,
                        189,
                        191,
                        192,
                        194,
                        195,
                        200,
                        214,
                        215,
                        219,
                        222,
                        224,
                        225,
                        231,
                        236
                    ],
                    "summary": {
                        "covered_lines": 37,
                        "num_statements": 37,
                        "percent_covered": 100.0,
                        "percent_covered_display": "100",
                        "missing_lines": 0,
                        "excluded_lines": 1
                    },
                    "missing_lines": [],
                    "excluded_lines": [
                        20
                    ]
                }
            }
        },
        "pelage/checks/maintains_relationships.py": {
            "executed_lines": [
                1,
                3,
                5,
                6,
                9,
                65,
                69,
                75,
                88,
                91,
                94,
                95,
                96,
                98,
                99,
                100,
                102
            ],
            "summary": {
                "covered_lines": 17,
                "num_statements": 17,
                "percent_covered": 100.0,
                "percent_covered_display": "100",
                "missing_lines": 0,
                "excluded_lines": 1
            },
            "missing_lines": [],
            "excluded_lines": [
                14
            ],
            "functions": {
                "maintains_relationships": {
                    "executed_lines": [
                        65,
                        69,
                        75,
                        88,
                        91,
                        94,
                        95,
                        96,
                        98,
                        99,
                        100,
                        102
                    ],
                    "summary": {
                        "covered_lines": 12,
                        "num_statements": 12,
                        "percent_covered": 100.0,
                        "percent_covered_display": "100",
                        "missing_lines": 0,
                        "excluded_lines": 1
                    },
                    "missing_lines": [],
                    "excluded_lines": [
                        14
                    ]
                },
                "": {
                    "executed_lines": [
                        1,
                        3,
                        5,
                        6,
                        9
                    ],
                    "summary": {
                        "covered_lines": 5,
                        "num_statements": 5,
                        "percent_covered": 100.0,
                        "percent_covered_display": "100",
                        "missing_lines": 0,
                        "excluded_lines": 0
                    },
                    "missing_lines": [],
                    "excluded_lines": []
                }
            },
            "classes": {
                "": {
                    "executed_lines": [
                        1,
                        3,
                        5,
                        6,
                        9,
                        65,
                        69,
                        75,
                        88,
                        91,
                        94,
                        95,
                        96,
                        98,
                        99,
                        100,
                        102
                    ],
                    "summary": {
                        "covered_lines": 17,
                        "num_statements": 17,
                        "percent_covered": 100.0,
                        "percent_covered_display": "100",
                        "missing_lines": 0,
                        "excluded_lines": 1
                    },
                    "missing_lines": [],
                    "excluded_lines": [
                        14
                    ]
                }
            }
        },
        "pelage/checks/mutually_exclusive_ranges.py": {
            "executed_lines": [
                1,
                3,
                5,
                10,
                13,
                14,
                15,
                17,
                20,
                100,
                101,
                103,
                104,
                105,
                107,
                109,
                123,
                124,
                129,
                133
            ],
            "summary": {
                "covered_lines": 20,
                "num_statements": 20,
                "percent_covered": 100.0,
                "percent_covered_display": "100",
                "missing_lines": 0,
                "excluded_lines": 1
            },
            "missing_lines": [],
            "excluded_lines": [
                26
            ],
            "functions": {
                "_add_row_index": {
                    "executed_lines": [
                        14,
                        15,
                        17
                    ],
                    "summary": {
                        "covered_lines": 3,
                        "num_statements": 3,
                        "percent_covered": 100.0,
                        "percent_covered_display": "100",
                        "missing_lines": 0,
                        "excluded_lines": 0
                    },
                    "missing_lines": [],
                    "excluded_lines": []
                },
                "mutually_exclusive_ranges": {
                    "executed_lines": [
                        100,
                        101,
                        103,
                        104,
                        105,
                        107,
                        109,
                        123,
                        124,
                        129,
                        133
                    ],
                    "summary": {
                        "covered_lines": 11,
                        "num_statements": 11,
                        "percent_covered": 100.0,
                        "percent_covered_display": "100",
                        "missing_lines": 0,
                        "excluded_lines": 1
                    },
                    "missing_lines": [],
                    "excluded_lines": [
                        26
                    ]
                },
                "": {
                    "executed_lines": [
                        1,
                        3,
                        5,
                        10,
                        13,
                        20
                    ],
                    "summary": {
                        "covered_lines": 6,
                        "num_statements": 6,
                        "percent_covered": 100.0,
                        "percent_covered_display": "100",
                        "missing_lines": 0,
                        "excluded_lines": 0
                    },
                    "missing_lines": [],
                    "excluded_lines": []
                }
            },
            "classes": {
                "": {
                    "executed_lines": [
                        1,
                        3,
                        5,
                        10,
                        13,
                        14,
                        15,
                        17,
                        20,
                        100,
                        101,
                        103,
                        104,
                        105,
                        107,
                        109,
                        123,
                        124,
                        129,
                        133
                    ],
                    "summary": {
                        "covered_lines": 20,
                        "num_statements": 20,
                        "percent_covered": 100.0,
                        "percent_covered_display": "100",
                        "missing_lines": 0,
                        "excluded_lines": 1
                    },
                    "missing_lines": [],
                    "excluded_lines": [
                        26
                    ]
                }
            }
        },
        "pelage/checks/not_accepted_values.py": {
            "executed_lines": [
                1,
                3,
                5,
                8,
                63,
                66,
                70,
                71,
                76,
                80
            ],
            "summary": {
                "covered_lines": 10,
                "num_statements": 10,
                "percent_covered": 100.0,
                "percent_covered_display": "100",
                "missing_lines": 0,
                "excluded_lines": 1
            },
            "missing_lines": [],
            "excluded_lines": [
                11
            ],
            "functions": {
                "not_accepted_values": {
                    "executed_lines": [
                        63,
                        66,
                        70,
                        71,
                        76,
                        80
                    ],
                    "summary": {
                        "covered_lines": 6,
                        "num_statements": 6,
                        "percent_covered": 100.0,
                        "percent_covered_display": "100",
                        "missing_lines": 0,
                        "excluded_lines": 1
                    },
                    "missing_lines": [],
                    "excluded_lines": [
                        11
                    ]
                },
                "": {
                    "executed_lines": [
                        1,
                        3,
                        5,
                        8
                    ],
                    "summary": {
                        "covered_lines": 4,
                        "num_statements": 4,
                        "percent_covered": 100.0,
                        "percent_covered_display": "100",
                        "missing_lines": 0,
                        "excluded_lines": 0
                    },
                    "missing_lines": [],
                    "excluded_lines": []
                }
            },
            "classes": {
                "": {
                    "executed_lines": [
                        1,
                        3,
                        5,
                        8,
                        63,
                        66,
                        70,
                        71,
                        76,
                        80
                    ],
                    "summary": {
                        "covered_lines": 10,
                        "num_statements": 10,
                        "percent_covered": 100.0,
                        "percent_covered_display": "100",
                        "missing_lines": 0,
                        "excluded_lines": 1
                    },
                    "missing_lines": [],
                    "excluded_lines": [
                        11
                    ]
                }
            }
        },
        "pelage/checks/not_constant.py": {
            "executed_lines": [
                1,
                3,
                5,
                10,
                16,
                109,
                111,
                112,
                113,
                121,
                129,
                130,
                141,
                150,
                151,
                152,
                157
            ],
            "summary": {
                "covered_lines": 17,
                "num_statements": 17,
                "percent_covered": 100.0,
                "percent_covered_display": "100",
                "missing_lines": 0,
                "excluded_lines": 1
            },
            "missing_lines": [],
            "excluded_lines": [
                21
            ],
            "functions": {
                "not_constant": {
                    "executed_lines": [
                        109,
                        111,
                        112,
                        113,
                        121,
                        129,
                        130,
                        141,
                        150,
                        151,
                        152,
                        157
                    ],
                    "summary": {
                        "covered_lines": 12,
                        "num_statements": 12,
                        "percent_covered": 100.0,
                        "percent_covered_display": "100",
                        "missing_lines": 0,
                        "excluded_lines": 1
                    },
                    "missing_lines": [],
                    "excluded_lines": [
                        21
                    ]
                },
                "": {
                    "executed_lines": [
                        1,
                        3,
                        5,
                        10,
                        16
                    ],
                    "summary": {
                        "covered_lines": 5,
                        "num_statements": 5,
                        "percent_covered": 100.0,
                        "percent_covered_display": "100",
                        "missing_lines": 0,
                        "excluded_lines": 0
                    },
                    "missing_lines": [],
                    "excluded_lines": []
                }
            },
            "classes": {
                "": {
                    "executed_lines": [
                        1,
                        3,
                        5,
                        10,
                        16,
                        109,
                        111,
                        112,
                        113,
                        121,
                        129,
                        130,
                        141,
                        150,
                        151,
                        152,
                        157
                    ],
                    "summary": {
                        "covered_lines": 17,
                        "num_statements": 17,
                        "percent_covered": 100.0,
                        "percent_covered_display": "100",
                        "missing_lines": 0,
                        "excluded_lines": 1
                    },
                    "missing_lines": [],
                    "excluded_lines": [
                        21
                    ]
                }
            }
        },
        "pelage/checks/not_null_proportion.py": {
            "executed_lines": [
                1,
                3,
                5,
                10,
                16,
                127,
                131,
                132,
                133,
                135,
                137,
                138,
                139,
                152,
                165,
                166,
                168,
                177,
                178,
                182
            ],
            "summary": {
                "covered_lines": 20,
                "num_statements": 20,
                "percent_covered": 100.0,
                "percent_covered_display": "100",
                "missing_lines": 0,
                "excluded_lines": 1
            },
            "missing_lines": [],
            "excluded_lines": [
                21
            ],
            "functions": {
                "not_null_proportion": {
                    "executed_lines": [
                        127,
                        131,
                        132,
                        133,
                        135,
                        137,
                        138,
                        139,
                        152,
                        165,
                        166,
                        168,
                        177,
                        178,
                        182
                    ],
                    "summary": {
                        "covered_lines": 15,
                        "num_statements": 15,
                        "percent_covered": 100.0,
                        "percent_covered_display": "100",
                        "missing_lines": 0,
                        "excluded_lines": 1
                    },
                    "missing_lines": [],
                    "excluded_lines": [
                        21
                    ]
                },
                "": {
                    "executed_lines": [
                        1,
                        3,
                        5,
                        10,
                        16
                    ],
                    "summary": {
                        "covered_lines": 5,
                        "num_statements": 5,
                        "percent_covered": 100.0,
                        "percent_covered_display": "100",
                        "missing_lines": 0,
                        "excluded_lines": 0
                    },
                    "missing_lines": [],
                    "excluded_lines": []
                }
            },
            "classes": {
                "": {
                    "executed_lines": [
                        1,
                        3,
                        5,
                        10,
                        16,
                        127,
                        131,
                        132,
                        133,
                        135,
                        137,
                        138,
                        139,
                        152,
                        165,
                        166,
                        168,
                        177,
                        178,
                        182
                    ],
                    "summary": {
                        "covered_lines": 20,
                        "num_statements": 20,
                        "percent_covered": 100.0,
                        "percent_covered_display": "100",
                        "missing_lines": 0,
                        "excluded_lines": 1
                    },
                    "missing_lines": [],
                    "excluded_lines": [
                        21
                    ]
                }
            }
        },
        "pelage/checks/unique.py": {
            "executed_lines": [
                1,
                3,
                5,
                10,
                13,
                68,
                69,
                73,
                74,
                78
            ],
            "summary": {
                "covered_lines": 10,
                "num_statements": 10,
                "percent_covered": 100.0,
                "percent_covered_display": "100",
                "missing_lines": 0,
                "excluded_lines": 1
            },
            "missing_lines": [],
            "excluded_lines": [
                17
            ],
            "functions": {
                "unique": {
                    "executed_lines": [
                        68,
                        69,
                        73,
                        74,
                        78
                    ],
                    "summary": {
                        "covered_lines": 5,
                        "num_statements": 5,
                        "percent_covered": 100.0,
                        "percent_covered_display": "100",
                        "missing_lines": 0,
                        "excluded_lines": 1
                    },
                    "missing_lines": [],
                    "excluded_lines": [
                        17
                    ]
                },
                "": {
                    "executed_lines": [
                        1,
                        3,
                        5,
                        10,
                        13
                    ],
                    "summary": {
                        "covered_lines": 5,
                        "num_statements": 5,
                        "percent_covered": 100.0,
                        "percent_covered_display": "100",
                        "missing_lines": 0,
                        "excluded_lines": 0
                    },
                    "missing_lines": [],
                    "excluded_lines": []
                }
            },
            "classes": {
                "": {
                    "executed_lines": [
                        1,
                        3,
                        5,
                        10,
                        13,
                        68,
                        69,
                        73,
                        74,
                        78
                    ],
                    "summary": {
                        "covered_lines": 10,
                        "num_statements": 10,
                        "percent_covered": 100.0,
                        "percent_covered_display": "100",
                        "missing_lines": 0,
                        "excluded_lines": 1
                    },
                    "missing_lines": [],
                    "excluded_lines": [
                        17
                    ]
                }
            }
        },
        "pelage/checks/unique_combination_of_columns.py": {
            "executed_lines": [
                1,
                3,
                5,
                10,
                16,
                70,
                71,
                76,
                80,
                81,
                85
            ],
            "summary": {
                "covered_lines": 11,
                "num_statements": 11,
                "percent_covered": 100.0,
                "percent_covered_display": "100",
                "missing_lines": 0,
                "excluded_lines": 1
            },
            "missing_lines": [],
            "excluded_lines": [
                20
            ],
            "functions": {
                "unique_combination_of_columns": {
                    "executed_lines": [
                        70,
                        71,
                        76,
                        80,
                        81,
                        85
                    ],
                    "summary": {
                        "covered_lines": 6,
                        "num_statements": 6,
                        "percent_covered": 100.0,
                        "percent_covered_display": "100",
                        "missing_lines": 0,
                        "excluded_lines": 1
                    },
                    "missing_lines": [],
                    "excluded_lines": [
                        20
                    ]
                },
                "": {
                    "executed_lines": [
                        1,
                        3,
                        5,
                        10,
                        16
                    ],
                    "summary": {
                        "covered_lines": 5,
                        "num_statements": 5,
                        "percent_covered": 100.0,
                        "percent_covered_display": "100",
                        "missing_lines": 0,
                        "excluded_lines": 0
                    },
                    "missing_lines": [],
                    "excluded_lines": []
                }
            },
            "classes": {
                "": {
                    "executed_lines": [
                        1,
                        3,
                        5,
                        10,
                        16,
                        70,
                        71,
                        76,
                        80,
                        81,
                        85
                    ],
                    "summary": {
                        "covered_lines": 11,
                        "num_statements": 11,
                        "percent_covered": 100.0,
                        "percent_covered_display": "100",
                        "missing_lines": 0,
                        "excluded_lines": 1
                    },
                    "missing_lines": [],
                    "excluded_lines": [
                        20
                    ]
                }
            }
        },
        "pelage/types.py": {
            "executed_lines": [
                1,
                3,
                5,
                7,
                8,
                10,
                11,
                14,
                16,
                20,
                24,
                26,
                29,
                30,
                54,
                55,
                56,
                58,
                59,
                61,
                62,
                64
            ],
            "summary": {
                "covered_lines": 20,
                "num_statements": 20,
                "percent_covered": 100.0,
                "percent_covered_display": "100",
                "missing_lines": 0,
                "excluded_lines": 0
            },
            "missing_lines": [],
            "excluded_lines": [],
            "functions": {
                "PolarsAssertError.__init__": {
                    "executed_lines": [
                        55,
                        56
                    ],
                    "summary": {
                        "covered_lines": 2,
                        "num_statements": 2,
                        "percent_covered": 100.0,
                        "percent_covered_display": "100",
                        "missing_lines": 0,
                        "excluded_lines": 0
                    },
                    "missing_lines": [],
                    "excluded_lines": []
                },
                "PolarsAssertError.__str__": {
                    "executed_lines": [
                        59,
                        61,
                        62,
                        64
                    ],
                    "summary": {
                        "covered_lines": 4,
                        "num_statements": 4,
                        "percent_covered": 100.0,
                        "percent_covered_display": "100",
                        "missing_lines": 0,
                        "excluded_lines": 0
                    },
                    "missing_lines": [],
                    "excluded_lines": []
                },
                "": {
                    "executed_lines": [
                        1,
                        3,
                        5,
                        7,
                        8,
                        10,
                        11,
                        14,
                        16,
                        20,
                        24,
                        26,
                        29,
                        30,
                        54,
                        58
                    ],
                    "summary": {
                        "covered_lines": 14,
                        "num_statements": 14,
                        "percent_covered": 100.0,
                        "percent_covered_display": "100",
                        "missing_lines": 0,
                        "excluded_lines": 0
                    },
                    "missing_lines": [],
                    "excluded_lines": []
                }
            },
            "classes": {
                "PolarsAssertError": {
                    "executed_lines": [
                        55,
                        56,
                        59,
                        61,
                        62,
                        64
                    ],
                    "summary": {
                        "covered_lines": 6,
                        "num_statements": 6,
                        "percent_covered": 100.0,
                        "percent_covered_display": "100",
                        "missing_lines": 0,
                        "excluded_lines": 0
                    },
                    "missing_lines": [],
                    "excluded_lines": []
                },
                "": {
                    "executed_lines": [
                        1,
                        3,
                        5,
                        7,
                        8,
                        10,
                        11,
                        14,
                        16,
                        20,
                        24,
                        26,
                        29,
                        30,
                        54,
                        58
                    ],
                    "summary": {
                        "covered_lines": 14,
                        "num_statements": 14,
                        "percent_covered": 100.0,
                        "percent_covered_display": "100",
                        "missing_lines": 0,
                        "excluded_lines": 0
                    },
                    "missing_lines": [],
                    "excluded_lines": []
                }
            }
        },
        "pelage/utils.py": {
            "executed_lines": [
                1,
                3,
                5,
                7,
                10,
                12,
                17,
                22,
                25,
                26,
                27,
                28,
                31,
                35,
                36,
                37,
                38,
                40,
                43,
                46,
                47,
                52
            ],
            "summary": {
                "covered_lines": 21,
                "num_statements": 21,
                "percent_covered": 100.0,
                "percent_covered_display": "100",
                "missing_lines": 0,
                "excluded_lines": 0
            },
            "missing_lines": [],
            "excluded_lines": [],
            "functions": {
                "compare_schema": {
                    "executed_lines": [
                        12,
                        17,
                        22
                    ],
                    "summary": {
                        "covered_lines": 3,
                        "num_statements": 3,
                        "percent_covered": 100.0,
                        "percent_covered_display": "100",
                        "missing_lines": 0,
                        "excluded_lines": 0
                    },
                    "missing_lines": [],
                    "excluded_lines": []
                },
                "_has_sufficient_polars_version": {
                    "executed_lines": [
                        26,
                        27,
                        28
                    ],
                    "summary": {
                        "covered_lines": 3,
                        "num_statements": 3,
                        "percent_covered": 100.0,
                        "percent_covered_display": "100",
                        "missing_lines": 0,
                        "excluded_lines": 0
                    },
                    "missing_lines": [],
                    "excluded_lines": []
                },
                "_sanitize_column_inputs": {
                    "executed_lines": [
                        35,
                        36,
                        37,
                        38,
                        40
                    ],
                    "summary": {
                        "covered_lines": 5,
                        "num_statements": 5,
                        "percent_covered": 100.0,
                        "percent_covered_display": "100",
                        "missing_lines": 0,
                        "excluded_lines": 0
                    },
                    "missing_lines": [],
                    "excluded_lines": []
                },
                "_format_ranges_by_columns": {
                    "executed_lines": [
                        46,
                        47,
                        52
                    ],
                    "summary": {
                        "covered_lines": 3,
                        "num_statements": 3,
                        "percent_covered": 100.0,
                        "percent_covered_display": "100",
                        "missing_lines": 0,
                        "excluded_lines": 0
                    },
                    "missing_lines": [],
                    "excluded_lines": []
                },
                "": {
                    "executed_lines": [
                        1,
                        3,
                        5,
                        7,
                        10,
                        25,
                        31,
                        43
                    ],
                    "summary": {
                        "covered_lines": 7,
                        "num_statements": 7,
                        "percent_covered": 100.0,
                        "percent_covered_display": "100",
                        "missing_lines": 0,
                        "excluded_lines": 0
                    },
                    "missing_lines": [],
                    "excluded_lines": []
                }
            },
            "classes": {
                "": {
                    "executed_lines": [
                        1,
                        3,
                        5,
                        7,
                        10,
                        12,
                        17,
                        22,
                        25,
                        26,
                        27,
                        28,
                        31,
                        35,
                        36,
                        37,
                        38,
                        40,
                        43,
                        46,
                        47,
                        52
                    ],
                    "summary": {
                        "covered_lines": 21,
                        "num_statements": 21,
                        "percent_covered": 100.0,
                        "percent_covered_display": "100",
                        "missing_lines": 0,
                        "excluded_lines": 0
                    },
                    "missing_lines": [],
                    "excluded_lines": []
                }
            }
        }
    },
    "totals": {
        "covered_lines": 385,
        "num_statements": 385,
        "percent_covered": 100.0,
        "percent_covered_display": "100",
        "missing_lines": 0,
        "excluded_lines": 19
    }
}
